#
#  Generated by ALIS on 26/07/18 at 13:59:12
#
#   Running Time (hrs)  = 0.001163
#   Initial Chi-Squared = 81019.966904
#   Bestfit Chi-Squared = 838.079068
#   Degrees-of-Freedom  = 40
#   Num. of Iterations  = 19
#   Convergence Reason  = The relative reduction in the sum of squares is less than atol

run blind False
run nsubpix 20
chisq ftol 1.0E-10
chisq atol 0.001
chisq miniter 10
chisq maxiter 1000
out fits False
out plots CPD56_4feb2018_CII_39193920.pdf
plot dims 3x3
plot labels True
plot fits False

data read
  ../../CPD-56/fits/CPD56.ascii  specid=0  fitrange=[3916,3930]  loadrange=[3915,3931]  resolution=vfwhm(73.100)  columns=[wave,flux,error]  label=
data end

model read
lim gaussian amplitude [None,None]
fix vfwhm value True
fix gaussian dispersion False
 emission
  legendre   933.22537721      23.05321941      specid=0  continuum=True    scale=1.0,1.0
  gaussian   569.42345840      -1.58281916E-04  47.34853795      specid=0      wave=3919.0  IntFlux=True
  gaussian   8.16744947E+03  5.45947397E-05  100.99234816      specid=0      wave=3920.7  IntFlux=True
model end

#
# Errors:
#
#emission
# legendre   3.01880192      7.69438246      specid=0  continuum=True    scale=1.0,1.0
# gaussian   45.93555007      9.08081783E-06  3.08285767      specid=0      wave=3919.0  IntFlux=True
# gaussian   5.15470511E+01  2.49107314E-06  0.64796099      specid=0      wave=3920.7  IntFlux=True

# Convolution Models:
#  vfwhm   73.100      
#
# Errors:
#
# vfwhm   0.000      

# Shift Models:
#  Ashift   0.0000000      
#
# Errors:
#
# Ashift   0.0000000      


###################################################
#                                                 #
#          HERE IS A COPY OF THE INPUT MODEL      #
#                                                 #
###################################################
#
#   run blind False
#   run nsubpix 20
#   chisq ftol 1.0E-10
#   chisq atol 0.001
#   chisq miniter 10
#   chisq maxiter 1000
#   out fits False
#   out plots CPD56_4feb2018_CII_39193920.pdf
#   plot dims 3x3
#   plot labels True
#   plot fits False
#   data read
#     ../../CPD-56/fits/CPD56.ascii   specid=0   fitrange=[3916,3930]   loadrange=[3915,3931]   resolution=vfwhm(73.1)   columns=[wave,flux,error]       label=
#   data end
#   model read
#   lim gaussian amplitude [None,None]
#   fix vfwhm value True
#   fix gaussian dispersion False
#   emission
#       legendre 1000   0.01    scale=[1.0,1.0]   specid=0    continuum=True
#       gaussian    2000    0.00001    35   wave=3919.0   specid=0    IntFlux=True
#       gaussian    2000    0.00001    35   wave=3920.7   specid=0    IntFlux=True
#   model end
#

