#
#  Generated by ALIS on 26/07/18 at 15:03:46
#
#   Running Time (hrs)  = 0.000638
#   Initial Chi-Squared = 304678.680218
#   Bestfit Chi-Squared = 176.291046
#   Degrees-of-Freedom  = 59
#   Num. of Iterations  = 13
#   Convergence Reason  = The relative reduction in the sum of squares is less than atol

run blind False
run nsubpix 20
chisq ftol 1.0E-10
chisq atol 0.001
chisq miniter 10
chisq maxiter 1000
out fits False
out plots CPD56_4feb2018_CII_46184625.pdf
plot dims 3x3
plot labels True
plot fits False

data read
  ../../CPD-56/fits/CPD56.ascii  specid=0  fitrange=[4613,4637]  loadrange=[4613,4637]  resolution=vfwhm(73.100)  columns=[wave,flux,error]  label=
data end

model read
lim gaussian amplitude [None,None]
fix vfwhm value True
fix gaussian dispersion False
 emission
  legendre   1.07949258E+03  19.79745846      specid=0  continuum=True    scale=1.0,1.0
  gaussian   5.93283060E+03  3.74944748E-04  107.42957782      specid=0      wave=4618.4  IntFlux=True
  gaussian   1.00392112E+03  1.57920192E-04  137.99749321      specid=0      wave=4625.6  IntFlux=True
  gaussian   668.89253905      3.30702825E-04  63.66253185      specid=0      wave=4630.0  IntFlux=True
model end

#
# Errors:
#
#emission
# legendre   2.20347852E+00  3.44578447      specid=0  continuum=True    scale=1.0,1.0
# gaussian   3.82651617E+01  2.09948106E-06  0.67935062      specid=0      wave=4618.4  IntFlux=True
# gaussian   4.01907755E+01  1.42163408E-05  6.89402132      specid=0      wave=4625.6  IntFlux=True
# gaussian   23.97946891      6.64602651E-06  2.31051627      specid=0      wave=4630.0  IntFlux=True

# Convolution Models:
#  vfwhm   73.100      
#
# Errors:
#
# vfwhm   0.000      

# Shift Models:
#  Ashift   0.0000000      
#
# Errors:
#
# Ashift   0.0000000      


###################################################
#                                                 #
#          HERE IS A COPY OF THE INPUT MODEL      #
#                                                 #
###################################################
#
#   run blind False
#   run nsubpix 20
#   chisq ftol 1.0E-10
#   chisq atol 0.001
#   chisq miniter 10
#   chisq maxiter 1000
#   out fits False
#   out plots CPD56_4feb2018_CII_46184625.pdf
#   plot dims 3x3
#   plot labels True
#   plot fits False
#   data read
#     ../../CPD-56/fits/CPD56.ascii   specid=0   fitrange=[4613,4637]   loadrange=[4613,4637]   resolution=vfwhm(73.1)   columns=[wave,flux,error]       label=
#   data end
#   model read
#   lim gaussian amplitude [None,None]
#   fix vfwhm value True
#   fix gaussian dispersion False
#   emission
#       legendre 1000   0.01    scale=[1.0,1.0]   specid=0    continuum=True
#       gaussian    200    0.00001    35   wave=4618.4   specid=0    IntFlux=True
#       gaussian    4000    0.00001    35   wave=4625.6   specid=0    IntFlux=True
#       gaussian    1000    0.00001    35   wave=4630.0   specid=0    IntFlux=True
#   model end
#

