#
#  Generated by ALIS on 26/07/18 at 12:58:48
#
#   Running Time (hrs)  = 0.000993
#   Initial Chi-Squared = 1677102.862700
#   Bestfit Chi-Squared = 11564.881587
#   Degrees-of-Freedom  = 86
#   Num. of Iterations  = 23
#   Convergence Reason  = The relative reduction in the sum of squares is less than atol

run blind False
run nsubpix 20
chisq ftol 1.0E-10
chisq atol 0.001
chisq miniter 10
chisq maxiter 1000
out fits False
out plots CPD56_4feb2018_Halpha.pdf
plot dims 3x3
plot labels True
plot fits False

data read
  ../../CPD-56/fits/CPD56.ascii  specid=0  fitrange=[6544,6594]  loadrange=[6555,6571]  resolution=vfwhm(73.100)  columns=[wave,flux,error]  label=OI
data end

model read
lim gaussian amplitude [None,None]
fix vfwhm value True
fix gaussian dispersion False
 emission
  legendre   942.34135122      79.07661803      specid=0  continuum=True    scale=1.0,1.0
  gaussian   3.35564808E+03  2.66045741E-05  38.70535006      specid=0      wave=6548.1  IntFlux=True
  gaussian   8.44187481E+03  1.92230867E-05  35.34321568      specid=0      wave=6562.8  IntFlux=True
  gaussian   -1.26644545E+03  -6.64175753E-04  33.91636131      specid=0      wave=6578.1  IntFlux=True
  gaussian   7.04015903E+03  -1.09962499E-04  55.35926240      specid=0      wave=6578.1  IntFlux=True
  gaussian   4.71326454E+04  8.19298961E-06  91.23925675      specid=0      wave=6583.5  IntFlux=True
model end

#
# Errors:
#
#emission
# legendre   0.91774068      1.87385775      specid=0  continuum=True    scale=1.0,1.0
# gaussian   2.10581857E+01  9.77965675E-07  0.36375713      specid=0      wave=6548.1  IntFlux=True
# gaussian   5.28115267E+01  9.19439443E-07  0.26395542      specid=0      wave=6562.8  IntFlux=True
# gaussian   2.09066946E+01  2.36220399E-06  0.83553531      specid=0      wave=6578.1  IntFlux=True
# gaussian   3.57335877E+01  8.76822748E-07  0.41944822      specid=0      wave=6578.1  IntFlux=True
# gaussian   5.40428476E+01  3.81528375E-07  0.12275995      specid=0      wave=6583.5  IntFlux=True

# Convolution Models:
#  vfwhm   73.100      
#
# Errors:
#
# vfwhm   0.000      

# Shift Models:
#  Ashift   0.0000000      
#
# Errors:
#
# Ashift   0.0000000      


###################################################
#                                                 #
#          HERE IS A COPY OF THE INPUT MODEL      #
#                                                 #
###################################################
#
#   run blind False
#   run nsubpix 20
#   chisq ftol 1.0E-10
#   chisq atol 0.001
#   chisq miniter 10
#   chisq maxiter 1000
#   out fits False
#   out plots CPD56_4feb2018_Halpha.pdf
#   plot dims 3x3
#   plot labels True
#   plot fits False
#   data read
#     ../../CPD-56/fits/CPD56.ascii   specid=0   fitrange=[6544,6594]   loadrange=[6555,6571]   resolution=vfwhm(73.1)   columns=[wave,flux,error]       label=OI
#   data end
#   model read
#   lim gaussian amplitude [None,None]
#   fix vfwhm value True
#   fix gaussian dispersion False
#   emission
#       legendre 1000   0.01    scale=[1.0,1.0]   specid=0    continuum=True
#       gaussian    4000    0.00001    35   wave=6548.1   specid=0    IntFlux=True
#       gaussian    9000    0.00001    35   wave=6562.8   specid=0    IntFlux=True
#       gaussian    -500    -0.0005    35   wave=6578.1   specid=0    IntFlux=True
#       gaussian    7000    0.00001    35   wave=6578.1   specid=0    IntFlux=True
#       gaussian    100000    0.00001    35   wave=6583.5   specid=0    IntFlux=True
#   model end
#

