#
#  Generated by ALIS on 26/07/18 at 16:15:04
#
#   Running Time (hrs)  = 0.000723
#   Initial Chi-Squared = 74214.754164
#   Bestfit Chi-Squared = 642.305125
#   Degrees-of-Freedom  = 39
#   Num. of Iterations  = 16
#   Convergence Reason  = The relative reduction in the sum of squares is less than atol

 run blind False
run nsubpix 20
chisq ftol 1.0E-10
chisq atol 0.001
chisq miniter 10
chisq maxiter 1000
out fits False
out plots CPD56_4feb2018_CII_4921.pdf
plot dims 3x3
plot labels True
plot fits False

data read
  ../../CPD-56/fits/CPD56.ascii  specid=0  fitrange=[4914,4931]  loadrange=[4912,4933]  resolution=vfwhm(73.100)  columns=[wave,flux,error]  label=
data end

model read
lim gaussian amplitude [None,None]
fix vfwhm value True
fix gaussian dispersion False
 emission
  legendre   885.29860043      36.21452276      specid=0  continuum=True    scale=1.0,1.0
  gaussian   -2.57169430E+03  -3.33352816E-04  83.51355053      specid=0      wave=4921.9  IntFlux=True
  gaussian   6.25292029E+03  1.41422344E-04  127.07175528      specid=0      wave=4921.9  IntFlux=True
model end

#
# Errors:
#
#emission
# legendre   2.84154990      4.31162984      specid=0  continuum=True    scale=1.0,1.0
# gaussian   6.72118411E+02  1.36091925E-05  4.81793845      specid=0      wave=4921.9  IntFlux=True
# gaussian   7.03341088E+02  4.62054895E-05  5.52502322      specid=0      wave=4921.9  IntFlux=True

# Convolution Models:
#  vfwhm   73.100      
#
# Errors:
#
# vfwhm   0.000      

# Shift Models:
#  Ashift   0.0000000      
#
# Errors:
#
# Ashift   0.0000000      


###################################################
#                                                 #
#          HERE IS A COPY OF THE INPUT MODEL      #
#                                                 #
###################################################
#
#    run blind False
#   run nsubpix 20
#   chisq ftol 1.0E-10
#   chisq atol 0.001
#   chisq miniter 10
#   chisq maxiter 1000
#   out fits False
#   out plots CPD56_4feb2018_CII_4921.pdf
#   plot dims 3x3
#   plot labels True
#   plot fits False
#   data read
#     ../../CPD-56/fits/CPD56.ascii   specid=0   fitrange=[4914,4931]   loadrange=[4912,4933]   resolution=vfwhm(73.1)   columns=[wave,flux,error]       label=
#   data end
#   model read
#   lim gaussian amplitude [None,None]
#   fix vfwhm value True
#   fix gaussian dispersion False
#   emission
#       legendre 1000   0.01    scale=[1.0,1.0]   specid=0    continuum=True
#       gaussian    -200    -0.0003    30   wave=4921.9   specid=0    IntFlux=True
#       gaussian    3000    0.00001    30   wave=4921.9   specid=0    IntFlux=True
#   model end
#

