#
#  Generated by ALIS on 26/07/18 at 16:12:04
#
#   Running Time (hrs)  = 0.000604
#   Initial Chi-Squared = 17942.296671
#   Bestfit Chi-Squared = 205.443165
#   Degrees-of-Freedom  = 28
#   Num. of Iterations  = 12
#   Convergence Reason  = The relative reduction in the sum of squares is less than atol

 run blind False
run nsubpix 20
chisq ftol 1.0E-10
chisq atol 0.001
chisq miniter 10
chisq maxiter 1000
out fits False
out plots CPD56_4feb2018_Hbeta.pdf
plot dims 3x3
plot labels True
plot fits False

data read
  ../../CPD-56/fits/CPD56.ascii  specid=0  fitrange=[4857,4870]  loadrange=[4850,4875]  resolution=vfwhm(73.100)  columns=[wave,flux,error]  label=
data end

model read
lim gaussian amplitude [None,None]
fix vfwhm value True
fix gaussian dispersion False
 emission
  legendre   841.09734268      -187.08503950      specid=0  continuum=True    scale=1.0,1.0
  gaussian   2.19466191E+03  -1.05994094E-05  49.59139801      specid=0      wave=4861.3  IntFlux=True
  gaussian   2.85032087E+03  -4.13777317E-04  273.18204646      specid=0      wave=4867.1  IntFlux=True
model end

#
# Errors:
#
#emission
# legendre   49.12195732      52.23284922      specid=0  continuum=True    scale=1.0,1.0
# gaussian   3.76824981E+01  1.41073418E-06  0.78114145      specid=0      wave=4861.3  IntFlux=True
# gaussian   1.05421029E+03  6.97095516E-05  43.60080877      specid=0      wave=4867.1  IntFlux=True

# Convolution Models:
#  vfwhm   73.100      
#
# Errors:
#
# vfwhm   0.000      

# Shift Models:
#  Ashift   0.0000000      
#
# Errors:
#
# Ashift   0.0000000      


###################################################
#                                                 #
#          HERE IS A COPY OF THE INPUT MODEL      #
#                                                 #
###################################################
#
#    run blind False
#   run nsubpix 20
#   chisq ftol 1.0E-10
#   chisq atol 0.001
#   chisq miniter 10
#   chisq maxiter 1000
#   out fits False
#   out plots CPD56_4feb2018_Hbeta.pdf
#   plot dims 3x3
#   plot labels True
#   plot fits False
#   data read
#     ../../CPD-56/fits/CPD56.ascii   specid=0   fitrange=[4857,4870]   loadrange=[4850,4875]   resolution=vfwhm(73.1)   columns=[wave,flux,error]       label=
#   data end
#   model read
#   lim gaussian amplitude [None,None]
#   fix vfwhm value True
#   fix gaussian dispersion False
#   emission
#       legendre 1000   0.01    scale=[1.0,1.0]   specid=0    continuum=True
#       gaussian    3000    0.00001    30   wave=4861.3   specid=0    IntFlux=True
#       gaussian    600    0.00001    30   wave=4867.1   specid=0    IntFlux=True 
#   model end
#

