#
#  Generated by ALIS on 26/07/18 at 17:23:37
#
#   Running Time (hrs)  = 0.004133
#   Initial Chi-Squared = 1251003.503421
#   Bestfit Chi-Squared = 15693.825515
#   Degrees-of-Freedom  = 78
#   Num. of Iterations  = 27
#   Convergence Reason  = The relative reduction in the sum of squares is less than atol

run blind False
run nsubpix 20
chisq ftol 1.0E-10
chisq atol 0.001
chisq miniter 10
chisq maxiter 1000
out fits False
out plots CPD56_4feb2018_CII_HeI_5875to5891.pdf
plot dims 3x3
plot labels True
plot fits False

data read
  ../../CPD-56/fits/CPD56.ascii  specid=0  fitrange=[5864,5904]  loadrange=[5864,5904]  resolution=vfwhm(73.100)  columns=[wave,flux,error]  label=
data end

model read
lim gaussian amplitude [None,None]
fix vfwhm value True
fix gaussian dispersion False
 emission
  legendre   1.01867402E+03  130.12324101      specid=0  continuum=True    scale=1.0,1.0
  gaussian   2.19148283E+04  2.09345742E-04  93.04595115      specid=0      wave=5875.6  IntFlux=True
  gaussian   2.12630507E+03  -2.55285144E-04  29.51727595      specid=0      wave=5889.3  IntFlux=True
  gaussian   -1.78918483E+03  3.60507563E-04  0.80712213      specid=0      wave=5889.8  IntFlux=True
  gaussian   1.40368001E+04  6.28819866E-05  79.59261260      specid=0      wave=5891.6  IntFlux=True
model end

#
# Errors:
#
#emission
# legendre   1.08702086E+00  1.88713275      specid=0  continuum=True    scale=1.0,1.0
# gaussian   2.78604450E+01  4.25211094E-07  0.13031067      specid=0      wave=5875.6  IntFlux=True
# gaussian   2.15836299E+01  1.41615112E-06  0.56206922      specid=0      wave=5889.3  IntFlux=True
# gaussian   3.29907481E+03  7.19921872E-06  30.02271846      specid=0      wave=5889.8  IntFlux=True
# gaussian   6.46552148E+01  8.05031466E-07  0.40910700      specid=0      wave=5891.6  IntFlux=True

# Convolution Models:
#  vfwhm   73.100      
#
# Errors:
#
# vfwhm   0.000      

# Shift Models:
#  Ashift   0.0000000      
#
# Errors:
#
# Ashift   0.0000000      


###################################################
#                                                 #
#          HERE IS A COPY OF THE INPUT MODEL      #
#                                                 #
###################################################
#
#   run blind False
#   run nsubpix 20
#   chisq ftol 1.0E-10
#   chisq atol 0.001
#   chisq miniter 10
#   chisq maxiter 1000
#   out fits False
#   out plots CPD56_4feb2018_CII_HeI_5875to5891.pdf
#   plot dims 3x3
#   plot labels True
#   plot fits False
#   data read
#     ../../CPD-56/fits/CPD56.ascii   specid=0   fitrange=[5864,5904]   loadrange=[5864,5904]   resolution=vfwhm(73.1)   columns=[wave,flux,error]       label=
#   data end
#   model read
#   lim gaussian amplitude [None,None]
#   fix vfwhm value True
#   fix gaussian dispersion False
#   emission
#       legendre 1000   0.01    scale=[1.0,1.0]   specid=0    continuum=True
#       gaussian    22000    0.00001    35   wave=5875.6   specid=0    IntFlux=True
#       gaussian    5000    0.00001    35   wave=5889.3   specid=0    IntFlux=True
#       gaussian    5000    0.00001    35   wave=5889.8   specid=0    IntFlux=True
#       gaussian    10000    0.00001    35   wave=5891.6   specid=0    IntFlux=True
#   model end
#

