#
#  Generated by ALIS on 26/07/18 at 15:28:22
#
#   Running Time (hrs)  = 0.001198
#   Initial Chi-Squared = 25834.383822
#   Bestfit Chi-Squared = 4465.158891
#   Degrees-of-Freedom  = 75
#   Num. of Iterations  = 30
#   Convergence Reason  = The relative reduction in the sum of squares is less than atol

run blind False
run nsubpix 20
chisq ftol 1.0E-10
chisq atol 0.001
chisq miniter 10
chisq maxiter 1000
out fits False
out plots CPD56_4feb2018_CII_4727to4747.pdf
plot dims 3x3
plot labels True
plot fits False

data read
  ../../CPD-56/fits/CPD56.ascii  specid=0  fitrange=[4720,4752]  loadrange=[4715,4758]  resolution=vfwhm(73.100)  columns=[wave,flux,error]  label=
data end

model read
lim gaussian amplitude [None,None]
fix vfwhm value True
fix gaussian dispersion False
 emission
  legendre   976.66721493      34.89018018      specid=0  continuum=True    scale=1.0,1.0
  gaussian   -12.59711701      2.94382166E-05  1.00000000E-20  specid=0      wave=4727.4  IntFlux=True
  gaussian   1.04024796E+03  4.94162566E-04  113.62811340      specid=0      wave=4735.5  IntFlux=True
  gaussian   298.41654685      4.23058100E-04  32.48157212      specid=0      wave=4738.0  IntFlux=True
  gaussian   1.11651244E+03  -5.83555624E-05  79.58196974      specid=0      wave=4744.8  IntFlux=True
  gaussian   443.32377614      -1.42538120E-04  47.31077325      specid=0      wave=4747.3  IntFlux=True
model end

#
# Errors:
#
#emission
# legendre   1.01957223      2.30167231      specid=0  continuum=True    scale=1.0,1.0
# gaussian   0.00000000      0.00000000E+00  0.00000000E+00  specid=0      wave=4727.4  IntFlux=True
# gaussian   5.66971980E+01  2.42378241E-05  5.08682736      specid=0      wave=4735.5  IntFlux=True
# gaussian   42.78328456      5.27985938E-06  4.12075189      specid=0      wave=4738.0  IntFlux=True
# gaussian   9.82886711E+01  2.55466578E-05  5.47446670      specid=0      wave=4744.8  IntFlux=True
# gaussian   92.90467512      1.76813870E-05  4.24803937      specid=0      wave=4747.3  IntFlux=True

# Convolution Models:
#  vfwhm   73.100      
#
# Errors:
#
# vfwhm   0.000      

# Shift Models:
#  Ashift   0.0000000      
#
# Errors:
#
# Ashift   0.0000000      


###################################################
#                                                 #
#          HERE IS A COPY OF THE INPUT MODEL      #
#                                                 #
###################################################
#
#   run blind False
#   run nsubpix 20
#   chisq ftol 1.0E-10
#   chisq atol 0.001
#   chisq miniter 10
#   chisq maxiter 1000
#   out fits False
#   out plots CPD56_4feb2018_CII_4727to4747.pdf
#   plot dims 3x3
#   plot labels True
#   plot fits False
#   data read
#     ../../CPD-56/fits/CPD56.ascii   specid=0   fitrange=[4720,4752]   loadrange=[4715,4758]   resolution=vfwhm(73.1)   columns=[wave,flux,error]       label=
#   data end
#   model read
#   lim gaussian amplitude [None,None]
#   fix vfwhm value True
#   fix gaussian dispersion False
#   emission
#       legendre 1000   0.01    scale=[1.0,1.0]   specid=0    continuum=True
#       gaussian    300    0.00001    30   wave=4727.4   specid=0    IntFlux=True
#       gaussian    300    0.00001    30   wave=4735.5   specid=0    IntFlux=True
#       gaussian    700    0.00001    30   wave=4738.0   specid=0    IntFlux=True
#       gaussian    900    0.00001    30   wave=4744.8   specid=0    IntFlux=True
#       gaussian    300    0.00001    30   wave=4747.3   specid=0    IntFlux=True
#   model end
#

