#
#  Generated by ALIS on 25/07/18 at 14:38:06
#
#   Running Time (hrs)  = 0.001510
#   Initial Chi-Squared = 111522.035212
#   Bestfit Chi-Squared = 283.746322
#   Degrees-of-Freedom  = 41
#   Num. of Iterations  = 37
#   Convergence Reason  = The relative reduction in the sum of squares is less than atol

run blind False
run nsubpix 20
chisq ftol 1.0E-10
chisq atol 0.001
chisq miniter 10
chisq maxiter 1000
out fits False
out plots CPD56_4feb2018_HeI_3889.pdf
plot dims 3x3
plot labels True
plot fits False

data read
  ../../CPD-56/fits/CPD56.ascii  specid=0  fitrange=[3880,3895]  loadrange=[3875,3900]  resolution=vfwhm(73.100)  columns=[wave,flux,error]  label=HeI3889
data end

model read
lim gaussian amplitude [None,None]
fix vfwhm value True
fix gaussian dispersion False
 emission
  legendre   905.60433025      -50.21780733      specid=0  continuum=True    scale=1.0,1.0
  gaussian   824.58702581      4.20310079E-05  71.95523273      specid=0      wave=3883.9  IntFlux=True
  gaussian   -804.72696205      -6.51966086E-04  40.05633032      specid=0      wave=3888.6  IntFlux=True
  gaussian   6.89819883E+03  2.16214273E-04  86.54571484      specid=0      wave=3888.6  IntFlux=True
model end

#
# Errors:
#
#emission
# legendre   2.58113968      6.46426040      specid=0  continuum=True    scale=1.0,1.0
# gaussian   43.70295745      1.30118677E-05  3.84437143      specid=0      wave=3883.9  IntFlux=True
# gaussian   36.46361023      5.15459623E-06  1.69465000      specid=0      wave=3888.6  IntFlux=True
# gaussian   2.40777801E+01  9.62566562E-07  0.34752583      specid=0      wave=3888.6  IntFlux=True

# Convolution Models:
#  vfwhm   73.100      
#
# Errors:
#
# vfwhm   0.000      

# Shift Models:
#  Ashift   0.0000000      
#
# Errors:
#
# Ashift   0.0000000      


###################################################
#                                                 #
#          HERE IS A COPY OF THE INPUT MODEL      #
#                                                 #
###################################################
#
#   run blind False
#   run nsubpix 20
#   chisq ftol 1.0E-10
#   chisq atol 0.001
#   chisq miniter 10
#   chisq maxiter 1000
#   out fits False
#   out plots CPD56_4feb2018_HeI_3889.pdf
#   plot dims 3x3
#   plot labels True
#   plot fits False
#   data read
#     ../../CPD-56/fits/CPD56.ascii   specid=0   fitrange=[3880,3895]   loadrange=[3875,3900]   resolution=vfwhm(73.1)   columns=[wave,flux,error]       label=HeI3889
#   data end
#   model read
#   lim gaussian amplitude [None,None]
#   fix vfwhm value True
#   fix gaussian dispersion False
#   emission
#       legendre 1000   0.01    scale=[1.0,1.0]   specid=0    continuum=True
#       gaussian    800    0.00001    35   wave=3883.9   specid=0    IntFlux=True
#       gaussian    -1000    -0.0003    35   wave=3888.6   specid=0    IntFlux=True
#       gaussian    5000    0.00001    35   wave=3888.6   specid=0    IntFlux=True
#   model end
#

