#
#  Generated by ALIS on 26/07/18 at 14:46:07
#
#   Running Time (hrs)  = 0.000542
#   Initial Chi-Squared = 160752.901322
#   Bestfit Chi-Squared = 316.905180
#   Degrees-of-Freedom  = 29
#   Num. of Iterations  = 11
#   Convergence Reason  = The relative reduction in the sum of squares is less than atol

run blind False
run nsubpix 20
chisq ftol 1.0E-10
chisq atol 0.001
chisq miniter 10
chisq maxiter 1000
out fits False
out plots CPD56_4feb2018_HeI_4472.pdf
plot dims 3x3
plot labels True
plot fits False

data read
  ../../CPD-56/fits/CPD56.ascii  specid=0  fitrange=[4466,4478]  loadrange=[4460,4480]  resolution=vfwhm(73.100)  columns=[wave,flux,error]  label=
data end

model read
lim gaussian amplitude [None,None]
fix vfwhm value True
fix gaussian dispersion False
 emission
  legendre   1.04156562E+03  -58.42932315      specid=0  continuum=True    scale=1.0,1.0
  gaussian   -2.57754216E+03  -2.72204969E-04  117.84263036      specid=0      wave=4471.5  IntFlux=True
  gaussian   5.61019697E+03  1.68747294E-04  86.21520326      specid=0      wave=4471.5  IntFlux=True
model end

#
# Errors:
#
#emission
# legendre   1.16316198E+01  21.46703708      specid=0  continuum=True    scale=1.0,1.0
# gaussian   1.62871045E+03  2.16480364E-04  27.10348774      specid=0      wave=4471.5  IntFlux=True
# gaussian   1.52323655E+03  1.66166562E-05  3.61037060      specid=0      wave=4471.5  IntFlux=True

# Convolution Models:
#  vfwhm   73.100      
#
# Errors:
#
# vfwhm   0.000      

# Shift Models:
#  Ashift   0.0000000      
#
# Errors:
#
# Ashift   0.0000000      


###################################################
#                                                 #
#          HERE IS A COPY OF THE INPUT MODEL      #
#                                                 #
###################################################
#
#   run blind False
#   run nsubpix 20
#   chisq ftol 1.0E-10
#   chisq atol 0.001
#   chisq miniter 10
#   chisq maxiter 1000
#   out fits False
#   out plots CPD56_4feb2018_HeI_4472.pdf
#   plot dims 3x3
#   plot labels True
#   plot fits False
#   data read
#     ../../CPD-56/fits/CPD56.ascii   specid=0   fitrange=[4466,4478]   loadrange=[4460,4480]   resolution=vfwhm(73.1)   columns=[wave,flux,error]       label=
#   data end
#   model read
#   lim gaussian amplitude [None,None]
#   fix vfwhm value True
#   fix gaussian dispersion False
#   emission
#       legendre 1000   0.01    scale=[1.0,1.0]   specid=0    continuum=True
#       gaussian    -900    -0.0003    35   wave=4471.5   specid=0    IntFlux=True
#       gaussian    5000    0.00001    35   wave=4471.5   specid=0    IntFlux=True
#   model end
#

