#
#  Generated by ALIS on 26/07/18 at 14:15:34
#
#   Running Time (hrs)  = 0.000873
#   Initial Chi-Squared = 17349.364995
#   Bestfit Chi-Squared = 3.671522
#   Degrees-of-Freedom  = 5
#   Num. of Iterations  = 6
#   Convergence Reason  = The relative reduction in the sum of squares is less than atol

run blind False
run nsubpix 20
chisq ftol 1.0E-10
chisq atol 0.001
chisq miniter 10
chisq maxiter 1000
out fits False
out plots CPD56_4feb2018_Hdelta.pdf
plot dims 3x3
plot labels True
plot fits False

data read
  ../../CPD-56/fits/CPD56.ascii  specid=0  fitrange=[4100,4103]  loadrange=[4100,4105]  resolution=vfwhm(73.100)  columns=[wave,flux,error]  label=OI
data end

model read
lim gaussian amplitude [None,None]
fix vfwhm value True
fix gaussian dispersion False
 emission
  legendre   994.94650741      108.83668013      specid=0  continuum=True    scale=1.0,1.0
  gaussian   143.54541559      1.55284204E-05  28.41596558      specid=0      wave=4101.7  IntFlux=True
model end

#
# Errors:
#
#emission
# legendre   19.29983247      48.92055895      specid=0  continuum=True    scale=1.0,1.0
# gaussian   40.79592496      1.64869266E-05  10.63456711      specid=0      wave=4101.7  IntFlux=True

# Convolution Models:
#  vfwhm   73.100      
#
# Errors:
#
# vfwhm   0.000      

# Shift Models:
#  Ashift   0.0000000      
#
# Errors:
#
# Ashift   0.0000000      


###################################################
#                                                 #
#          HERE IS A COPY OF THE INPUT MODEL      #
#                                                 #
###################################################
#
#   run blind False
#   run nsubpix 20
#   chisq ftol 1.0E-10
#   chisq atol 0.001
#   chisq miniter 10
#   chisq maxiter 1000
#   out fits False
#   out plots CPD56_4feb2018_Hdelta.pdf
#   plot dims 3x3
#   plot labels True
#   plot fits False
#   data read
#     ../../CPD-56/fits/CPD56.ascii   specid=0   fitrange=[4100,4103]   loadrange=[4100,4105]   resolution=vfwhm(73.1)   columns=[wave,flux,error]       label=OI
#   data end
#   model read
#   lim gaussian amplitude [None,None]
#   fix vfwhm value True
#   fix gaussian dispersion False
#   emission
#       legendre 1000   0.01    scale=[1.0,1.0]   specid=0    continuum=True
#       gaussian    1000    0.00001    35   wave=4101.7   specid=0    IntFlux=True
#   model end
#

