#
#  Generated by ALIS on 26/07/18 at 14:20:59
#
#   Running Time (hrs)  = 0.000404
#   Initial Chi-Squared = 435.870954
#   Bestfit Chi-Squared = 5.618659
#   Degrees-of-Freedom  = 4
#   Num. of Iterations  = 8
#   Convergence Reason  = The relative reduction in the sum of squares is less than atol

run blind False
run nsubpix 20
chisq ftol 1.0E-10
chisq atol 0.001
chisq miniter 10
chisq maxiter 1000
out fits False
out plots CPD56_4feb2018_Hgamma.pdf
plot dims 3x3
plot labels True
plot fits False

data read
  ../../CPD-56/fits/CPD56.ascii  specid=0  fitrange=[4339,4341.7]  loadrange=[4335,4345]  resolution=vfwhm(73.100)  columns=[wave,flux,error]  label=
data end

model read
lim gaussian amplitude [None,None]
fix vfwhm value True
fix gaussian dispersion False
 emission
  legendre   1.14778981E+03  41.52054531      specid=0  continuum=True    scale=1.0,1.0
  gaussian   250.28066268      1.00953756E-05  15.34731911      specid=0      wave=4340.5  IntFlux=True
model end

#
# Errors:
#
#emission
# legendre   8.51482704E+00  51.39284815      specid=0  continuum=True    scale=1.0,1.0
# gaussian   26.95617076      6.13970126E-06  5.90434583      specid=0      wave=4340.5  IntFlux=True

# Convolution Models:
#  vfwhm   73.100      
#
# Errors:
#
# vfwhm   0.000      

# Shift Models:
#  Ashift   0.0000000      
#
# Errors:
#
# Ashift   0.0000000      


###################################################
#                                                 #
#          HERE IS A COPY OF THE INPUT MODEL      #
#                                                 #
###################################################
#
#   run blind False
#   run nsubpix 20
#   chisq ftol 1.0E-10
#   chisq atol 0.001
#   chisq miniter 10
#   chisq maxiter 1000
#   out fits False
#   out plots CPD56_4feb2018_Hgamma.pdf
#   plot dims 3x3
#   plot labels True
#   plot fits False
#   data read
#     ../../CPD-56/fits/CPD56.ascii   specid=0   fitrange=[4339,4341.7]   loadrange=[4335,4345]   resolution=vfwhm(73.1)   columns=[wave,flux,error]       label=
#   data end
#   model read
#   lim gaussian amplitude [None,None]
#   fix vfwhm value True
#   fix gaussian dispersion False
#   emission
#       legendre 1000   0.01    scale=[1.0,1.0]   specid=0    continuum=True
#       gaussian    700    0.00001    35   wave=4340.5   specid=0    IntFlux=True
#   model end
#

