#
#  Generated by ALIS on 25/07/18 at 14:29:46
#
#   Running Time (hrs)  = 0.000859
#   Initial Chi-Squared = 8558.749703
#   Bestfit Chi-Squared = 221.222944
#   Degrees-of-Freedom  = 39
#   Num. of Iterations  = 18
#   Convergence Reason  = The relative reduction in the sum of squares is less than atol

run blind False
run nsubpix 20
chisq ftol 1.0E-10
chisq atol 0.001
chisq miniter 10
chisq maxiter 1000
out fits False
out plots CPD56_4feb2018_OII_37263729.pdf
plot dims 3x3
plot labels True
plot fits False

data read
  ../../CPD-56/fits/CPD56.ascii  specid=0  fitrange=[3720,3733]  loadrange=[3719,3734]  resolution=vfwhm(73.100)  columns=[wave,flux,error]  label=OI
data end

model read
lim gaussian amplitude [None,None]
fix vfwhm value True
fix gaussian dispersion False
 emission
  legendre   852.67259501      -34.34396683      specid=0  continuum=True    scale=1.0,1.0
  gaussian   356.87818533      -1.74694845E-04  35.58308526      specid=0      wave=3726.0  IntFlux=True
  gaussian   1.87591342E+03  -1.65547814E-04  72.86301401      specid=0      wave=3728.8  IntFlux=True
model end

#
# Errors:
#
#emission
# legendre   2.76011472      6.32482071      specid=0  continuum=True    scale=1.0,1.0
# gaussian   16.59072186      7.52767110E-06  3.08481674      specid=0      wave=3726.0  IntFlux=True
# gaussian   2.57695644E+01  3.31443393E-06  1.24450330      specid=0      wave=3728.8  IntFlux=True

# Convolution Models:
#  vfwhm   73.100      
#
# Errors:
#
# vfwhm   0.000      

# Shift Models:
#  Ashift   0.0000000      
#
# Errors:
#
# Ashift   0.0000000      


###################################################
#                                                 #
#          HERE IS A COPY OF THE INPUT MODEL      #
#                                                 #
###################################################
#
#   run blind False
#   run nsubpix 20
#   chisq ftol 1.0E-10
#   chisq atol 0.001
#   chisq miniter 10
#   chisq maxiter 1000
#   out fits False
#   out plots CPD56_4feb2018_OII_37263729.pdf
#   plot dims 3x3
#   plot labels True
#   plot fits False
#   data read
#     ../../CPD-56/fits/CPD56.ascii   specid=0   fitrange=[3720,3733]   loadrange=[3719,3734]   resolution=vfwhm(73.1)   columns=[wave,flux,error]       label=OI
#   data end
#   model read
#   lim gaussian amplitude [None,None]
#   fix vfwhm value True
#   fix gaussian dispersion False
#   emission
#       legendre 900   0.01    scale=[1.0,1.0]   specid=0    continuum=True
#       gaussian    1000    0.00001    35   wave=3726.0   specid=0    IntFlux=True
#       gaussian    1000    0.00001    35   wave=3728.8   specid=0    IntFlux=True
#   model end
#

