#
#  Generated by ALIS on 26/07/18 at 16:18:18
#
#   Running Time (hrs)  = 0.000579
#   Initial Chi-Squared = 140812.534262
#   Bestfit Chi-Squared = 2367.940456
#   Degrees-of-Freedom  = 58
#   Num. of Iterations  = 12
#   Convergence Reason  = The relative reduction in the sum of squares is less than atol

 run blind False
run nsubpix 20
chisq ftol 1.0E-10
chisq atol 0.001
chisq miniter 10
chisq maxiter 1000
out fits False
out plots CPD56_4feb2018_HeI_5015.pdf
plot dims 3x3
plot labels True
plot fits False

data read
  ../../CPD-56/fits/CPD56.ascii  specid=0  fitrange=[5000,5024]  loadrange=[5000,5024]  resolution=vfwhm(73.100)  columns=[wave,flux,error]  label=
data end

model read
lim gaussian amplitude [None,None]
fix vfwhm value True
fix gaussian dispersion False
 emission
  legendre   962.01882462      57.46692194      specid=0  continuum=True    scale=1.0,1.0
  gaussian   -726.80351810      -5.99057841E-04  23.05014792      specid=0      wave=5015.6  IntFlux=True
  gaussian   6.27927188E+03  2.09760159E-04  86.91193440      specid=0      wave=5015.6  IntFlux=True
model end

#
# Errors:
#
#emission
# legendre   1.12708025      2.34790408      specid=0  continuum=True    scale=1.0,1.0
# gaussian   9.50001624      1.67657370E-06  0.90015246      specid=0      wave=5015.6  IntFlux=True
# gaussian   2.00927362E+01  9.35284633E-07  0.33054822      specid=0      wave=5015.6  IntFlux=True

# Convolution Models:
#  vfwhm   73.100      
#
# Errors:
#
# vfwhm   0.000      

# Shift Models:
#  Ashift   0.0000000      
#
# Errors:
#
# Ashift   0.0000000      


###################################################
#                                                 #
#          HERE IS A COPY OF THE INPUT MODEL      #
#                                                 #
###################################################
#
#    run blind False
#   run nsubpix 20
#   chisq ftol 1.0E-10
#   chisq atol 0.001
#   chisq miniter 10
#   chisq maxiter 1000
#   out fits False
#   out plots CPD56_4feb2018_HeI_5015.pdf
#   plot dims 3x3
#   plot labels True
#   plot fits False
#   data read
#     ../../CPD-56/fits/CPD56.ascii   specid=0   fitrange=[5000,5024]   loadrange=[5000,5024]   resolution=vfwhm(73.1)   columns=[wave,flux,error]       label=
#   data end
#   model read
#   lim gaussian amplitude [None,None]
#   fix vfwhm value True
#   fix gaussian dispersion False
#   emission
#       legendre 1000   0.01    scale=[1.0,1.0]   specid=0    continuum=True
#       gaussian    -700    -0.0003    30   wave=5015.6   specid=0    IntFlux=True
#       gaussian    5000    0.00001    30   wave=5015.6   specid=0    IntFlux=True
#   model end
#

