#
#  Generated by ALIS on 26/07/18 at 15:23:33
#
#   Running Time (hrs)  = 0.000716
#   Initial Chi-Squared = 95077.298342
#   Bestfit Chi-Squared = 1488.945868
#   Degrees-of-Freedom  = 27
#   Num. of Iterations  = 11
#   Convergence Reason  = The relative reduction in the sum of squares is less than atol

run blind False
run nsubpix 20
chisq ftol 1.0E-10
chisq atol 0.001
chisq miniter 10
chisq maxiter 1000
out fits False
out plots CPD56_4feb2018_HeI_4713.pdf
plot dims 3x3
plot labels True
plot fits False

data read
  ../../CPD-56/fits/CPD56.ascii  specid=0  fitrange=[4710.,4722]  loadrange=[4709.,4725]  resolution=vfwhm(73.100)  columns=[wave,flux,error]  label=HeI_4713
data end

model read
lim gaussian amplitude [None,None]
fix vfwhm value True
fix gaussian dispersion False
 emission
  legendre   931.20044130      -71.09916581      specid=0  continuum=True    scale=1.0,1.0
  gaussian   -2.00000000E+03  -0.00300000      30.00000000      specid=0      wave=4713.2  IntFlux=True
  gaussian   1.88952135E+03  2.65554153E-04  82.99260673      specid=0      wave=4713.2  IntFlux=True
model end

#
# Errors:
#
#emission
# legendre   1.68252076      4.95056199      specid=0  continuum=True    scale=1.0,1.0
# gaussian   0.00000000E+00  0.00000000      0.00000000      specid=0      wave=4713.2  IntFlux=True
# gaussian   1.95764279E+01  2.11945356E-06  0.82739091      specid=0      wave=4713.2  IntFlux=True

# Convolution Models:
#  vfwhm   73.100      
#
# Errors:
#
# vfwhm   0.000      

# Shift Models:
#  Ashift   0.0000000      
#
# Errors:
#
# Ashift   0.0000000      


###################################################
#                                                 #
#          HERE IS A COPY OF THE INPUT MODEL      #
#                                                 #
###################################################
#
#   run blind False
#   run nsubpix 20
#   chisq ftol 1.0E-10
#   chisq atol 0.001
#   chisq miniter 10
#   chisq maxiter 1000
#   out fits False
#   out plots CPD56_4feb2018_HeI_4713.pdf
#   plot dims 3x3
#   plot labels True
#   plot fits False
#   data read
#     ../../CPD-56/fits/CPD56.ascii   specid=0   fitrange=[4710.,4722]   loadrange=[4709.,4725]   resolution=vfwhm(73.1)   columns=[wave,flux,error]       label=HeI_4713
#   data end
#   model read
#   lim gaussian amplitude [None,None]
#   fix vfwhm value True
#   fix gaussian dispersion False
#   emission
#       legendre 1000   0.01    scale=[1.0,1.0]   specid=0    continuum=True
#       gaussian    -2000    -0.003    30   wave=4713.2   specid=0    IntFlux=True
#       gaussian    3000    0.00001    50   wave=4713.2   specid=0    IntFlux=True
#   model end
#

