#
#  Generated by ALIS on 26/07/18 at 14:41:43
#
#   Running Time (hrs)  = 0.000936
#   Initial Chi-Squared = 558939.659633
#   Bestfit Chi-Squared = 1630.583986
#   Degrees-of-Freedom  = 48
#   Num. of Iterations  = 22
#   Convergence Reason  = The relative reduction in the sum of squares is less than atol

run blind False
run nsubpix 20
chisq ftol 1.0E-10
chisq atol 0.001
chisq miniter 10
chisq maxiter 1000
out fits False
out plots CPD56_4feb2018_CII_4409to4417.pdf
plot dims 3x3
plot labels True
plot fits False

data read
  ../../CPD-56/fits/CPD56.ascii  specid=0  fitrange=[4405,4425]  loadrange=[4400,4430]  resolution=vfwhm(73.100)  columns=[wave,flux,error]  label=
data end

model read
lim gaussian amplitude [None,None]
fix vfwhm value True
fix gaussian dispersion False
 emission
  legendre   938.87716784      -21.27688080      specid=0  continuum=True    scale=1.0,1.0
  gaussian   1.31212600E+03  2.62832181E-04  66.30862450      specid=0      wave=4409.2  IntFlux=True
  gaussian   590.35001081      1.38230462E-04  26.20814270      specid=0      wave=4411.2  IntFlux=True
  gaussian   427.90965888      4.47739919E-05  2.98915975      specid=0      wave=4414.9  IntFlux=True
  gaussian   3.45253677E+03  1.45666907E-04  82.16661377      specid=0      wave=4417.0  IntFlux=True
model end

#
# Errors:
#
#emission
# legendre   1.48865666      3.48410182      specid=0  continuum=True    scale=1.0,1.0
# gaussian   8.45690621E+01  1.69253891E-05  3.27394239      specid=0      wave=4409.2  IntFlux=True
# gaussian   77.32492106      5.00493668E-06  2.81212962      specid=0      wave=4411.2  IntFlux=True
# gaussian   11.85947271      2.26143418E-06  7.67266758      specid=0      wave=4414.9  IntFlux=True
# gaussian   1.91802667E+01  1.61478347E-06  0.57701212      specid=0      wave=4417.0  IntFlux=True

# Convolution Models:
#  vfwhm   73.100      
#
# Errors:
#
# vfwhm   0.000      

# Shift Models:
#  Ashift   0.0000000      
#
# Errors:
#
# Ashift   0.0000000      


###################################################
#                                                 #
#          HERE IS A COPY OF THE INPUT MODEL      #
#                                                 #
###################################################
#
#   run blind False
#   run nsubpix 20
#   chisq ftol 1.0E-10
#   chisq atol 0.001
#   chisq miniter 10
#   chisq maxiter 1000
#   out fits False
#   out plots CPD56_4feb2018_CII_4409to4417.pdf
#   plot dims 3x3
#   plot labels True
#   plot fits False
#   data read
#     ../../CPD-56/fits/CPD56.ascii   specid=0   fitrange=[4405,4425]   loadrange=[4400,4430]   resolution=vfwhm(73.1)   columns=[wave,flux,error]       label=
#   data end
#   model read
#   lim gaussian amplitude [None,None]
#   fix vfwhm value True
#   fix gaussian dispersion False
#   emission
#       legendre 1000   0.01    scale=[1.0,1.0]   specid=0    continuum=True
#       gaussian    1000    0.00001    35   wave=4409.2   specid=0    IntFlux=True
#       gaussian    3000    0.00001    35   wave=4411.2   specid=0    IntFlux=True
#       gaussian    1000    0.00001    35   wave=4414.9   specid=0    IntFlux=True
#       gaussian    7000    0.00001    35   wave=4417.0   specid=0    IntFlux=True
#   model end
#

