#
#  Generated by ALIS on 26/07/18 at 14:47:45
#
#   Running Time (hrs)  = 0.000791
#   Initial Chi-Squared = 179583.741499
#   Bestfit Chi-Squared = 1517.763080
#   Degrees-of-Freedom  = 29
#   Num. of Iterations  = 17
#   Convergence Reason  = The relative reduction in the sum of squares is less than atol

run blind False
run nsubpix 20
chisq ftol 1.0E-10
chisq atol 0.001
chisq miniter 10
chisq maxiter 1000
out fits False
out plots CPD56_4feb2018_CII_4368to4376.pdf
plot dims 3x3
plot labels True
plot fits False

data read
  ../../CPD-56/fits/CPD56.ascii  specid=0  fitrange=[4365,4379]  loadrange=[4360,4385]  resolution=vfwhm(73.100)  columns=[wave,flux,error]  label=
data end

model read
lim gaussian amplitude [None,None]
fix vfwhm value True
fix gaussian dispersion False
 emission
  legendre   655.33713478      269.25110564      specid=0  continuum=True    scale=1.0,1.0
  gaussian   3.19871235E+03  -2.56874313E-05  88.48948568      specid=0      wave=4368.1  IntFlux=True
  gaussian   9.64938676E+03  3.46687842E-04  302.20896329      specid=0      wave=4372.4  IntFlux=True
  gaussian   128.84936494      -1.29967962E-05  1.00000000E-20  specid=0      wave=4375.0  IntFlux=True
  gaussian   531.29714774      9.77118755E-05  1.00000000E-20  specid=0      wave=4376.6  IntFlux=True
model end

#
# Errors:
#
#emission
# legendre   56.26047056      70.11763781      specid=0  continuum=True    scale=1.0,1.0
# gaussian   9.19195317E+01  2.59356779E-06  1.34271157      specid=0      wave=4368.1  IntFlux=True
# gaussian   1.22361541E+03  2.40915727E-05  17.81646536      specid=0      wave=4372.4  IntFlux=True
# gaussian   0.00000000      0.00000000E+00  0.00000000E+00  specid=0      wave=4375.0  IntFlux=True
# gaussian   0.00000000      0.00000000E+00  0.00000000E+00  specid=0      wave=4376.6  IntFlux=True

# Convolution Models:
#  vfwhm   73.100      
#
# Errors:
#
# vfwhm   0.000      

# Shift Models:
#  Ashift   0.0000000      
#
# Errors:
#
# Ashift   0.0000000      


###################################################
#                                                 #
#          HERE IS A COPY OF THE INPUT MODEL      #
#                                                 #
###################################################
#
#   run blind False
#   run nsubpix 20
#   chisq ftol 1.0E-10
#   chisq atol 0.001
#   chisq miniter 10
#   chisq maxiter 1000
#   out fits False
#   out plots CPD56_4feb2018_CII_4368to4376.pdf
#   plot dims 3x3
#   plot labels True
#   plot fits False
#   data read
#     ../../CPD-56/fits/CPD56.ascii   specid=0   fitrange=[4365,4379]   loadrange=[4360,4385]   resolution=vfwhm(73.1)   columns=[wave,flux,error]       label=
#   data end
#   model read
#   lim gaussian amplitude [None,None]
#   fix vfwhm value True
#   fix gaussian dispersion False
#   emission
#       legendre 1000   0.01    scale=[1.0,1.0]   specid=0    continuum=True
#       gaussian    3000    0.00001    35   wave=4368.1   specid=0    IntFlux=True
#       gaussian    1000    0.00001    35   wave=4372.4   specid=0    IntFlux=True
#       gaussian    2000    0.00001    35   wave=4375.0   specid=0    IntFlux=True
#       gaussian    3000    0.00001    35   wave=4376.6   specid=0    IntFlux=True
#   model end
#

