#
#  Generated by ALIS on 26/07/18 at 15:29:43
#
#   Running Time (hrs)  = 0.000445
#   Initial Chi-Squared = 109875.904004
#   Bestfit Chi-Squared = 455.875023
#   Degrees-of-Freedom  = 47
#   Num. of Iterations  = 8
#   Convergence Reason  = The relative reduction in the sum of squares is less than atol

run blind False
run nsubpix 20
chisq ftol 1.0E-10
chisq atol 0.001
chisq miniter 10
chisq maxiter 1000
out fits False
out plots CPD56_4feb2018_CII_4803.pdf
plot dims 3x3
plot labels True
plot fits False

data read
  ../../CPD-56/fits/CPD56.ascii  specid=0  fitrange=[4792,4810]  loadrange=[4790,4812]  resolution=vfwhm(73.100)  columns=[wave,flux,error]  label=
data end

model read
lim gaussian amplitude [None,None]
fix vfwhm value True
fix gaussian dispersion False
 emission
  legendre   846.41077885      27.19713132      specid=0  continuum=True    scale=1.0,1.0
  gaussian   2.62816233E+03  3.05779109E-05  90.48446182      specid=0      wave=4802.7  IntFlux=True
model end

#
# Errors:
#
#emission
# legendre   1.04145591      2.44977858      specid=0  continuum=True    scale=1.0,1.0
# gaussian   1.42726738E+01  1.54131123E-06  0.53041546      specid=0      wave=4802.7  IntFlux=True

# Convolution Models:
#  vfwhm   73.100      
#
# Errors:
#
# vfwhm   0.000      

# Shift Models:
#  Ashift   0.0000000      
#
# Errors:
#
# Ashift   0.0000000      


###################################################
#                                                 #
#          HERE IS A COPY OF THE INPUT MODEL      #
#                                                 #
###################################################
#
#   run blind False
#   run nsubpix 20
#   chisq ftol 1.0E-10
#   chisq atol 0.001
#   chisq miniter 10
#   chisq maxiter 1000
#   out fits False
#   out plots CPD56_4feb2018_CII_4803.pdf
#   plot dims 3x3
#   plot labels True
#   plot fits False
#   data read
#     ../../CPD-56/fits/CPD56.ascii   specid=0   fitrange=[4792,4810]   loadrange=[4790,4812]   resolution=vfwhm(73.1)   columns=[wave,flux,error]       label=
#   data end
#   model read
#   lim gaussian amplitude [None,None]
#   fix vfwhm value True
#   fix gaussian dispersion False
#   emission
#       legendre 1000   0.01    scale=[1.0,1.0]   specid=0    continuum=True
#       gaussian    3000    0.00001    30   wave=4802.7   specid=0    IntFlux=True
#   model end
#

