#
#  Generated by ALIS on 26/07/18 at 17:01:21
#
#   Running Time (hrs)  = 0.000473
#   Initial Chi-Squared = 703802.331498
#   Bestfit Chi-Squared = 21171.005385
#   Degrees-of-Freedom  = 166
#   Num. of Iterations  = 8
#   Convergence Reason  = The relative reduction in the sum of squares is less than atol

run blind False
run nsubpix 20
chisq ftol 1.0E-10
chisq atol 0.001
chisq miniter 10
chisq maxiter 1000
out fits False
out plots CPD56_4feb2018_CII_5641to5696.pdf
plot dims 3x3
plot labels True
plot fits False

data read
  ../../CPD-56/fits/CPD56.ascii  specid=0  fitrange=[5635,5710]  loadrange=[5635,5710]  resolution=vfwhm(73.100)  columns=[wave,flux,error]  label=
data end

model read
lim gaussian amplitude [None,None]
fix vfwhm value True
fix gaussian dispersion False
 emission
  legendre   943.50547957      95.35681162      specid=0  continuum=True    scale=1.0,1.0
  gaussian   2.97492188E+03  1.70462547E-04  76.10591148      specid=0      wave=5640.5  IntFlux=True
  gaussian   4.39881548E+03  1.70583169E-04  79.33806140      specid=0      wave=5648.1  IntFlux=True
  gaussian   5.53537772E+03  1.62465580E-04  82.11371791      specid=0      wave=5662.5  IntFlux=True
  gaussian   1.36997468E+04  1.65442232E-04  92.31693572      specid=0      wave=5695.9  IntFlux=True
model end

#
# Errors:
#
#emission
# legendre   0.49498557      1.07235424      specid=0  continuum=True    scale=1.0,1.0
# gaussian   1.25902520E+01  1.03210469E-06  0.36409136      specid=0      wave=5640.5  IntFlux=True
# gaussian   1.25268338E+01  7.80157247E-07  0.26151558      specid=0      wave=5648.1  IntFlux=True
# gaussian   1.23024664E+01  6.78879843E-07  0.21997366      specid=0      wave=5662.5  IntFlux=True
# gaussian   1.61299933E+01  3.99151666E-07  0.12446447      specid=0      wave=5695.9  IntFlux=True

# Convolution Models:
#  vfwhm   73.100      
#
# Errors:
#
# vfwhm   0.000      

# Shift Models:
#  Ashift   0.0000000      
#
# Errors:
#
# Ashift   0.0000000      


###################################################
#                                                 #
#          HERE IS A COPY OF THE INPUT MODEL      #
#                                                 #
###################################################
#
#   run blind False
#   run nsubpix 20
#   chisq ftol 1.0E-10
#   chisq atol 0.001
#   chisq miniter 10
#   chisq maxiter 1000
#   out fits False
#   out plots CPD56_4feb2018_CII_5641to5696.pdf
#   plot dims 3x3
#   plot labels True
#   plot fits False
#   data read
#     ../../CPD-56/fits/CPD56.ascii   specid=0   fitrange=[5635,5710]   loadrange=[5635,5710]   resolution=vfwhm(73.1)   columns=[wave,flux,error]       label=
#   data end
#   model read
#   lim gaussian amplitude [None,None]
#   fix vfwhm value True
#   fix gaussian dispersion False
#   emission
#       legendre 1000   0.01    scale=[1.0,1.0]   specid=0    continuum=True
#       gaussian    1000    0.00001    35   wave=5640.5   specid=0    IntFlux=True
#       gaussian    1500    0.00001    35   wave=5648.1   specid=0    IntFlux=True
#       gaussian    2000    0.00001    35   wave=5662.5   specid=0    IntFlux=True
#       gaussian    5000    0.00001    35   wave=5695.9   specid=0    IntFlux=True
#   model end
#

