#
#  Generated by ALIS on 26/07/18 at 16:53:49
#
#   Running Time (hrs)  = 0.002728
#   Initial Chi-Squared = 1245459.500118
#   Bestfit Chi-Squared = 27148.612684
#   Degrees-of-Freedom  = 134
#   Num. of Iterations  = 36
#   Convergence Reason  = The relative reduction in the sum of squares is less than atol

run blind False
run nsubpix 20
chisq ftol 1.0E-10
chisq atol 0.001
chisq miniter 10
chisq maxiter 1000
out fits False
out plots CPD56_4feb2018_CII_5120to5151.pdf
plot dims 3x3
plot labels True
plot fits False

data read
  ../../CPD-56/fits/CPD56.ascii  specid=0  fitrange=[5100,5167]  loadrange=[5100,5167]  resolution=vfwhm(73.100)  columns=[wave,flux,error]  label=
data end

model read
lim gaussian amplitude [None,None]
fix vfwhm value True
fix gaussian dispersion False
 emission
  legendre   1.06669007E+03  71.60757668      specid=0  continuum=True    scale=1.0,1.0
  gaussian   1.00000000E+03  1.00000000E-05  35.00000000      specid=0      wave=5032.1  IntFlux=True
  gaussian   2.00000000E+03  1.00000000E-05  35.00000000      specid=0      wave=5035.9  IntFlux=True
  gaussian   500.00000000      1.00000000E-05  35.00000000      specid=0      wave=5040.7  IntFlux=True
  gaussian   863.04328937      0.00149460      52.51386728      specid=0      wave=5120.1  IntFlux=True
  gaussian   7.32465200E+03  9.92945406E-06  114.06494218      specid=0      wave=5121.8  IntFlux=True
  gaussian   188.27358156      0.00149187      1.00000000E-20  specid=0      wave=5125.2  IntFlux=True
  gaussian   3.19174294E+03  -0.00245932      94.54396106      specid=0      wave=5127.0  IntFlux=True
  gaussian   473.89680016      1.31973456E-04  22.04578986      specid=0      wave=5132.9  IntFlux=True
  gaussian   5.13856355E+03  1.72395301E-04  71.30488121      specid=0      wave=5133.3  IntFlux=True
  gaussian   698.73289447      4.92686362E-05  36.56718409      specid=0      wave=5137.3  IntFlux=True
  gaussian   1.70535325E+03  8.37899828E-05  50.49938344      specid=0      wave=5139.2  IntFlux=True
  gaussian   77.18888170      -2.37033833E-04  1.00000000E-20  specid=0      wave=5143.5  IntFlux=True
  gaussian   7.02030362E+03  1.24925423E-04  73.36485854      specid=0      wave=5145.2  IntFlux=True
  gaussian   3.07128555E+03  -2.83930026E-05  61.87144660      specid=0      wave=5152.1  IntFlux=True
model end

#
# Errors:
#
#emission
# legendre   7.08135156E-01  0.97339242      specid=0  continuum=True    scale=1.0,1.0
# gaussian   0.00000000E+00  0.00000000E+00  0.00000000      specid=0      wave=5032.1  IntFlux=True
# gaussian   0.00000000E+00  0.00000000E+00  0.00000000      specid=0      wave=5035.9  IntFlux=True
# gaussian   0.00000000      0.00000000E+00  0.00000000      specid=0      wave=5040.7  IntFlux=True
# gaussian   10.43523925      0.00000260      0.93459779      specid=0      wave=5120.1  IntFlux=True
# gaussian   1.70975613E+01  9.50983302E-07  0.33752067      specid=0      wave=5121.8  IntFlux=True
# gaussian   0.00000000      0.00000000      0.00000000E+00  specid=0      wave=5125.2  IntFlux=True
# gaussian   1.44572280E+01  0.00000150      0.50497494      specid=0      wave=5127.0  IntFlux=True
# gaussian   136.66140272      6.88897517E-06  6.04785046      specid=0      wave=5132.9  IntFlux=True
# gaussian   1.04071400E+02  5.89220326E-06  1.48208298      specid=0      wave=5133.3  IntFlux=True
# gaussian   83.09151490      8.82342626E-06  4.25290660      specid=0      wave=5137.3  IntFlux=True
# gaussian   5.71622855E+01  7.20704478E-06  1.49737363      specid=0      wave=5139.2  IntFlux=True
# gaussian   0.00000000      0.00000000E+00  0.00000000E+00  specid=0      wave=5143.5  IntFlux=True
# gaussian   1.42003898E+01  5.50774633E-07  0.19223003      specid=0      wave=5145.2  IntFlux=True
# gaussian   1.14273392E+01  8.97327042E-07  0.30784262      specid=0      wave=5152.1  IntFlux=True

# Convolution Models:
#  vfwhm   73.100      
#
# Errors:
#
# vfwhm   0.000      

# Shift Models:
#  Ashift   0.0000000      
#
# Errors:
#
# Ashift   0.0000000      


###################################################
#                                                 #
#          HERE IS A COPY OF THE INPUT MODEL      #
#                                                 #
###################################################
#
#   run blind False
#   run nsubpix 20
#   chisq ftol 1.0E-10
#   chisq atol 0.001
#   chisq miniter 10
#   chisq maxiter 1000
#   out fits False
#   out plots CPD56_4feb2018_CII_5120to5151.pdf
#   plot dims 3x3
#   plot labels True
#   plot fits False
#   data read
#     ../../CPD-56/fits/CPD56.ascii   specid=0   fitrange=[5100,5167]   loadrange=[5100,5167]   resolution=vfwhm(73.1)   columns=[wave,flux,error]       label=
#   data end
#   model read
#   lim gaussian amplitude [None,None]
#   fix vfwhm value True
#   fix gaussian dispersion False
#   emission
#       legendre 1000   0.01    scale=[1.0,1.0]   specid=0    continuum=True
#       gaussian    1000    0.00001    35   wave=5032.1   specid=0    IntFlux=True
#       gaussian    2000    0.00001    35   wave=5035.9   specid=0    IntFlux=True
#       gaussian    500    0.00001    35   wave=5040.7   specid=0    IntFlux=True
#       gaussian    1000    0.00001    35   wave=5120.1   specid=0    IntFlux=True
#       gaussian    2000    0.00001    35   wave=5121.8   specid=0    IntFlux=True
#       gaussian    5       0.00001    35   wave=5125.2   specid=0    IntFlux=True
#       gaussian    5       0.00001    35   wave=5127.0   specid=0    IntFlux=True
#       gaussian    500     0.00001    35   wave=5132.9   specid=0    IntFlux=True
#       gaussian    500     0.00001    35   wave=5133.3   specid=0    IntFlux=True
#       gaussian    4000    0.00001    35   wave=5137.3   specid=0    IntFlux=True
#       gaussian    5000    0.00001    35   wave=5139.2   specid=0    IntFlux=True
#       gaussian    100    0.00001    35   wave=5143.5   specid=0    IntFlux=True
#       gaussian    7000    0.00001    35   wave=5145.2   specid=0    IntFlux=True
#       gaussian    3000    0.00001    35   wave=5152.1   specid=0    IntFlux=True
#   model end
#

