#
#  Generated by ALIS on 26/07/18 at 16:23:16
#
#   Running Time (hrs)  = 0.000411
#   Initial Chi-Squared = 60674.231194
#   Bestfit Chi-Squared = 150.989915
#   Degrees-of-Freedom  = 46
#   Num. of Iterations  = 7
#   Convergence Reason  = The relative reduction in the sum of squares is less than atol

run blind False
run nsubpix 20
chisq ftol 1.0E-10
chisq atol 0.001
chisq miniter 10
chisq maxiter 1000
out fits False
out plots CPD56_4feb2018_CII_5032to5040.pdf
plot dims 3x3
plot labels True
plot fits False

data read
  ../../CPD-56/fits/CPD56.ascii  specid=0  fitrange=[5024,5045]  loadrange=[5023,5050]  resolution=vfwhm(73.100)  columns=[wave,flux,error]  label=
data end

model read
lim gaussian amplitude [None,None]
fix vfwhm value True
fix gaussian dispersion False
 emission
  legendre   1.06661996E+03  158.67649347      specid=0  continuum=True    scale=1.0,1.0
  gaussian   3.74909133E+03  7.23940192E-05  84.34916376      specid=0      wave=5032.1  IntFlux=True
  gaussian   2.03009882E+03  5.24646696E-05  69.34211740      specid=0      wave=5035.9  IntFlux=True
  gaussian   598.44618505      7.18749296E-05  97.57445662      specid=0      wave=5040.7  IntFlux=True
model end

#
# Errors:
#
#emission
# legendre   4.39431275E+00  7.86597005      specid=0  continuum=True    scale=1.0,1.0
# gaussian   4.61558384E+01  3.47292327E-06  0.93797304      specid=0      wave=5032.1  IntFlux=True
# gaussian   4.18840715E+01  4.25171719E-06  1.47099118      specid=0      wave=5035.9  IntFlux=True
# gaussian   58.37874686      1.20108265E-05  7.18569070      specid=0      wave=5040.7  IntFlux=True

# Convolution Models:
#  vfwhm   73.100      
#
# Errors:
#
# vfwhm   0.000      

# Shift Models:
#  Ashift   0.0000000      
#
# Errors:
#
# Ashift   0.0000000      


###################################################
#                                                 #
#          HERE IS A COPY OF THE INPUT MODEL      #
#                                                 #
###################################################
#
#   run blind False
#   run nsubpix 20
#   chisq ftol 1.0E-10
#   chisq atol 0.001
#   chisq miniter 10
#   chisq maxiter 1000
#   out fits False
#   out plots CPD56_4feb2018_CII_5032to5040.pdf
#   plot dims 3x3
#   plot labels True
#   plot fits False
#   data read
#     ../../CPD-56/fits/CPD56.ascii   specid=0   fitrange=[5024,5045]   loadrange=[5023,5050]   resolution=vfwhm(73.1)   columns=[wave,flux,error]       label=
#   data end
#   model read
#   lim gaussian amplitude [None,None]
#   fix vfwhm value True
#   fix gaussian dispersion False
#   emission
#       legendre 1000   0.01    scale=[1.0,1.0]   specid=0    continuum=True
#       gaussian    3000    0.00001    30   wave=5032.1   specid=0    IntFlux=True
#       gaussian    2000    0.00001    30   wave=5035.9   specid=0    IntFlux=True
#       gaussian    700    0.00001    30   wave=5040.7   specid=0    IntFlux=True
#   model end
#

