#
#  Generated by ALIS on 26/07/18 at 16:57:08
#
#   Running Time (hrs)  = 0.000698
#   Initial Chi-Squared = 17716.289389
#   Bestfit Chi-Squared = 420.679295
#   Degrees-of-Freedom  = 53
#   Num. of Iterations  = 16
#   Convergence Reason  = The relative reduction in the sum of squares is less than atol

run blind False
run nsubpix 20
chisq ftol 1.0E-10
chisq atol 0.001
chisq miniter 10
chisq maxiter 1000
out fits False
out plots CPD56_4feb2018_CII_55355538.pdf
plot dims 3x3
plot labels True
plot fits False

data read
  ../../CPD-56/fits/CPD56.ascii  specid=0  fitrange=[5520,5545]  loadrange=[5520,5545]  resolution=vfwhm(73.100)  columns=[wave,flux,error]  label=
data end

model read
lim gaussian amplitude [None,None]
fix vfwhm value True
fix gaussian dispersion False
 emission
  legendre   906.13475694      18.10592121      specid=0  continuum=True    scale=1.0,1.0
  gaussian   1.25391407E+03  -7.64442588E-05  266.04145988      specid=0      wave=5535.0  IntFlux=True
  gaussian   1.71867417E+03  -2.63398233E-04  92.58131980      specid=0      wave=5538.0  IntFlux=True
model end

#
# Errors:
#
#emission
# legendre   3.68248156      4.73943203      specid=0  continuum=True    scale=1.0,1.0
# gaussian   1.22099713E+02  5.04654756E-05  13.49798481      specid=0      wave=5535.0  IntFlux=True
# gaussian   4.60807161E+01  3.47761489E-06  1.46185001      specid=0      wave=5538.0  IntFlux=True

# Convolution Models:
#  vfwhm   73.100      
#
# Errors:
#
# vfwhm   0.000      

# Shift Models:
#  Ashift   0.0000000      
#
# Errors:
#
# Ashift   0.0000000      


###################################################
#                                                 #
#          HERE IS A COPY OF THE INPUT MODEL      #
#                                                 #
###################################################
#
#   run blind False
#   run nsubpix 20
#   chisq ftol 1.0E-10
#   chisq atol 0.001
#   chisq miniter 10
#   chisq maxiter 1000
#   out fits False
#   out plots CPD56_4feb2018_CII_55355538.pdf
#   plot dims 3x3
#   plot labels True
#   plot fits False
#   data read
#     ../../CPD-56/fits/CPD56.ascii   specid=0   fitrange=[5520,5545]   loadrange=[5520,5545]   resolution=vfwhm(73.1)   columns=[wave,flux,error]       label=
#   data end
#   model read
#   lim gaussian amplitude [None,None]
#   fix vfwhm value True
#   fix gaussian dispersion False
#   emission
#       legendre 1000   0.01    scale=[1.0,1.0]   specid=0    continuum=True
#       gaussian    500    0.00001    35   wave=5535.0   specid=0    IntFlux=True
#       gaussian    500    0.00001    35   wave=5538.0   specid=0    IntFlux=True
#   model end
#

