#
#  Generated by ALIS on 26/07/18 at 14:18:08
#
#   Running Time (hrs)  = 0.000698
#   Initial Chi-Squared = 13762706.307488
#   Bestfit Chi-Squared = 877.111806
#   Degrees-of-Freedom  = 46
#   Num. of Iterations  = 7
#   Convergence Reason  = The relative reduction in the sum of squares is less than atol

run blind False
run nsubpix 20
chisq ftol 1.0E-10
chisq atol 0.001
chisq miniter 10
chisq maxiter 1000
out fits False
out plots CPD56_4feb2018_CII_4267.pdf
plot dims 3x3
plot labels True
plot fits False

data read
  ../../CPD-56/fits/CPD56.ascii  specid=0  fitrange=[4260,4276]  loadrange=[4255,4280]  resolution=vfwhm(73.100)  columns=[wave,flux,error]  label=
data end

model read
lim gaussian amplitude [None,None]
fix vfwhm value True
fix gaussian dispersion False
 emission
  legendre   1.02469581E+03  13.46747345      specid=0  continuum=True    scale=1.0,1.0
  gaussian   2.61248385E+04  8.62956163E-05  100.54967027      specid=0      wave=4267.3  IntFlux=True
model end

#
# Errors:
#
#emission
# legendre   2.29319347E+00  6.04261410      specid=0  continuum=True    scale=1.0,1.0
# gaussian   3.86558313E+01  5.20930832E-07  0.15783766      specid=0      wave=4267.3  IntFlux=True

# Convolution Models:
#  vfwhm   73.100      
#
# Errors:
#
# vfwhm   0.000      

# Shift Models:
#  Ashift   0.0000000      
#
# Errors:
#
# Ashift   0.0000000      


###################################################
#                                                 #
#          HERE IS A COPY OF THE INPUT MODEL      #
#                                                 #
###################################################
#
#   run blind False
#   run nsubpix 20
#   chisq ftol 1.0E-10
#   chisq atol 0.001
#   chisq miniter 10
#   chisq maxiter 1000
#   out fits False
#   out plots CPD56_4feb2018_CII_4267.pdf
#   plot dims 3x3
#   plot labels True
#   plot fits False
#   data read
#     ../../CPD-56/fits/CPD56.ascii   specid=0   fitrange=[4260,4276]   loadrange=[4255,4280]   resolution=vfwhm(73.1)   columns=[wave,flux,error]       label=
#   data end
#   model read
#   lim gaussian amplitude [None,None]
#   fix vfwhm value True
#   fix gaussian dispersion False
#   emission
#       legendre 1000   0.01    scale=[1.0,1.0]   specid=0    continuum=True
#       gaussian    100000    0.00001    35   wave=4267.3   specid=0    IntFlux=True
#   model end
#

