#
#  Generated by ALIS on 26/07/18 at 14:09:58
#
#   Running Time (hrs)  = 0.000825
#   Initial Chi-Squared = 42079.799144
#   Bestfit Chi-Squared = 147.697795
#   Degrees-of-Freedom  = 46
#   Num. of Iterations  = 20
#   Convergence Reason  = The relative reduction in the sum of squares is less than atol

run blind False
run nsubpix 20
chisq ftol 1.0E-10
chisq atol 0.001
chisq miniter 10
chisq maxiter 1000
out fits False
out plots CPD56_4feb2018_HeI_4026.pdf
plot dims 3x3
plot labels True
plot fits False

data read
  ../../CPD-56/fits/CPD56.ascii  specid=0  fitrange=[4020,4036]  loadrange=[4019,4037]  resolution=vfwhm(73.100)  columns=[wave,flux,error]  label=
data end

model read
lim gaussian amplitude [None,None]
fix vfwhm value True
fix gaussian dispersion False
 emission
  legendre   887.82552891      3.90500710      specid=0  continuum=True    scale=1.0,1.0
  gaussian   -5.36998423E+03  -1.52733704E-04  97.31524830      specid=0      wave=4026.2  IntFlux=True
  gaussian   9.01331876E+03  9.09967430E-05  109.82735937      specid=0      wave=4026.2  IntFlux=True
model end

#
# Errors:
#
#emission
# legendre   3.32237110      6.49023708      specid=0  continuum=True    scale=1.0,1.0
# gaussian   2.55998930E+04  1.92985158E-04  30.07823426      specid=0      wave=4026.2  IntFlux=True
# gaussian   2.56347657E+04  5.74985936E-04  28.96805634      specid=0      wave=4026.2  IntFlux=True

# Convolution Models:
#  vfwhm   73.100      
#
# Errors:
#
# vfwhm   0.000      

# Shift Models:
#  Ashift   0.0000000      
#
# Errors:
#
# Ashift   0.0000000      


###################################################
#                                                 #
#          HERE IS A COPY OF THE INPUT MODEL      #
#                                                 #
###################################################
#
#   run blind False
#   run nsubpix 20
#   chisq ftol 1.0E-10
#   chisq atol 0.001
#   chisq miniter 10
#   chisq maxiter 1000
#   out fits False
#   out plots CPD56_4feb2018_HeI_4026.pdf
#   plot dims 3x3
#   plot labels True
#   plot fits False
#   data read
#     ../../CPD-56/fits/CPD56.ascii   specid=0   fitrange=[4020,4036]   loadrange=[4019,4037]   resolution=vfwhm(73.1)   columns=[wave,flux,error]       label=
#   data end
#   model read
#   lim gaussian amplitude [None,None]
#   fix vfwhm value True
#   fix gaussian dispersion False
#   emission
#       legendre 1000   0.01    scale=[1.0,1.0]   specid=0    continuum=True
#       gaussian    -300    -0.0003    35   wave=4026.2   specid=0    IntFlux=True
#       gaussian    2000    0.00001    35   wave=4026.2   specid=0    IntFlux=True
#   model end
#

