#
#  Generated by ALIS on 03/07/18 at 13:52:08
#
#   Running Time (hrs)  = 0.000643
#   Initial Chi-Squared = 10053.655425
#   Bestfit Chi-Squared = 14.888816
#   Degrees-of-Freedom  = 10
#   Num. of Iterations  = 14
#   Convergence Reason  = The relative reduction in the sum of squares is less than atol

run blind False
run nsubpix 20
chisq ftol 1.0E-10
chisq atol 0.001
chisq miniter 10
chisq maxiter 1000
out fits False
out plots J0608_OI_8447.pdf
plot dims 3x3
plot labels True
plot fits False

data read
  ../../j0608/data/spec/J0608_ALIS.ascii  specid=0  fitrange=[8450,8460]  loadrange=[8445,8470]  resolution=vfwhm(92.952vtie)  columns=[wave,flux,error]  label=CII7231+7236
data end

model read
lim gaussian amplitude [None,None]
fix vfwhm value False
fix gaussian dispersion False
 emission
  legendre   6.93750420      -0.06147939      specid=0  continuum=True    scale=1.0,1.0
  gaussian   11.33400915      7.79847231E-04  2.65969278      specid=0      wave=8448.8  IntFlux=True
model end

#
# Errors:
#
#emission
# legendre   0.05008127      0.22448992      specid=0  continuum=True    scale=1.0,1.0
# gaussian   1.65640539      5.40469484E-06  38792.05633625      specid=0      wave=8448.8  IntFlux=True

# Convolution Models:
#  vfwhm   92.952vtie      
#
# Errors:
#
# vfwhm   6902.300vtie      

# Shift Models:
#  Ashift   0.0000000      
#
# Errors:
#
# Ashift   0.0000000      


###################################################
#                                                 #
#          HERE IS A COPY OF THE INPUT MODEL      #
#                                                 #
###################################################
#
#   run blind False
#   run nsubpix 20
#   chisq ftol 1.0E-10
#   chisq atol 0.001
#   chisq miniter 10
#   chisq maxiter 1000
#   out fits False
#   out plots J0608_OI_8447.pdf
#   plot dims 3x3
#   plot labels True
#   plot fits False
#   data read
#     ../../j0608/data/spec/J0608_ALIS.ascii   specid=0   fitrange=[8450,8460]   loadrange=[8445,8470]   resolution=vfwhm(75.0vtie)   columns=[wave,flux,error]       label=CII7231+7236
#   data end
#   model read
#   lim gaussian amplitude [None,None]
#   fix vfwhm value False
#   fix gaussian dispersion False
#   emission
#       legendre 5   0.01    scale=[1.0,1.0]   specid=0    continuum=True
#       gaussian 5   0.0008   20   wave=8448.8   specid=0    IntFlux=True
#   model end
#

