#
#  Generated by ALIS on 03/07/18 at 13:15:02
#
#   Running Time (hrs)  = 0.000582
#   Initial Chi-Squared = 8015.461574
#   Bestfit Chi-Squared = 340.688236
#   Degrees-of-Freedom  = 68
#   Num. of Iterations  = 11
#   Convergence Reason  = The relative reduction in the sum of squares is less than atol

run blind False
run nsubpix 20
chisq ftol 1.0E-10
chisq atol 0.001
chisq miniter 10
chisq maxiter 1000
out fits TestCII.fits
out plots J0608_cII_5641_5648_5669.pdf
plot dims 3x3
plot labels True
plot fits False

data read
  ../../j0608/data/spec/J0608_ALIS.ascii  specid=0  fitrange=[5641,5678]  loadrange=[5635,5687]  resolution=vfwhm(60.558vtie)  columns=[wave,flux,error]  label=CII5641+5648+5669
data end

model read
lim gaussian amplitude [None,None]
fix vfwhm value False
fix gaussian dispersion False
 emission
  legendre   21.89858787      -0.44779640      specid=0  continuum=True    scale=1.0,1.0
  gaussian   amplitude=-9.81517389      redshift=6.40466675E-04  dispersion=18.11102124      specid=0      wave=5642.1  IntFlux=True
  gaussian   amplitude=26.26202649      redshift=7.83151503E-04  dispersion=35.53074084      specid=0      wave=5642.1  IntFlux=True
  gaussian   amplitude=-7.28938498      redshift=6.07092928E-04  dispersion=20.10720219      specid=0      wave=5649.7  IntFlux=True
  gaussian   amplitude=19.89773750      redshift=8.08375340E-04  dispersion=27.81386433      specid=0      wave=5649.7  IntFlux=True
  gaussian   amplitude=-17.96830986      redshift=5.98645686E-04  dispersion=24.49156350      specid=0      wave=5664.1  IntFlux=True
  gaussian   amplitude=30.20854068      redshift=7.71284456E-04  dispersion=47.96033279      specid=0      wave=5664.1  IntFlux=True
model end

#
# Errors:
#
#emission
# legendre   0.02245173      0.06461994      specid=0  continuum=True    scale=1.0,1.0
# gaussian   amplitude=12.27155480      redshift=1.99410805E-05  dispersion=10430.11684165      specid=0      wave=5642.1  IntFlux=True
# gaussian   amplitude=12.43157472      redshift=6.01274846E-05  dispersion=5337.99893417      specid=0      wave=5642.1  IntFlux=True
# gaussian   amplitude=3.84730203      redshift=3.82315791E-05  dispersion=9431.10798534      specid=0      wave=5649.7  IntFlux=True
# gaussian   amplitude=3.86064526      redshift=2.35095123E-05  dispersion=6823.65286435      specid=0      wave=5649.7  IntFlux=True
# gaussian   amplitude=5.96080144      redshift=6.53204861E-06  dispersion=7749.08321350      specid=0      wave=5664.1  IntFlux=True
# gaussian   amplitude=6.09319464      redshift=3.21205569E-05  dispersion=3961.63921228      specid=0      wave=5664.1  IntFlux=True

# Convolution Models:
#  vfwhm   60.558vtie      
#
# Errors:
#
# vfwhm   17414.183vtie      

# Shift Models:
#  Ashift   0.0000000      
#
# Errors:
#
# Ashift   0.0000000      


###################################################
#                                                 #
#          HERE IS A COPY OF THE INPUT MODEL      #
#                                                 #
###################################################
#
#   run blind False
#   run nsubpix 20
#   chisq ftol 1.0E-10
#   chisq atol 0.001
#   chisq miniter 10
#   chisq maxiter 1000
#   out fits TestCII.fits
#   out plots J0608_cII_5641_5648_5669.pdf
#   plot dims 3x3
#   plot labels True
#   plot fits False
#   data read
#     ../../j0608/data/spec/J0608_ALIS.ascii   specid=0   fitrange=[5641,5678]   loadrange=[5635,5687]   resolution=vfwhm(75.0vtie)   columns=[wave,flux,error]       label=CII5641+5648+5669
#   data end
#   model read
#   lim gaussian amplitude [None,None]
#   fix vfwhm value False
#   fix gaussian dispersion False
#   emission
#       legendre 21.0   0.01    scale=[1.0,1.0]   specid=0    continuum=True
#       gaussian amplitude=-3   redshift=0.0005   dispersion=42   wave=5642.1 specid=0    IntFlux=True
#       gaussian amplitude=20.0   redshift=0.0008   dispersion=42   wave=5642.1 specid=0    IntFlux=True
#        gaussian amplitude=-5   redshift=0.0005   dispersion=42   wave=5649.7 specid=0    IntFlux=True
#        gaussian amplitude=20.0   redshift=0.0008   dispersion=42   wave=5649.7 specid=0    IntFlux=True
#       gaussian amplitude=-10.0   redshift=0.0005   dispersion=42   wave=5664.1 specid=0    IntFlux=True
#       gaussian amplitude=20.0   redshift=0.0008   dispersion=42   wave=5664.1 specid=0    IntFlux=True
#   model end
#

