#
#  Generated by ALIS on 28/06/18 at 14:38:16
#
#   Running Time (hrs)  = 0.000645
#   Initial Chi-Squared = 9497.523738
#   Bestfit Chi-Squared = 424.515039
#   Degrees-of-Freedom  = 15
#   Num. of Iterations  = 12
#   Convergence Reason  = The relative reduction in the sum of squares is less than atol

run blind False
run nsubpix 20
chisq ftol 1.0E-10
chisq atol 0.001
chisq miniter 10
chisq maxiter 1000
out fits False
out plots J0608_CII_6462.pdf
plot dims 3x3
plot labels True
plot fits False

data read
  ../../j0608/data/spec/J0608_ALIS.ascii  specid=0  fitrange=[6464,6474]  loadrange=[6460,6480]  resolution=vfwhm(67.602vtie)  columns=[wave,flux,error]  label=CII_6462
data end

model read
lim gaussian amplitude [None,None]
fix vfwhm value False
fix gaussian dispersion False
 emission
  legendre   16.02987789      1.44314124      specid=0  continuum=True    scale=1.0,1.0
  gaussian   31.41424397      0.00105851      29.40837004      specid=0      wave=6461.9  IntFlux=True
model end

#
# Errors:
#
#emission
# legendre   0.07408274      0.23113287      specid=0  continuum=True    scale=1.0,1.0
# gaussian   0.37978410      0.00000234      80000.61177521      specid=0      wave=6461.9  IntFlux=True

# Convolution Models:
#  vfwhm   67.602vtie      
#
# Errors:
#
# vfwhm   183854.226vtie      

# Shift Models:
#  Ashift   0.0000000      
#
# Errors:
#
# Ashift   0.0000000      


###################################################
#                                                 #
#          HERE IS A COPY OF THE INPUT MODEL      #
#                                                 #
###################################################
#
#   run blind False
#   run nsubpix 20
#   chisq ftol 1.0E-10
#   chisq atol 0.001
#   chisq miniter 10
#   chisq maxiter 1000
#   out fits False
#   out plots J0608_CII_6462.pdf
#   plot dims 3x3
#   plot labels True
#   plot fits False
#   data read
#     ../../j0608/data/spec/J0608_ALIS.ascii   specid=0   fitrange=[6464,6474]   loadrange=[6460,6480]   resolution=vfwhm(75.0vtie)   columns=[wave,flux,error]       label=CII_6462
#   data end
#   model read
#   lim gaussian amplitude [None,None]
#   fix vfwhm value False
#   fix gaussian dispersion False
#   emission
#       legendre 20   0.01    scale=[1.0,1.0]   specid=0    continuum=True
#       gaussian 10   0.0011   20   wave=6461.9   specid=0    IntFlux=True
#   model end
#

