#
#  Generated by ALIS on 24/07/18 at 17:22:10
#
#   Running Time (hrs)  = 0.002104
#   Initial Chi-Squared = 13833.468695
#   Bestfit Chi-Squared = 33.688052
#   Degrees-of-Freedom  = 15
#   Num. of Iterations  = 54
#   Convergence Reason  = The relative reduction in the sum of squares is less than atol

run blind False
run nsubpix 20
chisq ftol 1.0E-10
chisq atol 0.001
chisq miniter 10
chisq maxiter 1000
out fits False
out plots J0608_OI_7777.pdf
plot dims 3x3
plot labels True
plot fits False

data read
  ../../j0608/data/spec/J0608_ALIS.ascii  specid=0  fitrange=[7772,7792]  loadrange=[7770,7795]  resolution=vfwhm(73.100)  columns=[wave,flux,error]  label=OI
data end

model read
lim gaussian amplitude [None,None]
fix vfwhm value True
fix gaussian dispersion False
 emission
  legendre   8.72560497      -0.07213380      specid=0  continuum=True    scale=1.0,1.0
  gaussian   -3.63143213      5.37069029E-04  0.59910463      specid=0      wave=7774.08  IntFlux=True
  gaussian   7.36371449      7.86851857E-04  0.40762610      specid=0      wave=7774.08  IntFlux=True
  gaussian   -20.87540129      4.82984450E-04  55.99706353      specid=0      wave=7776.31  IntFlux=True
  gaussian   13.47105726      9.65754752E-04  24.48316752      specid=0      wave=7776.31  IntFlux=True
  gaussian   6.48333588      8.58149405E-04  1.00000000E-20  specid=0      wave=7777.53  IntFlux=True
  gaussian   2.30764398      8.14091897E-04  33.38984846      specid=0      wave=7782.55  IntFlux=True
model end

#
# Errors:
#
#emission
# legendre   0.06876505      0.14813674      specid=0  continuum=True    scale=1.0,1.0
# gaussian   109.55364825      2.11950246E-04  1034.26162924      specid=0      wave=7774.08  IntFlux=True
# gaussian   8023.82375756      3.01439694E-04  818.64174047      specid=0      wave=7774.08  IntFlux=True
# gaussian   32.31328806      2.09331729E-04  47.76092400      specid=0      wave=7776.31  IntFlux=True
# gaussian   4.43631397      2.48112376E-05  5.16086115      specid=0      wave=7776.31  IntFlux=True
# gaussian   0.00000000      0.00000000E+00  0.00000000E+00  specid=0      wave=7777.53  IntFlux=True
# gaussian   0.65244775      1.38657560E-05  11.38302101      specid=0      wave=7782.55  IntFlux=True

# Convolution Models:
#  vfwhm   73.100      
#
# Errors:
#
# vfwhm   0.000      

# Shift Models:
#  Ashift   0.0000000      
#
# Errors:
#
# Ashift   0.0000000      


###################################################
#                                                 #
#          HERE IS A COPY OF THE INPUT MODEL      #
#                                                 #
###################################################
#
#   run blind False
#   run nsubpix 20
#   chisq ftol 1.0E-10
#   chisq atol 0.001
#   chisq miniter 10
#   chisq maxiter 1000
#   out fits False
#   out plots J0608_OI_7777.pdf
#   plot dims 3x3
#   plot labels True
#   plot fits False
#   data read
#     ../../j0608/data/spec/J0608_ALIS.ascii   specid=0   fitrange=[7772,7792]   loadrange=[7770,7795]   resolution=vfwhm(73.1)   columns=[wave,flux,error]       label=OI
#   data end
#   model read
#   lim gaussian amplitude [None,None]
#   fix vfwhm value True
#   fix gaussian dispersion False
#   emission
#       legendre 9   0.01    scale=[1.0,1.0]   specid=0    continuum=True
#       gaussian    -5    0.0005    20   wave=7774.08   specid=0    IntFlux=True
#       gaussian    5    0.0008    20   wave=7774.08   specid=0    IntFlux=True
#       gaussian    -5    0.0005    20   wave=7776.31   specid=0    IntFlux=True
#       gaussian    5    0.0008    20   wave=7776.31   specid=0    IntFlux=True
#       gaussian    5    0.0008    20   wave=7777.53   specid=0    IntFlux=True
#       gaussian    5    0.0008    20   wave=7782.55   specid=0    IntFlux=True
#   model end
#

