#
#  Generated by ALIS on 12/07/18 at 12:44:37
#
#   Running Time (hrs)  = 0.000516
#   Initial Chi-Squared = 4414.499143
#   Bestfit Chi-Squared = 81.830152
#   Degrees-of-Freedom  = 21
#   Num. of Iterations  = 9
#   Convergence Reason  = The relative reduction in the sum of squares is less than atol

run blind False
run nsubpix 20
chisq ftol 1.0E-10
chisq atol 0.001
chisq miniter 10
chisq maxiter 1000
out fits False
out plots J0608_CII_5340.pdf
plot dims 3x3
plot labels True
plot fits False

data read
  ../../j0608/data/spec/J0608_ALIS.ascii  specid=0  fitrange=[5344,5354]  loadrange=[5340,5360]  resolution=vfwhm(73.100)  columns=[wave,flux,error]  label=CII
data end

model read
lim gaussian amplitude [None,None]
fix vfwhm value True
fix gaussian dispersion False
 emission
  legendre   25.45337885      -0.43643831      specid=0  continuum=True    scale=1.0,1.0
  gaussian   24.82775144      9.58238655E-04  23.52184605      specid=0      wave=5342.96  IntFlux=True
model end

#
# Errors:
#
#emission
# legendre   0.06537824      0.28288664      specid=0  continuum=True    scale=1.0,1.0
# gaussian   0.43828159      2.17759798E-06  1.16464264      specid=0      wave=5342.96  IntFlux=True

# Convolution Models:
#  vfwhm   73.100      
#
# Errors:
#
# vfwhm   0.000      

# Shift Models:
#  Ashift   0.0000000      
#
# Errors:
#
# Ashift   0.0000000      


###################################################
#                                                 #
#          HERE IS A COPY OF THE INPUT MODEL      #
#                                                 #
###################################################
#
#   run blind False
#   run nsubpix 20
#   chisq ftol 1.0E-10
#   chisq atol 0.001
#   chisq miniter 10
#   chisq maxiter 1000
#   out fits False
#   out plots J0608_CII_5340.pdf
#   plot dims 3x3
#   plot labels True
#   plot fits False
#   data read
#     ../../j0608/data/spec/J0608_ALIS.ascii   specid=0   fitrange=[5344,5354]   loadrange=[5340,5360]   resolution=vfwhm(73.1)   columns=[wave,flux,error]       label=CII
#   data end
#   model read
#   lim gaussian amplitude [None,None]
#   fix vfwhm value True
#   fix gaussian dispersion False
#   emission
#       legendre 25   0.01    scale=[1.0,1.0]   specid=0    continuum=True
#       gaussian    20    0.0008    20   wave=5342.96   specid=0    IntFlux=True
#   model end
#

