#
#  Generated by ALIS on 29/06/18 at 13:52:48
#
#   Running Time (hrs)  = 0.001253
#   Initial Chi-Squared = 7764.423912
#   Bestfit Chi-Squared = 73.621455
#   Degrees-of-Freedom  = 42
#   Num. of Iterations  = 29
#   Convergence Reason  = The relative reduction in the sum of squares is less than atol

run blind False
run nsubpix 20
chisq ftol 1.0E-10
chisq atol 0.001
chisq miniter 10
chisq maxiter 1000
out fits False
out plots J0608_CII_4618to4630.pdf
plot dims 3x3
plot labels True
plot fits False

data read
  ../../j0608/data/spec/J0608_ALIS.ascii  specid=0  fitrange=[4618.,4638]  loadrange=[4615.5,4640]  resolution=vfwhm(75.000vtie)  columns=[wave,flux,error]  label=H-gamma
data end

model read
lim gaussian amplitude [None,None]
fix vfwhm value True
fix gaussian dispersion False
 emission
  legendre   41.33586609      0.43995606      specid=0  continuum=True    scale=1.0,1.0
  gaussian   54.03847095      0.00130612      106.93722088      specid=0      wave=4618.4  IntFlux=True
  gaussian   7.11617185      0.00130790      0.41415724      specid=0      wave=4619.2  IntFlux=True
  gaussian   10.49493477      0.00103853      42.31464931      specid=0      wave=4625.6  IntFlux=True
  gaussian   7.83806879      0.00109894      56.69193638      specid=0      wave=4627.4  IntFlux=True
  gaussian   10.71390228      0.00111077      40.07428195      specid=0      wave=4630.0  IntFlux=True
model end

#
# Errors:
#
#emission
# legendre   0.14571304      0.26680251      specid=0  continuum=True    scale=1.0,1.0
# gaussian   1.56934221      0.00000877      2.80310963      specid=0      wave=4618.4  IntFlux=True
# gaussian   3148.45574059      0.00173162      570.96303898      specid=0      wave=4619.2  IntFlux=True
# gaussian   4.00115417      0.00005205      10.60298581      specid=0      wave=4625.6  IntFlux=True
# gaussian   4.79894694      0.00009065      39.62690469      specid=0      wave=4627.4  IntFlux=True
# gaussian   1.85091068      0.00002196      7.66426148      specid=0      wave=4630.0  IntFlux=True

# Convolution Models:
#  vfwhm   75.000vtie      
#
# Errors:
#
# vfwhm   0.000vtie      

# Shift Models:
#  Ashift   0.0000000      
#
# Errors:
#
# Ashift   0.0000000      


###################################################
#                                                 #
#          HERE IS A COPY OF THE INPUT MODEL      #
#                                                 #
###################################################
#
#   run blind False
#   run nsubpix 20
#   chisq ftol 1.0E-10
#   chisq atol 0.001
#   chisq miniter 10
#   chisq maxiter 1000
#   out fits False
#   out plots J0608_CII_4618to4630.pdf
#   plot dims 3x3
#   plot labels True
#   plot fits False
#   data read
#     ../../j0608/data/spec/J0608_ALIS.ascii   specid=0   fitrange=[4618.,4638]   loadrange=[4615.5,4640]   resolution=vfwhm(75.0vtie)   columns=[wave,flux,error]       label=H-gamma
#   data end
#   model read
#   lim gaussian amplitude [None,None]
#   fix vfwhm value True
#   fix gaussian dispersion False
#   emission
#       legendre 40   0.01    scale=[1.0,1.0]   specid=0    continuum=True
#       gaussian 15   0.0011   20   wave=4618.4   specid=0    IntFlux=True
#       gaussian 30   0.0011  20   wave=4619.2   specid=0    IntFlux=True
#       gaussian 10   0.0011   20   wave=4625.6   specid=0    IntFlux=True
#       gaussian 5   0.0011   20   wave=4627.4   specid=0    IntFlux=True
#       gaussian 10   0.0011   20   wave=4630.0   specid=0    IntFlux=True
#   model end
#

