#
#  Generated by ALIS on 03/07/18 at 13:22:06
#
#   Running Time (hrs)  = 0.006107
#   Initial Chi-Squared = 33116.190785
#   Bestfit Chi-Squared = 1031.601707
#   Degrees-of-Freedom  = 56
#   Num. of Iterations  = 112
#   Convergence Reason  = The relative reduction in the sum of squares is less than atol

run blind False
run nsubpix 20
chisq ftol 1.0E-10
chisq atol 0.001
chisq miniter 10
chisq maxiter 1000
out fits TestCII.fits
out plots J0608_CII_6780_6812.pdf
plot dims 3x3
plot labels True
plot fits False

data read
  ../../j0608/data/spec/J0608_ALIS.ascii  specid=0  fitrange=[6781,6825.1]  loadrange=[6780,6831]  resolution=vfwhm(54.772vtie)  columns=[wave,flux,error]  label=CII6780to6812
data end

model read
lim gaussian amplitude [None,None]
fix vfwhm value False
fix gaussian dispersion False
 emission
  legendre   14.01485885      -0.32069956      specid=0  continuum=True    scale=1.0,1.0
  gaussian   amplitude=-12.13240664      redshift=5.27584942E-04  dispersion=32.84856126      specid=0      wave=6782.5  IntFlux=True
  gaussian   amplitude=13.70653719      redshift=8.08370279E-04  dispersion=26.09940372      specid=0      wave=6782.5  IntFlux=True
  gaussian   amplitude=-7.06963408      redshift=5.72044097E-04  dispersion=11.95241174      specid=0      wave=6785.8  IntFlux=True
  gaussian   amplitude=14.00026359      redshift=8.55986977E-04  dispersion=10.50595286      specid=0      wave=6785.8  IntFlux=True
  gaussian   amplitude=9.13736993      redshift=8.60516242E-04  dispersion=8.82884662      specid=0      wave=6789.0  IntFlux=True
  gaussian   amplitude=-382.19526172      redshift=6.53084354E-04  dispersion=37.19871654      specid=0      wave=6793.4  IntFlux=True
  gaussian   amplitude=392.10117963      redshift=6.59552782E-04  dispersion=38.83697892      specid=0      wave=6793.4  IntFlux=True
  gaussian   amplitude=8.79225592      redshift=7.84633722E-04  dispersion=0.31606944      specid=0      wave=6800.0  IntFlux=True
  gaussian   amplitude=14.45843403      redshift=8.50726671E-04  dispersion=19.44544817      specid=0      wave=6802.6  IntFlux=True
  gaussian   amplitude=9.54611605      redshift=8.13367758E-04  dispersion=20.64134248      specid=0      wave=6814.2  IntFlux=True
model end

#
# Errors:
#
#emission
# legendre   0.01765949      0.04069641      specid=0  continuum=True    scale=1.0,1.0
# gaussian   amplitude=1.58747341      redshift=1.75973739E-05  dispersion=3.42911327      specid=0      wave=6782.5  IntFlux=True
# gaussian   amplitude=2.39736397      redshift=7.79435904E-06  dispersion=5.74043533      specid=0      wave=6782.5  IntFlux=True
# gaussian   amplitude=1.15709353      redshift=9.16005789E-06  dispersion=5.21265124      specid=0      wave=6785.8  IntFlux=True
# gaussian   amplitude=0.25242311      redshift=1.70156987E-06  dispersion=1.65461799      specid=0      wave=6785.8  IntFlux=True
# gaussian   amplitude=0.38432169      redshift=2.94562722E-06  dispersion=2.46803909      specid=0      wave=6789.0  IntFlux=True
# gaussian   amplitude=8776.16145168      redshift=6.72860695E-05  dispersion=20.14514463      specid=0      wave=6793.4  IntFlux=True
# gaussian   amplitude=8776.32819914      redshift=8.39681826E-05  dispersion=17.92924353      specid=0      wave=6793.4  IntFlux=True
# gaussian   amplitude=0.00000000      redshift=6.57625527E-07  dispersion=0.14697299      specid=0      wave=6800.0  IntFlux=True
# gaussian   amplitude=0.16119531      redshift=1.23588251E-06  dispersion=0.90267346      specid=0      wave=6802.6  IntFlux=True
# gaussian   amplitude=0.16558845      redshift=1.84431180E-06  dispersion=1.04475020      specid=0      wave=6814.2  IntFlux=True

# Convolution Models:
#  vfwhm   54.772vtie      
#
# Errors:
#
# vfwhm   1.237vtie      

# Shift Models:
#  Ashift   0.0000000      
#
# Errors:
#
# Ashift   0.0000000      


###################################################
#                                                 #
#          HERE IS A COPY OF THE INPUT MODEL      #
#                                                 #
###################################################
#
#   run blind False
#   run nsubpix 20
#   chisq ftol 1.0E-10
#   chisq atol 0.001
#   chisq miniter 10
#   chisq maxiter 1000
#   out fits TestCII.fits
#   out plots J0608_CII_6780_6812.pdf
#   plot dims 3x3
#   plot labels True
#   plot fits False
#   data read
#     ../../j0608/data/spec/J0608_ALIS.ascii   specid=0   fitrange=[6781,6825.1]   loadrange=[6780,6831]   resolution=vfwhm(75.0vtie)   columns=[wave,flux,error]       label=CII6780to6812
#   data end
#   model read
#   lim gaussian amplitude [None,None]
#   fix vfwhm value False
#   fix gaussian dispersion False
#   emission
#       legendre 15.0   0.01    scale=[1.0,1.0]   specid=0    continuum=True
#       gaussian amplitude=-15.0   redshift=0.0005   dispersion=20   wave=6782.5 specid=0    IntFlux=True
#       gaussian amplitude=15.0   redshift=0.0008   dispersion=20   wave=6782.5 specid=0    IntFlux=True
#       gaussian amplitude=-10   redshift=0.0005   dispersion=20   wave=6785.8 specid=0    IntFlux=True
#       gaussian amplitude=20.0   redshift=0.0008   dispersion=20   wave=6785.8 specid=0    IntFlux=True
#       gaussian amplitude=15.0   redshift=0.0008   dispersion=20   wave=6789.0 specid=0    IntFlux=True
#       gaussian amplitude=-5.0   redshift=0.0005   dispersion=20   wave=6793.4 specid=0    IntFlux=True
#       gaussian amplitude=15.0   redshift=0.0008   dispersion=20   wave=6793.4 specid=0    IntFlux=True
#       gaussian amplitude=10.0   redshift=0.0008   dispersion=20   wave=6800 specid=0    IntFlux=True
#       gaussian amplitude=15.0   redshift=0.0008   dispersion=20   wave=6802.6 specid=0    IntFlux=True
#       gaussian amplitude=10.0   redshift=0.0008   dispersion=20   wave=6814.2 specid=0    IntFlux=True
#   model end
#

