#
#  Generated by ALIS on 19/03/18 at 16:18:12
#
#   Running Time (hrs)  = 0.001118
#   Initial Chi-Squared = 405860.704146
#   Bestfit Chi-Squared = 1339.399476
#   Degrees-of-Freedom  = 44
#   Num. of Iterations  = 16
#   Convergence Reason  = The relative reduction in the sum of squares is less than atol

run blind False
run nsubpix 20
chisq ftol 1.0E-10
chisq atol 0.001
chisq miniter 10
chisq maxiter 1000
out fits False
out plots J0608_dec2017_cII_3919_3921_3923.pdf
plot dims 3x3
plot labels True
plot fits False

data read
  ../../j0608/data/spec/J0608_ALIS.ascii  specid=0  fitrange=[3917.,3930.5]  loadrange=[3915.,3932.0]  resolution=vfwhm(75.000vtie)  columns=[wave,flux,error]  label=CII3919+3921(vac)
  ../../j0608/data/spec/J0608_ALIS.ascii  specid=1  fitrange=[3927,3930.]  loadrange=[3925.,3931.0]  resolution=vfwhm(75.000vtie)  columns=[wave,flux,error]  label=CII3923(vac)
data end

model read
lim gaussian amplitude [None,None]
fix vfwhm value True
 emission
  legendre   52.99902786      1.34439117      specid=0  continuum=True    scale=1.0,1.0
  legendre   62.51890008      82.61148431      specid=1  continuum=True    scale=1.0,1.0
  gaussian   90.43466331      5.38723006E-04  23.04915094      specid=0      wave=3923.0  IntFlux=True
  gaussian   57.86336281      -4.33568554E-04  0.62965031      specid=0      wave=3925.0  IntFlux=True
  gaussian   -84.24494618      5.10504150E-04  61.98234442      specid=1      wave=3928.0  IntFlux=True
model end

#
# Errors:
#
#emission
# legendre   0.08400454      0.22811043      specid=0  continuum=True    scale=1.0,1.0
# legendre   2.09001205      19.35469370      specid=1  continuum=True    scale=1.0,1.0
# gaussian   0.61747337      9.72303973E-07  0.53115726      specid=0      wave=3923.0  IntFlux=True
# gaussian   13.43683238      1.13268640E-06  15.31941392      specid=0      wave=3925.0  IntFlux=True
# gaussian   30.22418157      3.23550206E-05  11.19215671      specid=1      wave=3928.0  IntFlux=True

# Convolution Models:
#  vfwhm   75.000vtie      
#
# Errors:
#
# vfwhm   0.000vtie      

# Shift Models:
#  Ashift   0.0000000      
#
# Errors:
#
# Ashift   0.0000000      


###################################################
#                                                 #
#          HERE IS A COPY OF THE INPUT MODEL      #
#                                                 #
###################################################
#
#   run blind False
#   run nsubpix 20
#   chisq ftol 1.0E-10
#   chisq atol 0.001
#   chisq miniter 10
#   chisq maxiter 1000
#   out fits False
#   out plots J0608_dec2017_cII_3919_3921_3923.pdf
#   plot dims 3x3
#   plot labels True
#   plot fits False
#   data read
#     ../../j0608/data/spec/J0608_ALIS.ascii   specid=0   fitrange=[3917.,3930.5]   loadrange=[3915.,3932.0]   resolution=vfwhm(75.0vtie)   columns=[wave,flux,error]       label=CII3919+3921(vac)
#     ../../j0608/data/spec/J0608_ALIS.ascii   specid=1   fitrange=[3927,3930.]   loadrange=[3925.,3931.0]   resolution=vfwhm(75.0vtie)   columns=[wave,flux,error]       label=CII3923(vac)
#   data end
#   model read
#   lim gaussian amplitude [None,None]
#   fix vfwhm value True
#   emission
#       legendre 15.35   0.01    scale=[1.0,1.0]   specid=0    continuum=True
#       legendre 15.35   0.01    scale=[1.0,1.0]   specid=1    continuum=True
#       gaussian 150.0   0.0005   20.0   wave=3923 specid=0    IntFlux=True
#       gaussian 150.0   0.0005   20.0   wave=3925 specid=0    IntFlux=True
#       gaussian 150.0   0.0005   20.0   wave=3928 specid=1    IntFlux=True
#   model end
#

