#
#  Generated by ALIS on 25/06/18 at 10:11:39
#
#   Running Time (hrs)  = 0.000844
#   Initial Chi-Squared = 21768.968778
#   Bestfit Chi-Squared = 241.056449
#   Degrees-of-Freedom  = 42
#   Num. of Iterations  = 11
#   Convergence Reason  = The relative reduction in the sum of squares is less than atol

run blind False
run nsubpix 20
chisq ftol 1.0E-10
chisq atol 0.001
chisq miniter 10
chisq maxiter 1000
out fits TestCII.fits
out plots J0608_cII_4736to4747.pdf
plot dims 3x3
plot labels True
plot fits True

data read
  ../../j0608/data/spec/J0608_ALIS.ascii  specid=0  fitrange=[4735.5,4755.5]  loadrange=[4735,4757]  resolution=vfwhm(38.432vtie)  columns=[wave,flux,error]  label=CII4736to4737
data end

model read
lim gaussian amplitude [None,None]
fix vfwhm value False
fix gaussian dispersion False
 emission
  legendre   36.76129790      -2.34498800      specid=0  continuum=True    scale=1.0,1.0
  gaussian   amplitude=19.17002521      redshift=0.00105062      dispersion=41.10321580      specid=0      wave=4735.5  IntFlux=True
  gaussian   amplitude=39.62488863      redshift=0.00107972      dispersion=33.87979382      specid=0      wave=4738.0  IntFlux=True
  gaussian   amplitude=63.25722671      redshift=0.00108022      dispersion=34.07004398      specid=0      wave=4744.8  IntFlux=True
  gaussian   amplitude=21.07628567      redshift=0.00106138      dispersion=35.51605182      specid=0      wave=4747.3  IntFlux=True
model end

#
# Errors:
#
#emission
# legendre   0.05443688      0.13028898      specid=0  continuum=True    scale=1.0,1.0
# gaussian   amplitude=0.40867184      redshift=0.00000361      dispersion=1237.86424472      specid=0      wave=4735.5  IntFlux=True
# gaussian   amplitude=0.36769668      redshift=0.00000172      dispersion=1503.37539057      specid=0      wave=4738.0  IntFlux=True
# gaussian   amplitude=0.41409595      redshift=0.00000148      dispersion=1494.67300901      specid=0      wave=4744.8  IntFlux=True
# gaussian   amplitude=0.45369487      redshift=0.00000326      dispersion=1434.33649576      specid=0      wave=4747.3  IntFlux=True

# Convolution Models:
#  vfwhm   38.432vtie      
#
# Errors:
#
# vfwhm   7279.615vtie      

# Shift Models:
#  Ashift   0.0000000      
#
# Errors:
#
# Ashift   0.0000000      


###################################################
#                                                 #
#          HERE IS A COPY OF THE INPUT MODEL      #
#                                                 #
###################################################
#
#   run blind False
#   run nsubpix 20
#   chisq ftol 1.0E-10
#   chisq atol 0.001
#   chisq miniter 10
#   chisq maxiter 1000
#   out fits TestCII.fits
#   out plots J0608_cII_4736to4747.pdf
#   plot dims 3x3
#   plot labels True
#   plot fits True
#   data read
#     ../../j0608/data/spec/J0608_ALIS.ascii   specid=0   fitrange=[4735.5,4755.5]   loadrange=[4735,4757]   resolution=vfwhm(75.0vtie)   columns=[wave,flux,error]       label=CII4736to4737
#   data end
#   model read
#   lim gaussian amplitude [None,None]
#   fix vfwhm value False
#   fix gaussian dispersion False
#   emission
#       legendre 37.0   0.01    scale=[1.0,1.0]   specid=0    continuum=True
#       gaussian amplitude=8.0   redshift=0.00092483108   dispersion=35.0   wave=4735.5 specid=0    IntFlux=True
#       gaussian amplitude=24.0   redshift=0.001063739   dispersion=35.0   wave=4738.0 specid=0    IntFlux=True
#       gaussian amplitude=37.0   redshift=0.001030558   dispersion=35.0   wave=4744.8 specid=0    IntFlux=True
#       gaussian amplitude=11.0   redshift=0.001072256   dispersion=35.0   wave=4747.3 specid=0    IntFlux=True
#   model end
#

