#
#  Generated by ALIS on 12/07/18 at 13:55:35
#
#   Running Time (hrs)  = 0.000793
#   Initial Chi-Squared = 1246891.727939
#   Bestfit Chi-Squared = 11.527551
#   Degrees-of-Freedom  = 8
#   Num. of Iterations  = 18
#   Convergence Reason  = The relative reduction in the sum of squares is less than atol

run blind False
run nsubpix 20
chisq ftol 1.0E-10
chisq atol 0.001
chisq miniter 10
chisq maxiter 1000
out fits False
out plots J0608_HeI_7281.pdf
plot dims 3x3
plot labels True
plot fits False

data read
  ../../j0608/data/spec/J0608_ALIS.ascii  specid=0  fitrange=[7284,7293]  loadrange=[7280,7298]  resolution=vfwhm(73.100)  columns=[wave,flux,error]  label=HeI_7281.3
data end

model read
lim gaussian amplitude [None,None]
fix vfwhm value True
fix gaussian dispersion False
 emission
  legendre   10.04598619      -4.23596610      specid=0  continuum=True    scale=1.0,1.0
  gaussian   -20.67342026      5.65761255E-04  18.30892555      specid=0      wave=7283.3  IntFlux=True
  gaussian   36.83713385      6.95497249E-04  48.89230238      specid=0      wave=7283.3  IntFlux=True
model end

#
# Errors:
#
#emission
# legendre   0.14073828      0.60164295      specid=0  continuum=True    scale=1.0,1.0
# gaussian   6.21682835      5.26224114E-06  5.64434357      specid=0      wave=7283.3  IntFlux=True
# gaussian   7.17484633      2.87830502E-05  3.17125787      specid=0      wave=7283.3  IntFlux=True

# Convolution Models:
#  vfwhm   73.100      
#
# Errors:
#
# vfwhm   0.000      

# Shift Models:
#  Ashift   0.0000000      
#
# Errors:
#
# Ashift   0.0000000      


###################################################
#                                                 #
#          HERE IS A COPY OF THE INPUT MODEL      #
#                                                 #
###################################################
#
#   run blind False
#   run nsubpix 20
#   chisq ftol 1.0E-10
#   chisq atol 0.001
#   chisq miniter 10
#   chisq maxiter 1000
#   out fits False
#   out plots J0608_HeI_7281.pdf
#   plot dims 3x3
#   plot labels True
#   plot fits False
#   data read
#     ../../j0608/data/spec/J0608_ALIS.ascii   specid=0   fitrange=[7284,7293]   loadrange=[7280,7298]   resolution=vfwhm(73.1)   columns=[wave,flux,error]       label=HeI_7281.3
#   data end
#   model read
#   lim gaussian amplitude [None,None]
#   fix vfwhm value True
#   fix gaussian dispersion False
#   emission
#       legendre 50   0.01    scale=[1.0,1.0]   specid=0    continuum=True
#       gaussian    -5    0.0005    20   wave=7283.3   specid=0    IntFlux=True
#       gaussian    20    0.0008    20   wave=7283.3   specid=0    IntFlux=True
#   model end
#

