#
#  Generated by ALIS on 27/06/18 at 14:54:11
#
#   Running Time (hrs)  = 0.000635
#   Initial Chi-Squared = 8909.482064
#   Bestfit Chi-Squared = 943.128845
#   Degrees-of-Freedom  = 9
#   Num. of Iterations  = 8
#   Convergence Reason  = The relative reduction in the sum of squares is less than atol

run blind False
run nsubpix 20
chisq ftol 1.0E-10
chisq atol 0.001
chisq miniter 10
chisq maxiter 1000
out fits False
out plots J0608_NII_6583.pdf
plot dims 3x3
plot labels True
plot fits False

data read
  ../../j0608/data/spec/J0608_ALIS.ascii  specid=0  fitrange=[6587.9,6594.8]  loadrange=[6587.6,6595.1]  resolution=vfwhm(75.000vtie)  columns=[wave,flux,error]  label=NII_6583
data end

model read
lim gaussian amplitude [None,None]
fix vfwhm value True
fix gaussian dispersion False
 emission
  legendre   14.30157978      15.29200840      specid=0  continuum=True    scale=1.0,1.0
  gaussian   143.19037557      0.00105484      26.11396215      specid=0      wave=6583.4  IntFlux=True
model end

#
# Errors:
#
#emission
# legendre   0.12794384      0.48475254      specid=0  continuum=True    scale=1.0,1.0
# gaussian   0.88670241      0.00000054      0.38135288      specid=0      wave=6583.4  IntFlux=True

# Convolution Models:
#  vfwhm   75.000vtie      
#
# Errors:
#
# vfwhm   0.000vtie      

# Shift Models:
#  Ashift   0.0000000      
#
# Errors:
#
# Ashift   0.0000000      


###################################################
#                                                 #
#          HERE IS A COPY OF THE INPUT MODEL      #
#                                                 #
###################################################
#
#   run blind False
#   run nsubpix 20
#   chisq ftol 1.0E-10
#   chisq atol 0.001
#   chisq miniter 10
#   chisq maxiter 1000
#   out fits False
#   out plots J0608_NII_6583.pdf
#   plot dims 3x3
#   plot labels True
#   plot fits False
#   data read
#     ../../j0608/data/spec/J0608_ALIS.ascii   specid=0   fitrange=[6587.9,6594.8]   loadrange=[6587.6,6595.1]   resolution=vfwhm(75.0vtie)   columns=[wave,flux,error]       label=NII_6583
#   data end
#   model read
#   lim gaussian amplitude [None,None]
#   fix vfwhm value True
#   fix gaussian dispersion False
#   emission
#       legendre 20   0.01    scale=[1.0,1.0]   specid=0    continuum=True
#       gaussian 100   0.0011   20   wave=6583.4   specid=0    IntFlux=True
#   model end
#

