#
#  Generated by ALIS on 27/06/18 at 13:18:52
#
#   Running Time (hrs)  = 0.000979
#   Initial Chi-Squared = 2781.175271
#   Bestfit Chi-Squared = 30.908417
#   Degrees-of-Freedom  = 21
#   Num. of Iterations  = 24
#   Convergence Reason  = The relative reduction in the sum of squares is less than atol

run blind False
run nsubpix 20
chisq ftol 1.0E-10
chisq atol 0.001
chisq miniter 10
chisq maxiter 1000
out fits False
out plots J0608_CII_4727to4735.pdf
plot dims 3x3
plot labels True
plot fits False

data read
  ../../j0608/data/spec/J0608_ALIS.ascii  specid=0  fitrange=[4727,4737]  loadrange=[4725.,4737.5]  resolution=vfwhm(75.000vtie)  columns=[wave,flux,error]  label=HeI_4713
data end

model read
lim gaussian amplitude [None,None]
fix vfwhm value True
fix gaussian dispersion False
 emission
  legendre   36.74148605      0.96285665      specid=0  continuum=True    scale=1.0,1.0
  gaussian   11.62721036      0.00103903      94.08975441      specid=0      wave=4727.4  IntFlux=True
  gaussian   92.82215069      0.00137649      1.00000000E-20  specid=0      wave=4734.6  IntFlux=True
model end

#
# Errors:
#
#emission
# legendre   0.11040374      0.23506228      specid=0  continuum=True    scale=1.0,1.0
# gaussian   1.05306788      0.00001790      7.30321337      specid=0      wave=4727.4  IntFlux=True
# gaussian   0.00000000      0.00000000      0.00000000E+00  specid=0      wave=4734.6  IntFlux=True

# Convolution Models:
#  vfwhm   75.000vtie      
#
# Errors:
#
# vfwhm   0.000vtie      

# Shift Models:
#  Ashift   0.0000000      
#
# Errors:
#
# Ashift   0.0000000      


###################################################
#                                                 #
#          HERE IS A COPY OF THE INPUT MODEL      #
#                                                 #
###################################################
#
#   run blind False
#   run nsubpix 20
#   chisq ftol 1.0E-10
#   chisq atol 0.001
#   chisq miniter 10
#   chisq maxiter 1000
#   out fits False
#   out plots J0608_CII_4727to4735.pdf
#   plot dims 3x3
#   plot labels True
#   plot fits False
#   data read
#     ../../j0608/data/spec/J0608_ALIS.ascii   specid=0   fitrange=[4727,4737]   loadrange=[4725.,4737.5]   resolution=vfwhm(75.0vtie)   columns=[wave,flux,error]       label=HeI_4713
#   data end
#   model read
#   lim gaussian amplitude [None,None]
#   fix vfwhm value True
#   fix gaussian dispersion False
#   emission
#       legendre 35   0.01    scale=[1.0,1.0]   specid=0    continuum=True
#       gaussian 5   0.0011   20   wave=4727.4   specid=0    IntFlux=True
#       gaussian 5   0.0011   20   wave=4734.6   specid=0    IntFlux=True
#   model end
#

