#
#  Generated by ALIS on 12/07/18 at 12:35:41
#
#   Running Time (hrs)  = 0.000434
#   Initial Chi-Squared = 1887.290606
#   Bestfit Chi-Squared = 24.679087
#   Degrees-of-Freedom  = 20
#   Num. of Iterations  = 7
#   Convergence Reason  = The relative reduction in the sum of squares is less than atol

run blind False
run nsubpix 20
chisq ftol 1.0E-10
chisq atol 0.001
chisq miniter 10
chisq maxiter 1000
out fits False
out plots J0608_CII_5333t05335.pdf
plot dims 3x3
plot labels True
plot fits False

data read
  ../../j0608/data/spec/J0608_ALIS.ascii  specid=0  fitrange=[5333,5344]  loadrange=[5330,5349]  resolution=vfwhm(73.100)  columns=[wave,flux,error]  label=CII
data end

model read
lim gaussian amplitude [None,None]
fix vfwhm value True
fix gaussian dispersion False
 emission
  legendre   25.56290943      0.89533095      specid=0  continuum=True    scale=1.0,1.0
  gaussian   13.06870640      7.27998213E-04  17.49526167      specid=0      wave=5334.4  IntFlux=True
  gaussian   17.69149434      7.37524132E-04  18.73877413      specid=0      wave=5336.3  IntFlux=True
model end

#
# Errors:
#
#emission
# legendre   0.07374922      0.25472663      specid=0  continuum=True    scale=1.0,1.0
# gaussian   0.58086411      5.69510165E-06  3.33622005      specid=0      wave=5334.4  IntFlux=True
# gaussian   0.62287733      4.33578153E-06  2.52848635      specid=0      wave=5336.3  IntFlux=True

# Convolution Models:
#  vfwhm   73.100      
#
# Errors:
#
# vfwhm   0.000      

# Shift Models:
#  Ashift   0.0000000      
#
# Errors:
#
# Ashift   0.0000000      


###################################################
#                                                 #
#          HERE IS A COPY OF THE INPUT MODEL      #
#                                                 #
###################################################
#
#   run blind False
#   run nsubpix 20
#   chisq ftol 1.0E-10
#   chisq atol 0.001
#   chisq miniter 10
#   chisq maxiter 1000
#   out fits False
#   out plots J0608_CII_5333t05335.pdf
#   plot dims 3x3
#   plot labels True
#   plot fits False
#   data read
#     ../../j0608/data/spec/J0608_ALIS.ascii   specid=0   fitrange=[5333,5344]   loadrange=[5330,5349]   resolution=vfwhm(73.1)   columns=[wave,flux,error]       label=CII
#   data end
#   model read
#   lim gaussian amplitude [None,None]
#   fix vfwhm value True
#   fix gaussian dispersion False
#   emission
#       legendre 25   0.01    scale=[1.0,1.0]   specid=0    continuum=True
#       gaussian    20    0.0008    20   wave=5334.4   specid=0    IntFlux=True
#       gaussian    25    0.0008    20   wave=5336.3   specid=0    IntFlux=True
#   model end
#

