#
#  Generated by ALIS on 27/06/18 at 13:54:36
#
#   Running Time (hrs)  = 0.000771
#   Initial Chi-Squared = 1807.305190
#   Bestfit Chi-Squared = 33.263028
#   Degrees-of-Freedom  = 13
#   Num. of Iterations  = 16
#   Convergence Reason  = The relative reduction in the sum of squares is less than atol

run blind False
run nsubpix 20
chisq ftol 1.0E-10
chisq atol 0.001
chisq miniter 10
chisq maxiter 1000
out fits False
out plots J0608_HeI_5016.pdf
plot dims 3x3
plot labels True
plot fits False

data read
  ../../j0608/data/spec/J0608_ALIS.ascii  specid=0  fitrange=[5017,5025]  loadrange=[5015,5028]  resolution=vfwhm(75.000vtie)  columns=[wave,flux,error]  label=HeI_5016
data end

model read
lim gaussian amplitude [None,None]
fix vfwhm value True
fix gaussian dispersion False
 emission
  legendre   30.75168650      1.10580149      specid=0  continuum=True    scale=1.0,1.0
  gaussian   -108.29356861      9.26355975E-04  28.35008748      specid=0      wave=5015.7  IntFlux=True
  gaussian   142.14235722      0.00101082      33.39062709      specid=0      wave=5015.7  IntFlux=True
model end

#
# Errors:
#
#emission
# legendre   0.10857369      0.37894022      specid=0  continuum=True    scale=1.0,1.0
# gaussian   1210.49953927      1.71516857E-04  30.24529983      specid=0      wave=5015.7  IntFlux=True
# gaussian   1210.96099594      0.00058806      32.28932337      specid=0      wave=5015.7  IntFlux=True

# Convolution Models:
#  vfwhm   75.000vtie      
#
# Errors:
#
# vfwhm   0.000vtie      

# Shift Models:
#  Ashift   0.0000000      
#
# Errors:
#
# Ashift   0.0000000      


###################################################
#                                                 #
#          HERE IS A COPY OF THE INPUT MODEL      #
#                                                 #
###################################################
#
#   run blind False
#   run nsubpix 20
#   chisq ftol 1.0E-10
#   chisq atol 0.001
#   chisq miniter 10
#   chisq maxiter 1000
#   out fits False
#   out plots J0608_HeI_5016.pdf
#   plot dims 3x3
#   plot labels True
#   plot fits False
#   data read
#     ../../j0608/data/spec/J0608_ALIS.ascii   specid=0   fitrange=[5017,5025]   loadrange=[5015,5028]   resolution=vfwhm(75.0vtie)   columns=[wave,flux,error]       label=HeI_5016
#   data end
#   model read
#   lim gaussian amplitude [None,None]
#   fix vfwhm value True
#   fix gaussian dispersion False
#   emission
#       legendre 30   0.01    scale=[1.0,1.0]   specid=0    continuum=True
#       gaussian -15   0.00088   20   wave=5015.7   specid=0    IntFlux=True
#       gaussian 60   0.0011   20   wave=5015.7   specid=0    IntFlux=True
#   model end
#

