#
#  Generated by ALIS on 12/07/18 at 13:51:58
#
#   Running Time (hrs)  = 0.000708
#   Initial Chi-Squared = 60471.485120
#   Bestfit Chi-Squared = 233.637433
#   Degrees-of-Freedom  = 14
#   Num. of Iterations  = 9
#   Convergence Reason  = The relative reduction in the sum of squares is less than atol

run blind False
run nsubpix 20
chisq ftol 1.0E-10
chisq atol 0.001
chisq miniter 10
chisq maxiter 1000
out fits TestCII.fits
out plots J0608_HeI_7065.pdf
plot dims 3x3
plot labels True
plot fits False

data read
  ../../j0608/data/spec/J0608_ALIS.ascii  specid=0  fitrange=[7070,7080]  loadrange=[7068,7090]  resolution=vfwhm(73.100)  columns=[wave,flux,error]  label=HeI7065
data end

model read
lim gaussian amplitude [None,None]
fix vfwhm value True
fix gaussian dispersion False
 emission
  legendre   11.46576017      0.91334336      specid=0  continuum=True    scale=1.0,1.0
  gaussian   57.15645253      8.49890513E-04  20.30661813      specid=0      wave=7067.1  IntFlux=True
model end

#
# Errors:
#
#emission
# legendre   0.04163073      0.19558927      specid=0  continuum=True    scale=1.0,1.0
# gaussian   0.31764127      5.62299124E-07  0.35353318      specid=0      wave=7067.1  IntFlux=True

# Convolution Models:
#  vfwhm   73.100      
#
# Errors:
#
# vfwhm   0.000      

# Shift Models:
#  Ashift   0.0000000      
#
# Errors:
#
# Ashift   0.0000000      


###################################################
#                                                 #
#          HERE IS A COPY OF THE INPUT MODEL      #
#                                                 #
###################################################
#
#   run blind False
#   run nsubpix 20
#   chisq ftol 1.0E-10
#   chisq atol 0.001
#   chisq miniter 10
#   chisq maxiter 1000
#   out fits TestCII.fits
#   out plots J0608_HeI_7065.pdf
#   plot dims 3x3
#   plot labels True
#   plot fits False
#   data read
#     ../../j0608/data/spec/J0608_ALIS.ascii   specid=0   fitrange=[7070,7080]   loadrange=[7068,7090]   resolution=vfwhm(73.1)   columns=[wave,flux,error]       label=HeI7065
#   data end
#   model read
#   lim gaussian amplitude [None,None]
#   fix vfwhm value True
#   fix gaussian dispersion False
#   emission
#       legendre 10.0   0.01    scale=[1.0,1.0]   specid=0    continuum=True
#       gaussian    15.0    0.0008    20   wave=7067.1 specid=0    IntFlux=True
#   model end
#

