#
#  Generated by ALIS on 18/06/18 at 12:56:57
#
#   Running Time (hrs)  = 0.002527
#   Initial Chi-Squared = 345030587168951474911156244704133120.000000
#   Bestfit Chi-Squared = 4429.166806
#   Degrees-of-Freedom  = 600
#   Num. of Iterations  = 26
#   Convergence Reason  = The relative reduction in the sum of squares is less than atol

run blind False
run nsubpix 20
chisq ftol 1.0E-10
chisq atol 0.001
chisq miniter 10
chisq maxiter 1000
out fits False
out plots J0608.pdf
plot dims 3x3
plot labels True
plot fits False

data read
  J0608.dat  specid=0  fitrange=[4850.0,4880.0]  loadrange=[4840.0,4885.0]  resolution=vfwhm(158.061vtie)  columns=[wave,flux,error]  label=Hb4863
  J0608.dat  specid=1  fitrange=[4335.0,4365.0]  loadrange=[4330.0,4370.0]  resolution=vfwhm(158.061vtie)  columns=[wave,flux,error]  label=Hg4342
  J0608.dat  specid=2  fitrange=[4095.0,4120.0]  loadrange=[4090.0,4125.0]  resolution=vfwhm(158.061vtie)  columns=[wave,flux,error]  label=Hd4103
  J0608.dat  specid=3  fitrange=[3955.0,3990.0]  loadrange=[3945.0,3995.0]  resolution=vfwhm(158.061vtie)  columns=[wave,flux,error]  label=Heps3970
  J0608.dat  specid=4  fitrange=[3717.0,3747.0]  loadrange=[3712.0,3752.0]  resolution=vfwhm(158.061vtie)  columns=[wave,flux,error]  label=[OII]3727+3729
data end

model read
lim gaussian amplitude [None,None]
fix vfwhm value False
fix gaussian dispersion True
 emission
  legendre   3.30734479E-15  -3.74947460E-18  specid=0  continuum=True    scale=1.0,1.0
  legendre   4.12024008E-15  -5.94306898E-16  specid=1  continuum=True    scale=1.0,1.0
  legendre   5.21599652E-15  3.81529790E-16  specid=2  continuum=True    scale=1.0,1.0
  legendre   5.69280901E-15  -6.82062793E-18  specid=3  continuum=True    scale=1.0,1.0
  legendre   5.93476804E-15  -2.46560951E-16  specid=4  continuum=True    scale=1.0,1.0
  gaussian   4.67010674E-15  6.49679513E-04ra  10.00000000dh      specid=0      wave=4862.721  IntFlux=True
  gaussian   3.37729604E-15  6.49679513E-04ra  10.00000000dh      specid=1      wave=4341.684  IntFlux=True
  gaussian   1.12225672E-15  6.49679513E-04ra  10.00000000dh      specid=2      wave=4102.891  IntFlux=True
  gaussian   8.69010012E-16  6.49679513E-04ra  10.00000000dh      specid=3      wave=3971.195  IntFlux=True
  gaussian   6.96241057E-15oiia  5.33554306E-04rao  10.00000000do      specid=4      wave=3727.092  IntFlux=True
  gaussian   2.44886060E-15oiib  5.33554306E-04rao  10.00000000do      specid=4      wave=3729.874  IntFlux=True
  variable   9.41127117E-15oiiflux  specid=4    
model end

link read
oiib(oiiflux,oiia) = oiiflux - oiia
link end

#
# Errors:
#
#emission
# legendre   1.16320072E-18  1.68431079E-17  specid=0  continuum=True    scale=1.0,1.0
# legendre   7.97288535E-18  3.82179299E-17  specid=1  continuum=True    scale=1.0,1.0
# legendre   5.77845342E-18  2.67935747E-17  specid=2  continuum=True    scale=1.0,1.0
# legendre   3.20588742E-18  7.60291781E-18  specid=3  continuum=True    scale=1.0,1.0
# legendre   6.42712397E-18  1.46955321E-17  specid=4  continuum=True    scale=1.0,1.0
# gaussian   1.38201357E-16  4.22646402E-06ra  0.00000000dh      specid=0      wave=4862.721  IntFlux=True
# gaussian   1.33230258E-16  4.22646402E-06ra  0.00000000dh      specid=1      wave=4341.684  IntFlux=True
# gaussian   3.76427720E-17  4.22646402E-06ra  0.00000000dh      specid=2      wave=4102.891  IntFlux=True
# gaussian   1.46488911E-16  4.22646402E-06ra  0.00000000dh      specid=3      wave=3971.195  IntFlux=True
# gaussian   3.07107556E-16oiia  6.07350579E-06rao  0.00000000do      specid=4      wave=3727.092  IntFlux=True
# gaussian   0.00000000E+00oiib  6.07350579E-06rao  0.00000000do      specid=4      wave=3729.874  IntFlux=True
# variable   2.76903903E-16oiiflux  specid=4    

# Convolution Models:
#  vfwhm   158.061vtie      
#
# Errors:
#
# vfwhm   0.000vtie      

# Shift Models:
#  Ashift   0.0000000      
#
# Errors:
#
# Ashift   0.0000000      


###################################################
#                                                 #
#          HERE IS A COPY OF THE INPUT MODEL      #
#                                                 #
###################################################
#
#   run blind False
#   run nsubpix 20
#   chisq ftol 1.0E-10
#   chisq atol 0.001
#   chisq miniter 10
#   chisq maxiter 1000
#   out fits False
#   out plots J0608.pdf
#   plot dims 3x3
#   plot labels True
#   plot fits False
#   data read
#     J0608.dat   specid=0   fitrange=[4850.0,4880.0]   loadrange=[4840.0,4885.0]   resolution=vfwhm(150.0vtie)   columns=[wave,flux,error]       label=Hb4863
#     J0608.dat   specid=1   fitrange=[4335.0,4365.0]   loadrange=[4330.0,4370.0]   resolution=vfwhm(150.0vtie)   columns=[wave,flux,error]       label=Hg4342
#     J0608.dat   specid=2   fitrange=[4095.0,4120.0]   loadrange=[4090.0,4125.0]   resolution=vfwhm(150.0vtie)   columns=[wave,flux,error]       label=Hd4103
#     J0608.dat   specid=3   fitrange=[3955.0,3990.0]   loadrange=[3945.0,3995.0]   resolution=vfwhm(150.0vtie)   columns=[wave,flux,error]       label=Heps3970
#     J0608.dat   specid=4   fitrange=[3717.0,3747.0]   loadrange=[3712.0,3752.0]   resolution=vfwhm(150.0vtie)   columns=[wave,flux,error]       label=[OII]3727+3729
#   data end
#   model read
#   lim gaussian amplitude [None,None]
#   fix vfwhm value False
#   fix gaussian dispersion True
#   emission
#       legendre 0.35   0.01    scale=[1.0,1.0]   specid=0    continuum=True
#       legendre 0.5   0.01    scale=[1.0,1.0]   specid=1    continuum=True
#       legendre 0.52   0.01    scale=[1.0,1.0]   specid=2    continuum=True
#       legendre 0.55   0.01    scale=[1.0,1.0]   specid=3    continuum=True
#       legendre 0.6   0.01    scale=[1.0,1.0]   specid=4    continuum=True
#       gaussian 4.5   0.0005ra   10.0dh   wave=4862.721    specid=0    IntFlux=True
#       gaussian 3.0   0.0005ra   10.0dh   wave=4341.684    specid=1    IntFlux=True
#       gaussian 1.0   0.0005ra   10.0dh   wave=4102.891    specid=2    IntFlux=True
#       gaussian 0.9   0.0005ra   10.0dh   wave=3971.195    specid=3    IntFlux=True
#       gaussian 6.5oiia   0.0005rao   10.0do   wave=3727.092    specid=4    IntFlux=True
#       gaussian 9.0oiib   0.0005rao   10.0do   wave=3729.874    specid=4    IntFlux=True
#       variable 16.0oiiflux    specid=4
#   model end
#

