#
#  Generated by ALIS on 03/07/18 at 13:35:10
#
#   Running Time (hrs)  = 0.000838
#   Initial Chi-Squared = 2845.724084
#   Bestfit Chi-Squared = 370.741664
#   Degrees-of-Freedom  = 13
#   Num. of Iterations  = 15
#   Convergence Reason  = The relative reduction in the sum of squares is less than atol

run blind False
run nsubpix 20
chisq ftol 1.0E-10
chisq atol 0.001
chisq miniter 10
chisq maxiter 1000
out fits TestCII.fits
out plots J0608_HBeta.pdf
plot dims 3x3
plot labels True
plot fits False

data read
  ../../j0608/data/spec/J0608_ALIS.ascii  specid=0  fitrange=[4863,4870]  loadrange=[4854,4877]  resolution=vfwhm(91.910vtie)  columns=[wave,flux,error]  label=HBeta
data end

model read
lim gaussian amplitude [None,None]
fix vfwhm value False
fix gaussian dispersion False
 emission
  legendre   31.51708251      5.21283570      specid=0  continuum=True    scale=1.0,1.0
  gaussian   amplitude=50.40594557      redshift=8.74651257E-04  dispersion=39.17124938      specid=0      wave=4862.7  IntFlux=True
model end

#
# Errors:
#
#emission
# legendre   1.57269641      0.84876881      specid=0  continuum=True    scale=1.0,1.0
# gaussian   amplitude=0.82383325      redshift=3.58409358E-06  dispersion=601560.83289964      specid=0      wave=4862.7  IntFlux=True

# Convolution Models:
#  vfwhm   91.910vtie      
#
# Errors:
#
# vfwhm   1411975.637vtie      

# Shift Models:
#  Ashift   0.0000000      
#
# Errors:
#
# Ashift   0.0000000      


###################################################
#                                                 #
#          HERE IS A COPY OF THE INPUT MODEL      #
#                                                 #
###################################################
#
#   run blind False
#   run nsubpix 20
#   chisq ftol 1.0E-10
#   chisq atol 0.001
#   chisq miniter 10
#   chisq maxiter 1000
#   out fits TestCII.fits
#   out plots J0608_HBeta.pdf
#   plot dims 3x3
#   plot labels True
#   plot fits False
#   data read
#     ../../j0608/data/spec/J0608_ALIS.ascii   specid=0   fitrange=[4863,4870]   loadrange=[4854,4877]   resolution=vfwhm(75.0vtie)   columns=[wave,flux,error]       label=HBeta
#   data end
#   model read
#   lim gaussian amplitude [None,None]
#   fix vfwhm value False
#   fix gaussian dispersion False
#   emission
#       legendre 31.0   0.01    scale=[1.0,1.0]   specid=0    continuum=True
#       gaussian amplitude=55.0   redshift=0.0008   dispersion=55.434   wave=4862.7 specid=0    IntFlux=True
#   model end
#

