#
#  Generated by ALIS on 03/07/18 at 13:46:14
#
#   Running Time (hrs)  = 0.001358
#   Initial Chi-Squared = 101289.728994
#   Bestfit Chi-Squared = 107.982494
#   Degrees-of-Freedom  = 15
#   Num. of Iterations  = 34
#   Convergence Reason  = The relative reduction in the sum of squares is less than atol

run blind False
run nsubpix 20
chisq ftol 1.0E-10
chisq atol 0.001
chisq miniter 10
chisq maxiter 1000
out fits False
out plots J0608_HeI_6678.pdf
plot dims 3x3
plot labels True
plot fits False

data read
  ../../j0608/data/spec/J0608_ALIS.ascii  specid=0  fitrange=[6679,6691]  loadrange=[6678,6695]  resolution=vfwhm(1.085E-04vtie)  columns=[wave,flux,error]  label=HeI_5876
data end

model read
lim gaussian amplitude [None,None]
fix vfwhm value False
fix gaussian dispersion False
 emission
  legendre   14.70344868      -0.43821666      specid=0  continuum=True    scale=1.0,1.0
  gaussian   -22.50985674      6.00424798E-04  43.74913534      specid=0      wave=6679.9  IntFlux=True
  gaussian   46.47239602      8.63587256E-04  40.93659805      specid=0      wave=6679.9  IntFlux=True
model end

#
# Errors:
#
#emission
# legendre   0.03630527      0.12088245      specid=0  continuum=True    scale=1.0,1.0
# gaussian   2.78318412      1.63498760E-05  2.16342892      specid=0      wave=6679.9  IntFlux=True
# gaussian   2.76473233      6.78296543E-06  0.87979536      specid=0      wave=6679.9  IntFlux=True

# Convolution Models:
#  vfwhm   1.085E-04vtie  
#
# Errors:
#
# vfwhm   0.000E+00vtie  

# Shift Models:
#  Ashift   0.0000000      
#
# Errors:
#
# Ashift   0.0000000      


###################################################
#                                                 #
#          HERE IS A COPY OF THE INPUT MODEL      #
#                                                 #
###################################################
#
#   run blind False
#   run nsubpix 20
#   chisq ftol 1.0E-10
#   chisq atol 0.001
#   chisq miniter 10
#   chisq maxiter 1000
#   out fits False
#   out plots J0608_HeI_6678.pdf
#   plot dims 3x3
#   plot labels True
#   plot fits False
#   data read
#     ../../j0608/data/spec/J0608_ALIS.ascii   specid=0   fitrange=[6679,6691]   loadrange=[6678,6695]   resolution=vfwhm(75.0vtie)   columns=[wave,flux,error]       label=HeI_5876
#   data end
#   model read
#   lim gaussian amplitude [None,None]
#   fix vfwhm value False
#   fix gaussian dispersion False
#   emission
#       legendre 15   0.01    scale=[1.0,1.0]   specid=0    continuum=True
#       gaussian -15   0.0005   20   wave=6679.9   specid=0    IntFlux=True
#       gaussian 80   0.0008   20   wave=6679.9   specid=0    IntFlux=True
#   model end
#

