#
#  Generated by ALIS on 20/06/18 at 15:41:24
#
#   Running Time (hrs)  = 0.000594
#   Initial Chi-Squared = 106704.195898
#   Bestfit Chi-Squared = 1256.268231
#   Degrees-of-Freedom  = 43
#   Num. of Iterations  = 10
#   Convergence Reason  = The relative reduction in the sum of squares is less than atol

run blind False
run nsubpix 20
chisq ftol 1.0E-10
chisq atol 0.001
chisq miniter 10
chisq maxiter 1000
out fits TestCII.fits
out plots J0608_cII_4267.pdf
plot dims 3x3
plot labels True
plot fits True

data read
  ../../j0608/data/spec/J0608_ALIS.ascii  specid=0  fitrange=[4265,4280]  loadrange=[4263,4283]  resolution=vfwhm(75.000vtie)  columns=[wave,flux,error]  label=CII4267
data end

model read
lim gaussian amplitude [None,None]
fix vfwhm value True
fix gaussian dispersion False
 emission
  legendre   52.04668937      -4.09744609      specid=0  continuum=True    scale=1.0,1.0
  gaussian   amplitude=192.32010224      redshift=0.00117346      dispersion=33.73420455      specid=0      wave=4267.0  IntFlux=True
model end

#
# Errors:
#
#emission
# legendre   0.08903481      0.25896749      specid=0  continuum=True    scale=1.0,1.0
# gaussian   amplitude=0.83642652      redshift=0.00000072      dispersion=0.29572011      specid=0      wave=4267.0  IntFlux=True

# Convolution Models:
#  vfwhm   75.000vtie      
#
# Errors:
#
# vfwhm   0.000vtie      

# Shift Models:
#  Ashift   0.0000000      
#
# Errors:
#
# Ashift   0.0000000      


###################################################
#                                                 #
#          HERE IS A COPY OF THE INPUT MODEL      #
#                                                 #
###################################################
#
#   run blind False
#   run nsubpix 20
#   chisq ftol 1.0E-10
#   chisq atol 0.001
#   chisq miniter 10
#   chisq maxiter 1000
#   out fits TestCII.fits
#   out plots J0608_cII_4267.pdf
#   plot dims 3x3
#   plot labels True
#   plot fits True
#   data read
#     ../../j0608/data/spec/J0608_ALIS.ascii   specid=0   fitrange=[4265,4280]   loadrange=[4263,4283]   resolution=vfwhm(75.0vtie)   columns=[wave,flux,error]       label=CII4267
#   data end
#   model read
#   lim gaussian amplitude [None,None]
#   fix vfwhm value True
#   fix gaussian dispersion False
#   emission
#       legendre 50.0   0.01    scale=[1.0,1.0]   specid=0    continuum=True
#       gaussian amplitude=125.0   redshift=0.00075   dispersion=35.962   wave=4267 specid=0    IntFlux=True
#   model end
#

