#
#  Generated by ALIS on 03/07/18 at 13:45:10
#
#   Running Time (hrs)  = 0.001012
#   Initial Chi-Squared = 10815.817476
#   Bestfit Chi-Squared = 76.882416
#   Degrees-of-Freedom  = 16
#   Num. of Iterations  = 10
#   Convergence Reason  = The relative reduction in the sum of squares is less than atol

run blind False
run nsubpix 20
chisq ftol 1.0E-10
chisq atol 0.001
chisq miniter 10
chisq maxiter 1000
out fits False
out plots J0608_HeI_5876.pdf
plot dims 3x3
plot labels True
plot fits False

data read
  ../../j0608/data/spec/J0608_ALIS.ascii  specid=0  fitrange=[5876,5886]  loadrange=[5873,5889]  resolution=vfwhm(75.000vtie)  columns=[wave,flux,error]  label=HeI_5876
data end

model read
lim gaussian amplitude [None,None]
fix vfwhm value True
fix gaussian dispersion False
 emission
  legendre   21.55035712      3.15552987      specid=0  continuum=True    scale=1.0,1.0
  gaussian   -32.55737546      5.76488361E-04  41.26017804      specid=0      wave=5877.25  IntFlux=True
  gaussian   106.30977460      8.39359221E-04  24.98547986      specid=0      wave=5877.25  IntFlux=True
model end

#
# Errors:
#
#emission
# legendre   0.07494428      0.25656283      specid=0  continuum=True    scale=1.0,1.0
# gaussian   5.77237818      3.02701107E-05  5.22000038      specid=0      wave=5877.25  IntFlux=True
# gaussian   5.69669441      4.03074644E-06  0.92863252      specid=0      wave=5877.25  IntFlux=True

# Convolution Models:
#  vfwhm   75.000vtie      
#
# Errors:
#
# vfwhm   0.000vtie      

# Shift Models:
#  Ashift   0.0000000      
#
# Errors:
#
# Ashift   0.0000000      


###################################################
#                                                 #
#          HERE IS A COPY OF THE INPUT MODEL      #
#                                                 #
###################################################
#
#   run blind False
#   run nsubpix 20
#   chisq ftol 1.0E-10
#   chisq atol 0.001
#   chisq miniter 10
#   chisq maxiter 1000
#   out fits False
#   out plots J0608_HeI_5876.pdf
#   plot dims 3x3
#   plot labels True
#   plot fits False
#   data read
#     ../../j0608/data/spec/J0608_ALIS.ascii   specid=0   fitrange=[5876,5886]   loadrange=[5873,5889]   resolution=vfwhm(75.0vtie)   columns=[wave,flux,error]       label=HeI_5876
#   data end
#   model read
#   lim gaussian amplitude [None,None]
#   fix vfwhm value True
#   fix gaussian dispersion False
#   emission
#       legendre 20   0.01    scale=[1.0,1.0]   specid=0    continuum=True
#       gaussian -15   0.0005   20   wave=5877.250   specid=0    IntFlux=True
#       gaussian 100   0.0008   20   wave=5877.250   specid=0    IntFlux=True
#   model end
#

