#
#  Generated by ALIS on 12/07/18 at 13:54:37
#
#   Running Time (hrs)  = 0.000547
#   Initial Chi-Squared = 99924.724612
#   Bestfit Chi-Squared = 319.617472
#   Degrees-of-Freedom  = 24
#   Num. of Iterations  = 11
#   Convergence Reason  = The relative reduction in the sum of squares is less than atol

run blind False
run nsubpix 20
chisq ftol 1.0E-10
chisq atol 0.001
chisq miniter 10
chisq maxiter 1000
out fits TestCII.fits
out plots J0608_CII_7231_7236.pdf
plot dims 3x3
plot labels True
plot fits False

data read
  ../../j0608/data/spec/J0608_ALIS.ascii  specid=0  fitrange=[7232.8,7251]  loadrange=[7226,7260]  resolution=vfwhm(73.100)  columns=[wave,flux,error]  label=CII7231_7236
data end

model read
lim gaussian amplitude [None,None]
fix vfwhm value True
fix gaussian dispersion False
 emission
  legendre   12.57044378      0.30009107      specid=0  continuum=True    scale=1.0,1.0
  gaussian   137.55937124      8.06655859E-04  24.90480246      specid=0      wave=7233.3  IntFlux=True
  gaussian   73.90476743      8.51040018E-04  71.07819057      specid=0      wave=7238.4  IntFlux=True
  gaussian   120.56007824      7.19983024E-04  14.93818624      specid=0      wave=7239.2  IntFlux=True
model end

#
# Errors:
#
#emission
# legendre   0.05873385      0.17455962      specid=0  continuum=True    scale=1.0,1.0
# gaussian   0.52275753      5.48989383E-07  0.24796026      specid=0      wave=7233.3  IntFlux=True
# gaussian   2.73100395      3.06723746E-06  2.46006903      specid=0      wave=7238.4  IntFlux=True
# gaussian   3.17269989      7.19566177E-07  0.89823944      specid=0      wave=7239.2  IntFlux=True

# Convolution Models:
#  vfwhm   73.100      
#
# Errors:
#
# vfwhm   0.000      

# Shift Models:
#  Ashift   0.0000000      
#
# Errors:
#
# Ashift   0.0000000      


###################################################
#                                                 #
#          HERE IS A COPY OF THE INPUT MODEL      #
#                                                 #
###################################################
#
#   run blind False
#   run nsubpix 20
#   chisq ftol 1.0E-10
#   chisq atol 0.001
#   chisq miniter 10
#   chisq maxiter 1000
#   out fits TestCII.fits
#   out plots J0608_CII_7231_7236.pdf
#   plot dims 3x3
#   plot labels True
#   plot fits False
#   data read
#     ../../j0608/data/spec/J0608_ALIS.ascii   specid=0   fitrange=[7232.8,7251]   loadrange=[7226,7260]   resolution=vfwhm(73.1)   columns=[wave,flux,error]       label=CII7231_7236
#   data end
#   model read
#   lim gaussian amplitude [None,None]
#   fix vfwhm value True
#   fix gaussian dispersion False
#   emission
#       legendre 10.0   0.01    scale=[1.0,1.0]   specid=0    continuum=True
#       gaussian    40.0    0.0008    20   wave=7233.3    specid=0    IntFlux=True
#       gaussian    50.0    0.0008    20   wave=7238.4    specid=0    IntFlux=True
#       gaussian    100     0.0008    20   wave=7239.2    specid=0    IntFlux=True
#   model end
#

