#
#  Generated by ALIS on 28/06/18 at 13:06:52
#
#   Running Time (hrs)  = 0.001200
#   Initial Chi-Squared = 10420.904424
#   Bestfit Chi-Squared = 87.198634
#   Degrees-of-Freedom  = 36
#   Num. of Iterations  = 28
#   Convergence Reason  = The relative reduction in the sum of squares is less than atol

run blind False
run nsubpix 20
chisq ftol 1.0E-10
chisq atol 0.001
chisq miniter 10
chisq maxiter 1000
out fits False
out plots J0608_CII_7509_7520_7531.pdf
plot dims 3x3
plot labels True
plot fits False

data read
  ../../j0608/data/spec/J0608_ALIS.ascii  specid=0  fitrange=[7515.2,7543.1]  loadrange=[7510,7545]  resolution=vfwhm(81.473vtie)  columns=[wave,flux,error]  label=CII7509+7520+7531
data end

model read
lim gaussian amplitude [None,None]
fix vfwhm value False
fix gaussian dispersion False
 emission
  legendre   10.26292986      -0.44827242      specid=0  continuum=True    scale=1.0,1.0
  gaussian   13.27959144      0.00114898      26.48133235      specid=0      wave=7508.9  IntFlux=True
  gaussian   3.45309823      0.00167844      8.31100941      specid=0      wave=7519.49  IntFlux=True
  gaussian   19.49784236      0.00105503      17.39747630      specid=0      wave=7519.93  IntFlux=True
  gaussian   4.46319902      0.00107754      0.24923756      specid=0      wave=7530.6  IntFlux=True
model end

#
# Errors:
#
#emission
# legendre   0.02358891      0.06712909      specid=0  continuum=True    scale=1.0,1.0
# gaussian   0.28872881      0.00000230      2.22524132      specid=0      wave=7508.9  IntFlux=True
# gaussian   0.18534090      0.00000625      9.48649581      specid=0      wave=7519.49  IntFlux=True
# gaussian   0.21447077      0.00000141      2.68692906      specid=0      wave=7519.93  IntFlux=True
# gaussian   0.00000000      0.00000954      6.18978889      specid=0      wave=7530.6  IntFlux=True

# Convolution Models:
#  vfwhm   81.473vtie      
#
# Errors:
#
# vfwhm   3.026vtie      

# Shift Models:
#  Ashift   0.0000000      
#
# Errors:
#
# Ashift   0.0000000      


###################################################
#                                                 #
#          HERE IS A COPY OF THE INPUT MODEL      #
#                                                 #
###################################################
#
#   run blind False
#   run nsubpix 20
#   chisq ftol 1.0E-10
#   chisq atol 0.001
#   chisq miniter 10
#   chisq maxiter 1000
#   out fits False
#   out plots J0608_CII_7509_7520_7531.pdf
#   plot dims 3x3
#   plot labels True
#   plot fits False
#   data read
#     ../../j0608/data/spec/J0608_ALIS.ascii   specid=0   fitrange=[7515.2,7543.1]   loadrange=[7510,7545]   resolution=vfwhm(75.0vtie)   columns=[wave,flux,error]       label=CII7509+7520+7531
#   data end
#   model read
#   lim gaussian amplitude [None,None]
#   fix vfwhm value False
#   fix gaussian dispersion False
#   emission
#       legendre 10   0.01    scale=[1.0,1.0]   specid=0    continuum=True
#       gaussian 5   0.0011   20   wave=7508.9   specid=0    IntFlux=True
#       gaussian 5   0.0011   20   wave=7519.49   specid=0    IntFlux=True
#       gaussian 5   0.0011   20   wave=7519.93   specid=0    IntFlux=True
#       gaussian 5   0.0011   20   wave=7530.6   specid=0    IntFlux=True
#   model end
#

