#
#  Generated by ALIS on 03/07/18 at 13:33:23
#
#   Running Time (hrs)  = 0.001507
#   Initial Chi-Squared = 51011.496317
#   Bestfit Chi-Squared = 3158.375435
#   Degrees-of-Freedom  = 21
#   Num. of Iterations  = 29
#   Convergence Reason  = The relative reduction in the sum of squares is less than atol

run blind False
run nsubpix 20
chisq ftol 1.0E-10
chisq atol 0.001
chisq miniter 10
chisq maxiter 1000
out fits False
out plots J0608_NII_6583.pdf
plot dims 3x3
plot labels True
plot fits False

data read
  ../../j0608/data/spec/J0608_ALIS.ascii  specid=0  fitrange=[6580,6596]  loadrange=[6573,6600]  resolution=vfwhm(69.549vtie)  columns=[wave,flux,error]  label=NII_6583
data end

model read
lim gaussian amplitude [None,None]
fix vfwhm value False
fix gaussian dispersion False
 emission
  legendre   16.14896742      1.96973461      specid=0  continuum=True    scale=1.0,1.0
  gaussian   -14.98684013      5.10197059E-04  0.67170878      specid=0      wave=6579.9  IntFlux=True
  gaussian   88.32643882      8.53879840E-04  17.75541670      specid=0      wave=6579.9  IntFlux=True
  gaussian   127.44241047      7.89285062E-04  21.82573807      specid=0      wave=6585.2  IntFlux=True
model end

#
# Errors:
#
#emission
# legendre   0.05195781      0.15784224      specid=0  continuum=True    scale=1.0,1.0
# gaussian   18702.03262112      3.55180812E-03  57185.71587672      specid=0      wave=6579.9  IntFlux=True
# gaussian   0.84132992      1.64826626E-06  1926.27245956      specid=0      wave=6579.9  IntFlux=True
# gaussian   0.56593836      4.78866343E-07  1567.45481601      specid=0      wave=6585.2  IntFlux=True

# Convolution Models:
#  vfwhm   69.549vtie      
#
# Errors:
#
# vfwhm   2729.601vtie      

# Shift Models:
#  Ashift   0.0000000      
#
# Errors:
#
# Ashift   0.0000000      


###################################################
#                                                 #
#          HERE IS A COPY OF THE INPUT MODEL      #
#                                                 #
###################################################
#
#   run blind False
#   run nsubpix 20
#   chisq ftol 1.0E-10
#   chisq atol 0.001
#   chisq miniter 10
#   chisq maxiter 1000
#   out fits False
#   out plots J0608_NII_6583.pdf
#   plot dims 3x3
#   plot labels True
#   plot fits False
#   data read
#     ../../j0608/data/spec/J0608_ALIS.ascii   specid=0   fitrange=[6580,6596]   loadrange=[6573,6600]   resolution=vfwhm(75.0vtie)   columns=[wave,flux,error]       label=NII_6583
#   data end
#   model read
#   lim gaussian amplitude [None,None]
#   fix vfwhm value False
#   fix gaussian dispersion False
#   emission
#       legendre 20   0.01    scale=[1.0,1.0]   specid=0    continuum=True
#       gaussian -5   0.0005   20   wave=6579.9   specid=0    IntFlux=True
#       gaussian 70   0.0008   20   wave=6579.9   specid=0    IntFlux=True
#       gaussian 100   0.0008   20   wave=6585.2   specid=0    IntFlux=True
#   model end
#

