#
#  Generated by ALIS on 11/07/18 at 14:59:51
#
#   Running Time (hrs)  = 0.001084
#   Initial Chi-Squared = 695.796803
#   Bestfit Chi-Squared = 5.804357
#   Degrees-of-Freedom  = 10
#   Num. of Iterations  = 24
#   Convergence Reason  = The relative reduction in the sum of squares is less than atol

run blind False
run nsubpix 20
chisq ftol 1.0E-10
chisq atol 0.001
chisq miniter 10
chisq maxiter 1000
out fits False
out plots J0608_HeI_4922.pdf
plot dims 3x3
plot labels True
plot fits False

data read
  ../../j0608/data/spec/J0608_ALIS.ascii  specid=0  fitrange=[4922.6,4929.2]  loadrange=[4920,4935]  resolution=vfwhm(73.100)  columns=[wave,flux,error]  label=HeI_4922
data end

model read
lim gaussian amplitude [None,None]
fix vfwhm value True
fix gaussian dispersion False
 emission
  legendre   31.00127237      1.21122897      specid=0  continuum=True    scale=1.0,1.0
  gaussian   -25.55963999      5.89540576E-04  36.64410358      specid=0      wave=4923.3  IntFlux=True
  gaussian   16.24822832      8.02262763E-04  9.29291118      specid=0      wave=4923.3  IntFlux=True
model end

#
# Errors:
#
#emission
# legendre   0.21459551      0.71451351      specid=0  continuum=True    scale=1.0,1.0
# gaussian   6.43550074      4.11144788E-05  7.86153487      specid=0      wave=4923.3  IntFlux=True
# gaussian   6.24941242      1.39300802E-05  11.25267016      specid=0      wave=4923.3  IntFlux=True

# Convolution Models:
#  vfwhm   73.100      
#
# Errors:
#
# vfwhm   0.000      

# Shift Models:
#  Ashift   0.0000000      
#
# Errors:
#
# Ashift   0.0000000      


###################################################
#                                                 #
#          HERE IS A COPY OF THE INPUT MODEL      #
#                                                 #
###################################################
#
#   run blind False
#   run nsubpix 20
#   chisq ftol 1.0E-10
#   chisq atol 0.001
#   chisq miniter 10
#   chisq maxiter 1000
#   out fits False
#   out plots J0608_HeI_4922.pdf
#   plot dims 3x3
#   plot labels True
#   plot fits False
#   data read
#     ../../j0608/data/spec/J0608_ALIS.ascii   specid=0   fitrange=[4922.6,4929.2]   loadrange=[4920,4935]   resolution=vfwhm(73.1)   columns=[wave,flux,error]       label=HeI_4922
#   data end
#   model read
#   lim gaussian amplitude [None,None]
#   fix vfwhm value True
#   fix gaussian dispersion False
#   emission
#       legendre 30   0.01    scale=[1.0,1.0]   specid=0    continuum=True
#       gaussian    -15    0.0005    20   wave=4923.3   specid=0    IntFlux=True
#       gaussian    10    0.0008    20   wave=4923.3   specid=0    IntFlux=True
#   model end
#

