#
#  Generated by ALIS on 11/07/18 at 14:20:30
#
#   Running Time (hrs)  = 0.000950
#   Initial Chi-Squared = 5200.955055
#   Bestfit Chi-Squared = 139.566485
#   Degrees-of-Freedom  = 30
#   Num. of Iterations  = 16
#   Convergence Reason  = The relative reduction in the sum of squares is less than atol

run blind False
run nsubpix 20
chisq ftol 1.0E-10
chisq atol 0.001
chisq miniter 10
chisq maxiter 1000
out fits TestCII.fits
out plots J0608_cII_4368to4377.pdf
plot dims 3x3
plot labels True
plot fits False

data read
  ../../j0608/data/spec/J0608_ALIS.ascii  specid=0  fitrange=[4367,4385]  loadrange=[4364,4388]  resolution=vfwhm(73.100)  columns=[wave,flux,error]  label=OII_4367+CII4368to4377
data end

model read
lim gaussian amplitude [None,None]
fix vfwhm value True
fix gaussian dispersion False
 emission
  legendre   43.90787739      -2.53478543      specid=0  continuum=True    scale=1.0,1.0
  gaussian   -19.78671223      3.76504854E-04  36.37941861      specid=0      wave=4369.3  IntFlux=True
  gaussian   18.08476574      8.07143701E-04  132.04939284      specid=0      wave=4369.3  IntFlux=True
  gaussian   0.27032960      5.22108331E-04  1.00000000E-20  specid=0      wave=4371.9  IntFlux=True
  gaussian   1.13897938      7.27027189E-04  1.00000000E-20  specid=0      wave=4371.9  IntFlux=True
  gaussian   14.01496129      8.01853052E-04  21.49362854      specid=0      wave=4373.6  IntFlux=True
  gaussian   7.93136311      8.83581556E-04  7.27491294      specid=0      wave=4375.5  IntFlux=True
  gaussian   2.88711037      8.52659998E-04  1.00000000E-20  specid=0      wave=4376.2  IntFlux=True
  gaussian   16.69705695      7.65545084E-04  48.78072553      specid=0      wave=4377.8  IntFlux=True
model end

#
# Errors:
#
#emission
# legendre   0.15614232      0.30455426      specid=0  continuum=True    scale=1.0,1.0
# gaussian   1.66027617      4.16420155E-06  2.71472183      specid=0      wave=4369.3  IntFlux=True
# gaussian   3.61057575      6.73008600E-05  17.30691085      specid=0      wave=4369.3  IntFlux=True
# gaussian   0.00000000      0.00000000E+00  0.00000000E+00  specid=0      wave=4371.9  IntFlux=True
# gaussian   0.00000000      0.00000000E+00  0.00000000E+00  specid=0      wave=4371.9  IntFlux=True
# gaussian   0.46984564      3.84163444E-06  2.20596671      specid=0      wave=4373.6  IntFlux=True
# gaussian   0.69108367      7.65984767E-06  9.57384542      specid=0      wave=4375.5  IntFlux=True
# gaussian   0.00000000      0.00000000E+00  0.00000000E+00  specid=0      wave=4376.2  IntFlux=True
# gaussian   0.96365657      1.00295784E-05  3.87176451      specid=0      wave=4377.8  IntFlux=True

# Convolution Models:
#  vfwhm   73.100      
#
# Errors:
#
# vfwhm   0.000      

# Shift Models:
#  Ashift   0.0000000      
#
# Errors:
#
# Ashift   0.0000000      


###################################################
#                                                 #
#          HERE IS A COPY OF THE INPUT MODEL      #
#                                                 #
###################################################
#
#   run blind False
#   run nsubpix 20
#   chisq ftol 1.0E-10
#   chisq atol 0.001
#   chisq miniter 10
#   chisq maxiter 1000
#   out fits TestCII.fits
#   out plots J0608_cII_4368to4377.pdf
#   plot dims 3x3
#   plot labels True
#   plot fits False
#   data read
#     ../../j0608/data/spec/J0608_ALIS.ascii   specid=0   fitrange=[4367,4385]   loadrange=[4364,4388]   resolution=vfwhm(73.1)   columns=[wave,flux,error]       label=OII_4367+CII4368to4377
#   data end
#   model read
#   lim gaussian amplitude [None,None]
#   fix vfwhm value True
#   fix gaussian dispersion False
#   emission
#       legendre 45.0   0.01    scale=[1.0,1.0]   specid=0    continuum=True
#       gaussian    -10.0    0.0005    20   wave=4369.3 specid=0    IntFlux=True
#       gaussian    5.0    0.0008    20   wave=4369.3 specid=0    IntFlux=True
#       gaussian    0.5    0.0005    20   wave=4371.9 specid=0    IntFlux=True
#       gaussian    1    0.0008    20   wave=4371.9 specid=0    IntFlux=True
#       gaussian    25.0    0.0008    20   wave=4373.6 specid=0    IntFlux=True
#       gaussian    10.0    0.0008    20   wave=4375.5 specid=0    IntFlux=True
#       gaussian    6.0    0.0008    20   wave=4376.2 specid=0    IntFlux=True
#       gaussian    12.0    0.0008    20   wave=4377.8 specid=0    IntFlux=True
#   model end
#

