#
#  Generated by ALIS on 20/06/18 at 15:41:13
#
#   Running Time (hrs)  = 0.000527
#   Initial Chi-Squared = 15830.351779
#   Bestfit Chi-Squared = 15.934582
#   Degrees-of-Freedom  = 9
#   Num. of Iterations  = 8
#   Convergence Reason  = The relative reduction in the sum of squares is less than atol

run blind False
run nsubpix 20
chisq ftol 1.0E-10
chisq atol 0.001
chisq miniter 10
chisq maxiter 1000
out fits TestCII.fits
out plots J0608_cII_5535_5538.pdf
plot dims 3x3
plot labels True
plot fits True

data read
  ../../j0608/data/spec/J0608_ALIS.ascii  specid=0  fitrange=[5539,5546]  loadrange=[5535,5550]  resolution=vfwhm(75.000vtie)  columns=[wave,flux,error]  label=CII5535+5538
data end

model read
lim gaussian amplitude [None,None]
fix vfwhm value True
fix gaussian dispersion False
 emission
  legendre   24.59326970      0.21994471      specid=0  continuum=True    scale=1.0,1.0
  gaussian   amplitude=25.52938878      redshift=0.00113552      dispersion=15.63190002      specid=0      wave=5535.0  IntFlux=True
  gaussian   amplitude=19.38213465      redshift=0.00100232      dispersion=18.85629699      specid=0      wave=5538.0  IntFlux=True
model end

#
# Errors:
#
#emission
# legendre   0.10447573      0.45521500      specid=0  continuum=True    scale=1.0,1.0
# gaussian   amplitude=0.52597222      redshift=0.00000169      dispersion=1.48502508      specid=0      wave=5535.0  IntFlux=True
# gaussian   amplitude=0.44849997      redshift=0.00000229      dispersion=1.62859680      specid=0      wave=5538.0  IntFlux=True

# Convolution Models:
#  vfwhm   75.000vtie      
#
# Errors:
#
# vfwhm   0.000vtie      

# Shift Models:
#  Ashift   0.0000000      
#
# Errors:
#
# Ashift   0.0000000      


###################################################
#                                                 #
#          HERE IS A COPY OF THE INPUT MODEL      #
#                                                 #
###################################################
#
#   run blind False
#   run nsubpix 20
#   chisq ftol 1.0E-10
#   chisq atol 0.001
#   chisq miniter 10
#   chisq maxiter 1000
#   out fits TestCII.fits
#   out plots J0608_cII_5535_5538.pdf
#   plot dims 3x3
#   plot labels True
#   plot fits True
#   data read
#     ../../j0608/data/spec/J0608_ALIS.ascii   specid=0   fitrange=[5539,5546]   loadrange=[5535,5550]   resolution=vfwhm(75.0vtie)   columns=[wave,flux,error]       label=CII5535+5538
#   data end
#   model read
#   lim gaussian amplitude [None,None]
#   fix vfwhm value True
#   fix gaussian dispersion False
#   emission
#       legendre 25.0   0.01    scale=[1.0,1.0]   specid=0    continuum=True
#       gaussian amplitude=40.0   redshift=0.001138   dispersion=35.962   wave=5535 specid=0    IntFlux=True
#       gaussian amplitude=35.0   redshift=0.001138   dispersion=35.962   wave=5538 specid=0    IntFlux=True
#   model end
#

