#
#  Generated by ALIS on 29/06/18 at 11:08:08
#
#   Running Time (hrs)  = 0.000835
#   Initial Chi-Squared = 2040.030187
#   Bestfit Chi-Squared = 56.585679
#   Degrees-of-Freedom  = 14
#   Num. of Iterations  = 15
#   Convergence Reason  = The relative reduction in the sum of squares is less than atol

run blind False
run nsubpix 20
chisq ftol 1.0E-10
chisq atol 0.001
chisq miniter 10
chisq maxiter 1000
out fits False
out plots J0608_HDelta.pdf
plot dims 3x3
plot labels True
plot fits False

data read
  ../../j0608/data/spec/J0608_ALIS.ascii  specid=0  fitrange=[4103,4109]  loadrange=[4102,4110]  resolution=vfwhm(2.523E-04vtie)  columns=[wave,flux,error]  label=H-delta
data end

model read
lim gaussian amplitude [None,None]
fix vfwhm value False
fix gaussian dispersion False
 emission
  legendre   51.50463253      0.65741430      specid=0  continuum=True    scale=1.0,1.0
  gaussian   11.00173492      0.00153099      44.01600603      specid=0      wave=4100.0  IntFlux=True
model end

#
# Errors:
#
#emission
# legendre   0.13261135      0.46280516      specid=0  continuum=True    scale=1.0,1.0
# gaussian   0.60008967      0.00000663      2.25917628      specid=0      wave=4100.0  IntFlux=True

# Convolution Models:
#  vfwhm   2.523E-04vtie  
#
# Errors:
#
# vfwhm   0.000E+00vtie  

# Shift Models:
#  Ashift   0.0000000      
#
# Errors:
#
# Ashift   0.0000000      


###################################################
#                                                 #
#          HERE IS A COPY OF THE INPUT MODEL      #
#                                                 #
###################################################
#
#   run blind False
#   run nsubpix 20
#   chisq ftol 1.0E-10
#   chisq atol 0.001
#   chisq miniter 10
#   chisq maxiter 1000
#   out fits False
#   out plots J0608_HDelta.pdf
#   plot dims 3x3
#   plot labels True
#   plot fits False
#   data read
#     ../../j0608/data/spec/J0608_ALIS.ascii   specid=0   fitrange=[4103,4109]   loadrange=[4102,4110]   resolution=vfwhm(75.0vtie)   columns=[wave,flux,error]       label=H-delta
#   data end
#   model read
#   lim gaussian amplitude [None,None]
#   fix vfwhm value False
#   fix gaussian dispersion False
#   emission
#       legendre 50   0.01    scale=[1.0,1.0]   specid=0    continuum=True
#       gaussian 5   0.0011   20   wave=4100   specid=0    IntFlux=True
#   model end
#

