#
#  Generated by ALIS on 03/07/18 at 13:55:02
#
#   Running Time (hrs)  = 0.000464
#   Initial Chi-Squared = 1290.545870
#   Bestfit Chi-Squared = 31.169532
#   Degrees-of-Freedom  = 28
#   Num. of Iterations  = 7
#   Convergence Reason  = The relative reduction in the sum of squares is less than atol

run blind False
run nsubpix 20
chisq ftol 1.0E-10
chisq atol 0.001
chisq miniter 10
chisq maxiter 1000
out fits TestCII.fits
out plots J0608_OII_7319_7330.pdf
plot dims 3x3
plot labels True
plot fits False

data read
  ../../j0608/data/spec/J0608_ALIS.ascii  specid=0  fitrange=[7322.8,7343]  loadrange=[7321,7343]  resolution=vfwhm(1.527E-05vtie)  columns=[wave,flux,error]  label=OII7319_7330
data end

model read
lim gaussian amplitude [None,None]
fix vfwhm value False
fix gaussian dispersion False
 emission
  legendre   10.21333662      0.09405948      specid=0  continuum=True    scale=1.0,1.0
  gaussian   amplitude=6.98845173      redshift=8.63702314E-04  dispersion=47.36110793      specid=0      wave=7321.0  IntFlux=True
  gaussian   amplitude=3.91592083      redshift=8.23798781E-04  dispersion=39.55075048      specid=0      wave=7332.0  IntFlux=True
model end

#
# Errors:
#
#emission
# legendre   0.03395661      0.10404623      specid=0  continuum=True    scale=1.0,1.0
# gaussian   amplitude=0.38636166      redshift=6.66485725E-06  dispersion=2.39556379      specid=0      wave=7321.0  IntFlux=True
# gaussian   amplitude=0.30721364      redshift=8.78580954E-06  dispersion=3.01289730      specid=0      wave=7332.0  IntFlux=True

# Convolution Models:
#  vfwhm   1.527E-05vtie  
#
# Errors:
#
# vfwhm   0.000E+00vtie  

# Shift Models:
#  Ashift   0.0000000      
#
# Errors:
#
# Ashift   0.0000000      


###################################################
#                                                 #
#          HERE IS A COPY OF THE INPUT MODEL      #
#                                                 #
###################################################
#
#   run blind False
#   run nsubpix 20
#   chisq ftol 1.0E-10
#   chisq atol 0.001
#   chisq miniter 10
#   chisq maxiter 1000
#   out fits TestCII.fits
#   out plots J0608_OII_7319_7330.pdf
#   plot dims 3x3
#   plot labels True
#   plot fits False
#   data read
#     ../../j0608/data/spec/J0608_ALIS.ascii   specid=0   fitrange=[7322.8,7343]   loadrange=[7321,7343]   resolution=vfwhm(75.0vtie)   columns=[wave,flux,error]       label=OII7319_7330
#   data end
#   model read
#   lim gaussian amplitude [None,None]
#   fix vfwhm value False
#   fix gaussian dispersion False
#   emission
#       legendre 10.0   0.01    scale=[1.0,1.0]   specid=0    continuum=True
#       gaussian amplitude=10.0   redshift=0.0008   dispersion=20   wave=7321.0 specid=0    IntFlux=True
#       gaussian amplitude=9.0   redshift=0.0008   dispersion=20   wave=7332.0 specid=0    IntFlux=True
#   model end
#

