#
#  Generated by ALIS on 05/07/18 at 15:57:14
#
#   Running Time (hrs)  = 0.006703
#   Initial Chi-Squared = 13132.770511
#   Bestfit Chi-Squared = 6005.841751
#   Degrees-of-Freedom  = 54
#   Num. of Iterations  = 59
#   Convergence Reason  = The relative reduction in the sum of squares is less than atol

run blind False
run nsubpix 20
chisq ftol 1.0E-10
chisq atol 0.001
chisq miniter 10
chisq maxiter 1000
out fits False
out plots J0608_CII_7112to7144.pdf
plot dims 3x3
plot labels True
plot fits False

data read
  ../../j0608/data/spec/J0608_ALIS.ascii  specid=0  fitrange=[7114,7155]  loadrange=[7110,7160]  resolution=vfwhm(48.055vtie)  columns=[wave,flux,error]  label=CII
data end

model read
lim gaussian amplitude [None,None]
fix vfwhm value False
fix gaussian dispersion False
 emission
  legendre   11.67475705      -1.38110033      specid=0  continuum=True    scale=1.0,1.0
  gaussian   3.22803429      7.43958435E-04  0.27911625      specid=0      wave=7114.5  IntFlux=True
  gaussian   5.08742299      8.07275191E-04  12.94758492      specid=0      wave=7115.0  IntFlux=True
  gaussian   8.67059080      7.90457445E-04  22.70796447      specid=0      wave=7117.6  IntFlux=True
  gaussian   4.28603284      7.86624060E-04  20.99210953      specid=0      wave=7127.7  IntFlux=True
  gaussian   0.52102465      7.58659800E-04  0.42679101      specid=0      wave=7134.4  IntFlux=True
  gaussian   7.22849802      7.73353525E-04  25.96126165      specid=0      wave=7136.1  IntFlux=True
  gaussian   0.71276357      7.92332585E-04  1.00000000E-20  specid=0      wave=7146.2  IntFlux=True
model end

#
# Errors:
#
#emission
# legendre   0.01624314      0.03971213      specid=0  continuum=True    scale=1.0,1.0
# gaussian   0.00000000      4.97306801E-06  17.84036603      specid=0      wave=7114.5  IntFlux=True
# gaussian   2.91555252      4.45835891E-05  18.50818074      specid=0      wave=7115.0  IntFlux=True
# gaussian   0.24706575      3.11306537E-06  3.52408388      specid=0      wave=7117.6  IntFlux=True
# gaussian   0.17606499      4.43947077E-06  4.46210898      specid=0      wave=7127.7  IntFlux=True
# gaussian   158.42255820      2.68881558E-03  852.01814057      specid=0      wave=7134.4  IntFlux=True
# gaussian   0.34532735      6.02748013E-06  3.98187948      specid=0      wave=7136.1  IntFlux=True
# gaussian   0.00000000      0.00000000E+00  0.00000000E+00  specid=0      wave=7146.2  IntFlux=True

# Convolution Models:
#  vfwhm   48.055vtie      
#
# Errors:
#
# vfwhm   9.883vtie      

# Shift Models:
#  Ashift   0.0000000      
#
# Errors:
#
# Ashift   0.0000000      


###################################################
#                                                 #
#          HERE IS A COPY OF THE INPUT MODEL      #
#                                                 #
###################################################
#
#   run blind False
#   run nsubpix 20
#   chisq ftol 1.0E-10
#   chisq atol 0.001
#   chisq miniter 10
#   chisq maxiter 1000
#   out fits False
#   out plots J0608_CII_7112to7144.pdf
#   plot dims 3x3
#   plot labels True
#   plot fits False
#   data read
#     ../../j0608/data/spec/J0608_ALIS.ascii   specid=0   fitrange=[7114,7155]   loadrange=[7110,7160]   resolution=vfwhm(75.0vtie)   columns=[wave,flux,error]       label=CII
#   data end
#   model read
#   lim gaussian amplitude [None,None]
#   fix vfwhm value False
#   fix gaussian dispersion False
#   emission
#       legendre 11   0.01    scale=[1.0,1.0]   specid=0    continuum=True
#       gaussian    5    0.0008    20   wave=7114.5   specid=0    IntFlux=True
#       gaussian    5    0.0008    20   wave=7115.0   specid=0    IntFlux=True
#       gaussian    5    0.0008    20   wave=7117.6   specid=0    IntFlux=True
#       gaussian    5    0.0008    20   wave=7127.7   specid=0    IntFlux=True
#       gaussian    5    0.0008    20   wave=7134.4   specid=0    IntFlux=True
#       gaussian    5    0.0008    20   wave=7136.1   specid=0    IntFlux=True
#       gaussian    5    0.0008    20   wave=7146.2   specid=0    IntFlux=True
#   model end
#

