#
#  Generated by ALIS on 06/07/18 at 14:26:12
#
#   Running Time (hrs)  = 0.003684
#   Initial Chi-Squared = 49953.762044
#   Bestfit Chi-Squared = 490.060223
#   Degrees-of-Freedom  = 76
#   Num. of Iterations  = 91
#   Convergence Reason  = The relative reduction in the sum of squares is less than atol

run blind False
run nsubpix 20
chisq ftol 1.0E-10
chisq atol 0.001
chisq miniter 10
chisq maxiter 1000
out fits False
out plots J0608_CII_5032andsoon.pdf
plot dims 3x3
plot labels True
plot fits False

data read
  ../../j0608/data/spec/J0608_ALIS.ascii  specid=0  fitrange=[5030,5068]  loadrange=[5030,5070]  resolution=vfwhm(3.818E-05vtie)  columns=[wave,flux,error]  label=CII
data end

model read
lim gaussian amplitude [None,None]
fix vfwhm value False
fix gaussian dispersion False
 emission
  legendre   29.51947230      -1.73387708      specid=0  continuum=True    scale=1.0,1.0
  gaussian   28.80370959      0.00105030      37.87860989      specid=0      wave=5032.1  IntFlux=True
  gaussian   21.08445985      0.00105372      33.58629321      specid=0      wave=5035.9  IntFlux=True
  gaussian   16.57323217      4.54879848E-05  114.89885707      specid=0      wave=5040.7  IntFlux=True
  gaussian   19.57570638      8.77833865E-04  52.25651009      specid=0      wave=5041.8  IntFlux=True
  gaussian   1.40078472      5.59666042E-04  1.00000000E-20  specid=0      wave=5044.3  IntFlux=True
  gaussian   12.43939111      9.50258380E-04  39.56340436      specid=0      wave=5045.0  IntFlux=True
  gaussian   38.52452523      0.00281128      482.69901066      specid=0      wave=5047.1  IntFlux=True
  gaussian   9.51983499      8.13099994E-04  41.97998502      specid=0      wave=5049.2  IntFlux=True
model end

#
# Errors:
#
#emission
# legendre   0.80216323      1.12737283      specid=0  continuum=True    scale=1.0,1.0
# gaussian   0.95948369      0.00000197      0.76485244      specid=0      wave=5032.1  IntFlux=True
# gaussian   1.47469860      0.00000208      1.20032370      specid=0      wave=5035.9  IntFlux=True
# gaussian   1.66283450      3.34737926E-05  20.79881331      specid=0      wave=5040.7  IntFlux=True
# gaussian   0.70086052      4.54988446E-06  1.46551705      specid=0      wave=5041.8  IntFlux=True
# gaussian   0.00000000      0.00000000E+00  0.00000000E+00  specid=0      wave=5044.3  IntFlux=True
# gaussian   0.59663010      3.61190175E-06  1.44389679      specid=0      wave=5045.0  IntFlux=True
# gaussian   42.46263053      0.00038624      207.06278602      specid=0      wave=5047.1  IntFlux=True
# gaussian   0.57886896      5.00449726E-06  2.02672007      specid=0      wave=5049.2  IntFlux=True

# Convolution Models:
#  vfwhm   3.818E-05vtie  
#
# Errors:
#
# vfwhm   0.000E+00vtie  

# Shift Models:
#  Ashift   0.0000000      
#
# Errors:
#
# Ashift   0.0000000      


###################################################
#                                                 #
#          HERE IS A COPY OF THE INPUT MODEL      #
#                                                 #
###################################################
#
#   run blind False
#   run nsubpix 20
#   chisq ftol 1.0E-10
#   chisq atol 0.001
#   chisq miniter 10
#   chisq maxiter 1000
#   out fits False
#   out plots J0608_CII_5032andsoon.pdf
#   plot dims 3x3
#   plot labels True
#   plot fits False
#   data read
#     ../../j0608/data/spec/J0608_ALIS.ascii   specid=0   fitrange=[5030,5068]   loadrange=[5030,5070]   resolution=vfwhm(75.0vtie)   columns=[wave,flux,error]       label=CII
#   data end
#   model read
#   lim gaussian amplitude [None,None]
#   fix vfwhm value False
#   fix gaussian dispersion False
#   emission
#       legendre 28   0.01    scale=[1.0,1.0]   specid=0    continuum=True
#       gaussian    5    0.0008    20   wave=5032.1   specid=0    IntFlux=True
#       gaussian    5    0.0008    20   wave=5035.9   specid=0    IntFlux=True
#       gaussian    5    0.0008    20   wave=5040.7   specid=0    IntFlux=True
#       gaussian    5    0.0008    20   wave=5041.8   specid=0    IntFlux=True
#       gaussian    5    0.0008    20   wave=5044.3   specid=0    IntFlux=True
#       gaussian    5    0.0008    20   wave=5045.0   specid=0    IntFlux=True
#       gaussian    5    0.0008    20   wave=5047.1   specid=0    IntFlux=True
#       gaussian    5    0.0008    20   wave=5049.2   specid=0    IntFlux=True
#   model end
#

