#
#  Generated by ALIS on 11/07/18 at 15:21:53
#
#   Running Time (hrs)  = 0.010459
#   Initial Chi-Squared = 758893.592015
#   Bestfit Chi-Squared = 2869.229212
#   Degrees-of-Freedom  = 40
#   Num. of Iterations  = 256
#   Convergence Reason  = The relative reduction in the sum of squares is less than atol

run blind False
run nsubpix 20
chisq ftol 1.0E-10
chisq atol 0.001
chisq miniter 10
chisq maxiter 1000
out fits False
out plots J0608_CII_5133to5151.pdf
plot dims 3x3
plot labels True
plot fits False

data read
  ../../j0608/data/spec/J0608_ALIS.ascii  specid=0  fitrange=[5134,5160]  loadrange=[5130,5165]  resolution=vfwhm(73.100)  columns=[wave,flux,error]  label=CII_5133to5151
data end

model read
lim gaussian amplitude [None,None]
fix vfwhm value True
fix gaussian dispersion False
 emission
  legendre   29.37590330      -0.58063791      specid=0  continuum=True    scale=1.0,1.0
  gaussian   -378.94715231      8.83963406E-04  44.57041131      specid=0      wave=5134.3  IntFlux=True
  gaussian   376.46646254      8.18512557E-04  40.60094559      specid=0      wave=5134.7  IntFlux=True
  gaussian   13.34634150      7.85456722E-04  1.00000000E-20  specid=0      wave=5138.7  IntFlux=True
  gaussian   48.63196755      8.43783596E-04  113.80202821      specid=0      wave=5140.6  IntFlux=True
  gaussian   -2.22748416      6.09885325E-04  1.00000000E-20  specid=0      wave=5144.9  IntFlux=True
  gaussian   -26.43305336      1.65167471E-04  72.89566841      specid=0      wave=5146.6  IntFlux=True
  gaussian   17.40614493      9.03273152E-04  0.15718026      specid=0      wave=5146.6  IntFlux=True
  gaussian   -196.95368608      6.53194429E-04  34.28091551      specid=0      wave=5152.5  IntFlux=True
  gaussian   202.24328158      6.71479683E-04  38.30692175      specid=0      wave=5152.5  IntFlux=True
model end

#
# Errors:
#
#emission
# legendre   0.06456787      0.13424819      specid=0  continuum=True    scale=1.0,1.0
# gaussian   1925.36152279      3.70911966E-05  9.95214725      specid=0      wave=5134.3  IntFlux=True
# gaussian   1925.40600488      2.80229062E-05  10.43377058      specid=0      wave=5134.7  IntFlux=True
# gaussian   0.00000000      0.00000000E+00  0.00000000E+00  specid=0      wave=5138.7  IntFlux=True
# gaussian   16.10239156      1.28227829E-04  19.60229525      specid=0      wave=5140.6  IntFlux=True
# gaussian   0.00000000      0.00000000E+00  0.00000000E+00  specid=0      wave=5144.9  IntFlux=True
# gaussian   15.41618080      3.33694194E-05  9.93289575      specid=0      wave=5146.6  IntFlux=True
# gaussian   0.00000000      1.66159216E-03  607.24572515      specid=0      wave=5146.6  IntFlux=True
# gaussian   967.70538458      3.97522291E-05  10.58195183      specid=0      wave=5152.5  IntFlux=True
# gaussian   967.56300321      5.03397795E-05  9.11939173      specid=0      wave=5152.5  IntFlux=True

# Convolution Models:
#  vfwhm   73.100      
#
# Errors:
#
# vfwhm   0.000      

# Shift Models:
#  Ashift   0.0000000      
#
# Errors:
#
# Ashift   0.0000000      


###################################################
#                                                 #
#          HERE IS A COPY OF THE INPUT MODEL      #
#                                                 #
###################################################
#
#   run blind False
#   run nsubpix 20
#   chisq ftol 1.0E-10
#   chisq atol 0.001
#   chisq miniter 10
#   chisq maxiter 1000
#   out fits False
#   out plots J0608_CII_5133to5151.pdf
#   plot dims 3x3
#   plot labels True
#   plot fits False
#   data read
#     ../../j0608/data/spec/J0608_ALIS.ascii   specid=0   fitrange=[5134,5160]   loadrange=[5130,5165]   resolution=vfwhm(73.1)   columns=[wave,flux,error]       label=CII_5133to5151
#   data end
#   model read
#   lim gaussian amplitude [None,None]
#   fix vfwhm value True
#   fix gaussian dispersion False
#   emission
#       legendre 10   0.01    scale=[1.0,1.0]   specid=0    continuum=True
#       gaussian    -90    0.0008    20   wave=5134.3   specid=0    IntFlux=True
#       gaussian    90    0.0008    20   wave=5134.7   specid=0    IntFlux=True
#       gaussian    90    0.0008    20   wave=5138.7   specid=0    IntFlux=True
#       gaussian    90    0.0008    20   wave=5140.6   specid=0    IntFlux=True
#       gaussian    5    0.0008    20   wave=5144.9   specid=0    IntFlux=True
#       gaussian    -20    0.0005    20   wave=5146.6   specid=0    IntFlux=True
#       gaussian    5    0.0008    20   wave=5146.6   specid=0    IntFlux=True
#       gaussian    -50    0.0005    20   wave=5152.5   specid=0    IntFlux=True
#       gaussian    60    0.0008    20   wave=5152.5   specid=0    IntFlux=True
#   model end
#

