#
#  Generated by ALIS on 19/06/18 at 12:36:51
#
#   Running Time (hrs)  = 0.000905
#   Initial Chi-Squared = 28937.824570
#   Bestfit Chi-Squared = 250.191469
#   Degrees-of-Freedom  = 43
#   Num. of Iterations  = 20
#   Convergence Reason  = The relative reduction in the sum of squares is less than atol

run blind False
run nsubpix 20
chisq ftol 1.0E-10
chisq atol 0.001
chisq miniter 10
chisq maxiter 1000
out fits False
out plots J0608_oII37263728.pdf
plot dims 3x3
plot labels True
plot fits True

data read
  ../../j0608/data/spec/J0608_ALIS.ascii  specid=0  fitrange=[3725.36,3739.11]  loadrange=[3724.4,3740.1]  resolution=vfwhm(75.000vtie)  columns=[wave,flux,error]  label=OII3726+3728.8
data end

model read
lim gaussian amplitude [None,None]
fix vfwhm value True
 emission
  legendre   58.96310889      -2.69564735      specid=0  continuum=True    scale=1.0,1.0
  gaussian   42.77516531      0.00101732      28.28465023      specid=0      wave=3726.0  IntFlux=True
  gaussian   77.85115049      0.00102614      47.14162010      specid=0      wave=3728.8  IntFlux=True
model end

#
# Errors:
#
#emission
# legendre   0.14317309      0.33212520      specid=0  continuum=True    scale=1.0,1.0
# gaussian   0.87617437      0.00000296      1.40216960      specid=0      wave=3726.0  IntFlux=True
# gaussian   1.03550501      0.00000257      0.96967466      specid=0      wave=3728.8  IntFlux=True

# Convolution Models:
#  vfwhm   75.000vtie      
#
# Errors:
#
# vfwhm   0.000vtie      

# Shift Models:
#  Ashift   0.0000000      
#
# Errors:
#
# Ashift   0.0000000      


###################################################
#                                                 #
#          HERE IS A COPY OF THE INPUT MODEL      #
#                                                 #
###################################################
#
#   run blind False
#   run nsubpix 20
#   chisq ftol 1.0E-10
#   chisq atol 0.001
#   chisq miniter 10
#   chisq maxiter 1000
#   out fits False
#   out plots J0608_oII37263728.pdf
#   plot dims 3x3
#   plot labels True
#   plot fits True
#   data read
#     ../../j0608/data/spec/J0608_ALIS.ascii   specid=0   fitrange=[3725.36,3739.11]   loadrange=[3724.4,3740.1]   resolution=vfwhm(75.0vtie)   columns=[wave,flux,error]       label=OII3726+3728.8
#   data end
#   model read
#   lim gaussian amplitude [None,None]
#   fix vfwhm value True
#   emission
#       legendre 57.0   0.01    scale=[1.0,1.0]   specid=0    continuum=True
#       gaussian 57.0   0.0005   20.0   wave=3726.0 specid=0    IntFlux=True
#       gaussian 57.0   0.0005   20.0   wave=3728.8 specid=0    IntFlux=True
#   model end
#

