#
#  Generated by ALIS on 11/07/18 at 14:37:58
#
#   Running Time (hrs)  = 0.000392
#   Initial Chi-Squared = 1059.048589
#   Bestfit Chi-Squared = 17.321458
#   Degrees-of-Freedom  = 6
#   Num. of Iterations  = 6
#   Convergence Reason  = The relative reduction in the sum of squares is less than atol

run blind False
run nsubpix 20
chisq ftol 1.0E-10
chisq atol 0.001
chisq miniter 10
chisq maxiter 1000
out fits False
out plots J0608_HeI_4713.pdf
plot dims 3x3
plot labels True
plot fits False

data read
  ../../j0608/data/spec/J0608_ALIS.ascii  specid=0  fitrange=[4715.,4720.]  loadrange=[4714.,4721]  resolution=vfwhm(73.100)  columns=[wave,flux,error]  label=HeI_4713
data end

model read
lim gaussian amplitude [None,None]
fix vfwhm value True
fix gaussian dispersion False
 emission
  legendre   36.29818447      2.38659023      specid=0  continuum=True    scale=1.0,1.0
  gaussian   -8.45384825      5.66072748E-04  18.83664666      specid=0      wave=4714.5  IntFlux=True
  gaussian   17.63014940      8.24745080E-04  13.45436441      specid=0      wave=4714.5  IntFlux=True
model end

#
# Errors:
#
#emission
# legendre   0.19679021      0.82869219      specid=0  continuum=True    scale=1.0,1.0
# gaussian   2.14323476      2.97860609E-05  10.55999628      specid=0      wave=4714.5  IntFlux=True
# gaussian   2.37120959      1.18627543E-05  6.34433903      specid=0      wave=4714.5  IntFlux=True

# Convolution Models:
#  vfwhm   73.100      
#
# Errors:
#
# vfwhm   0.000      

# Shift Models:
#  Ashift   0.0000000      
#
# Errors:
#
# Ashift   0.0000000      


###################################################
#                                                 #
#          HERE IS A COPY OF THE INPUT MODEL      #
#                                                 #
###################################################
#
#   run blind False
#   run nsubpix 20
#   chisq ftol 1.0E-10
#   chisq atol 0.001
#   chisq miniter 10
#   chisq maxiter 1000
#   out fits False
#   out plots J0608_HeI_4713.pdf
#   plot dims 3x3
#   plot labels True
#   plot fits False
#   data read
#     ../../j0608/data/spec/J0608_ALIS.ascii   specid=0   fitrange=[4715.,4720.]   loadrange=[4714.,4721]   resolution=vfwhm(73.1)   columns=[wave,flux,error]       label=HeI_4713
#   data end
#   model read
#   lim gaussian amplitude [None,None]
#   fix vfwhm value True
#   fix gaussian dispersion False
#   emission
#       legendre 35   0.01    scale=[1.0,1.0]   specid=0    continuum=True
#       gaussian    -7    0.0005    20   wave=4714.5   specid=0    IntFlux=True
#       gaussian    15    0.0008    20   wave=4714.5   specid=0    IntFlux=True
#   model end
#

