#
#  Generated by ALIS on 11/07/18 at 15:18:38
#
#   Running Time (hrs)  = 0.000885
#   Initial Chi-Squared = 42160.260002
#   Bestfit Chi-Squared = 17936.213517
#   Degrees-of-Freedom  = 61
#   Num. of Iterations  = 15
#   Convergence Reason  = The relative reduction in the sum of squares is less than atol

run blind False
run nsubpix 20
chisq ftol 1.0E-10
chisq atol 0.001
chisq miniter 10
chisq maxiter 1000
out fits False
out plots J0608_CII_5107to5126.pdf
plot dims 3x3
plot labels True
plot fits False

data read
  ../../j0608/data/spec/J0608_ALIS.ascii  specid=0  fitrange=[5107,5135]  loadrange=[5100,5140]  resolution=vfwhm(73.100)  columns=[wave,flux,error]  label=CII_5133to5151
data end

model read
lim gaussian amplitude [None,None]
fix vfwhm value True
fix gaussian dispersion False
 emission
  legendre   33.05239345      2.06803219      specid=0  continuum=True    scale=1.0,1.0
  gaussian   44.67555152      9.99186000E-04  78.62764137      specid=0      wave=5121.5  IntFlux=True
  gaussian   11.24534600      7.14360474E-04  1.00000000E-20  specid=0      wave=5123.9  IntFlux=True
  gaussian   4.84829857      8.06240723E-04  1.00000000E-20  specid=0      wave=5126.6  IntFlux=True
  gaussian   3.16710085      8.06832469E-04  1.00000000E-20  specid=0      wave=5128.3  IntFlux=True
model end

#
# Errors:
#
#emission
# legendre   0.02938253      0.08411570      specid=0  continuum=True    scale=1.0,1.0
# gaussian   0.49742416      2.93152528E-06  1.00520818      specid=0      wave=5121.5  IntFlux=True
# gaussian   0.00000000      0.00000000E+00  0.00000000E+00  specid=0      wave=5123.9  IntFlux=True
# gaussian   0.00000000      0.00000000E+00  0.00000000E+00  specid=0      wave=5126.6  IntFlux=True
# gaussian   0.00000000      0.00000000E+00  0.00000000E+00  specid=0      wave=5128.3  IntFlux=True

# Convolution Models:
#  vfwhm   73.100      
#
# Errors:
#
# vfwhm   0.000      

# Shift Models:
#  Ashift   0.0000000      
#
# Errors:
#
# Ashift   0.0000000      


###################################################
#                                                 #
#          HERE IS A COPY OF THE INPUT MODEL      #
#                                                 #
###################################################
#
#   run blind False
#   run nsubpix 20
#   chisq ftol 1.0E-10
#   chisq atol 0.001
#   chisq miniter 10
#   chisq maxiter 1000
#   out fits False
#   out plots J0608_CII_5107to5126.pdf
#   plot dims 3x3
#   plot labels True
#   plot fits False
#   data read
#     ../../j0608/data/spec/J0608_ALIS.ascii   specid=0   fitrange=[5107,5135]   loadrange=[5100,5140]   resolution=vfwhm(73.1)   columns=[wave,flux,error]       label=CII_5133to5151
#   data end
#   model read
#   lim gaussian amplitude [None,None]
#   fix vfwhm value True
#   fix gaussian dispersion False
#   emission
#       legendre 30   0.01    scale=[1.0,1.0]   specid=0    continuum=True
#       gaussian    30    0.0008    20   wave=5121.5   specid=0    IntFlux=True
#       gaussian    5    0.0008    20   wave=5123.9   specid=0    IntFlux=True
#       gaussian    5    0.0008    20   wave=5126.6   specid=0    IntFlux=True
#       gaussian    5    0.0008    20   wave=5128.3   specid=0    IntFlux=True
#   model end
#

