#
#  Generated by ALIS on 27/06/18 at 10:12:12
#
#   Running Time (hrs)  = 0.001371
#   Initial Chi-Squared = 5515.691507
#   Bestfit Chi-Squared = 903.966959
#   Degrees-of-Freedom  = 28
#   Num. of Iterations  = 33
#   Convergence Reason  = The relative reduction in the sum of squares is less than atol

run blind False
run nsubpix 20
chisq ftol 1.0E-10
chisq atol 0.001
chisq miniter 10
chisq maxiter 1000
out fits False
out plots J0608_dec2017_heI_3889.pdf
plot dims 3x3
plot labels True
plot fits False

data read
  ../../j0608/data/spec/J0608_ALIS.ascii  specid=0  fitrange=[3888.,3898.]  loadrange=[3887.,3900.]  resolution=vfwhm(75.000vtie)  columns=[wave,flux,error]  label=HeI_3889
data end

model read
lim gaussian amplitude [None,None]
fix vfwhm value True
 emission
  legendre   50.95228255LEG      -0.70119734      specid=0  continuum=True    scale=1.0,1.0
  gaussian   amplitude=208.00193265      redshift=0.00104850      dispersion=32.03666039      specid=0      wave=3888.8  IntFlux=True
  gaussian   amplitude=-131.49886020      redshift=9.50462041E-04  dispersion=36.68366252      specid=0      wave=3888.8  IntFlux=True
model end

#
# Errors:
#
#emission
# legendre   0.00000000LEG      0.30217351      specid=0  continuum=True    scale=1.0,1.0
# gaussian   amplitude=1351.69191955      redshift=0.00013978      dispersion=15.62717422      specid=0      wave=3888.8  IntFlux=True
# gaussian   amplitude=1351.83453481      redshift=7.96248658E-04  dispersion=46.05022355      specid=0      wave=3888.8  IntFlux=True

# Convolution Models:
#  vfwhm   75.000vtie      
#
# Errors:
#
# vfwhm   0.000vtie      

# Shift Models:
#  Ashift   0.0000000      
#
# Errors:
#
# Ashift   0.0000000      


###################################################
#                                                 #
#          HERE IS A COPY OF THE INPUT MODEL      #
#                                                 #
###################################################
#
#   run blind False
#   run nsubpix 20
#   chisq ftol 1.0E-10
#   chisq atol 0.001
#   chisq miniter 10
#   chisq maxiter 1000
#   out fits False
#   out plots J0608_dec2017_heI_3889.pdf
#   plot dims 3x3
#   plot labels True
#   plot fits False
#   data read
#     ../../j0608/data/spec/J0608_ALIS.ascii   specid=0   fitrange=[3888.,3898.]   loadrange=[3887.,3900.]   resolution=vfwhm(75.0vtie)   columns=[wave,flux,error]       label=HeI_3889
#   data end
#   model read
#   lim gaussian amplitude [None,None]
#   fix vfwhm value True
#   emission
#       legendre 50.95228255LEG   0.01    scale=[1.0,1.0]   specid=0    continuum=True
#       gaussian 85.47849631   0.001108311   20.0   wave=3888.8 specid=0    IntFlux=True
#       gaussian amplitude=-30   redshift=0.00088    dispersion=20    wave=3888.8    specid=0    IntFlux=True      
#   model end
#

