#
#  Generated by ALIS on 03/07/18 at 13:11:08
#
#   Running Time (hrs)  = 0.001572
#   Initial Chi-Squared = 241.895695
#   Bestfit Chi-Squared = 11.114264
#   Degrees-of-Freedom  = 7
#   Num. of Iterations  = 6
#   Convergence Reason  = The relative reduction in the sum of squares is less than atol

run blind False
run nsubpix 20
chisq ftol 1.0E-10
chisq atol 0.001
chisq miniter 10
chisq maxiter 1000
out fits False
out plots J0608_CII_4867.pdf
plot dims 3x3
plot labels True
plot fits False

data read
  ../../j0608/data/spec/J0608_ALIS.ascii  specid=0  fitrange=[4870.3,4874.5]  loadrange=[4869.,4876]  resolution=vfwhm(75.000vtie)  columns=[wave,flux,error]  label=HeI_4713
data end

model read
lim gaussian amplitude [None,None]
fix vfwhm value True
fix gaussian dispersion False
 emission
  legendre   32.66350815      -0.47878782      specid=0  continuum=True    scale=1.0,1.0
  gaussian   12.67925939      7.54817859E-04  19.65802591      specid=0      wave=4868.5  IntFlux=True
model end

#
# Errors:
#
#emission
# legendre   0.16555915      0.68239354      specid=0  continuum=True    scale=1.0,1.0
# gaussian   0.64105333      4.21892263E-06  3.00476965      specid=0      wave=4868.5  IntFlux=True

# Convolution Models:
#  vfwhm   75.000vtie      
#
# Errors:
#
# vfwhm   0.000vtie      

# Shift Models:
#  Ashift   0.0000000      
#
# Errors:
#
# Ashift   0.0000000      


###################################################
#                                                 #
#          HERE IS A COPY OF THE INPUT MODEL      #
#                                                 #
###################################################
#
#   run blind False
#   run nsubpix 20
#   chisq ftol 1.0E-10
#   chisq atol 0.001
#   chisq miniter 10
#   chisq maxiter 1000
#   out fits False
#   out plots J0608_CII_4867.pdf
#   plot dims 3x3
#   plot labels True
#   plot fits False
#   data read
#     ../../j0608/data/spec/J0608_ALIS.ascii   specid=0   fitrange=[4870.3,4874.5]   loadrange=[4869.,4876]   resolution=vfwhm(75.0vtie)   columns=[wave,flux,error]       label=HeI_4713
#   data end
#   model read
#   lim gaussian amplitude [None,None]
#   fix vfwhm value True
#   fix gaussian dispersion False
#   emission
#       legendre 32   0.01    scale=[1.0,1.0]   specid=0    continuum=True
#       gaussian 15   0.0008   20   wave=4868.5   specid=0    IntFlux=True
#   model end
#

