#
#  Generated by ALIS on 12/07/18 at 14:32:57
#
#   Running Time (hrs)  = 0.001441
#   Initial Chi-Squared = 177055.206657
#   Bestfit Chi-Squared = 465.071464
#   Degrees-of-Freedom  = 84
#   Num. of Iterations  = 34
#   Convergence Reason  = The relative reduction in the sum of squares is less than atol

run blind False
run nsubpix 20
chisq ftol 1.0E-10
chisq atol 0.001
chisq miniter 10
chisq maxiter 1000
out fits False
out plots J0608_CII_8029to8077.pdf
plot dims 3x3
plot labels True
plot fits False

data read
  ../../j0608/data/spec/J0608_ALIS.ascii  specid=0  fitrange=[8030,8093]  loadrange=[8025,8097]  resolution=vfwhm(73.100)  columns=[wave,flux,error]  label=HeI_7281.3
data end

model read
lim gaussian amplitude [None,None]
fix vfwhm value True
fix gaussian dispersion False
 emission
  legendre   7.34164636      -0.17917179      specid=0  continuum=True    scale=1.0,1.0
  gaussian   1.02599655      7.88678025E-04  1.00000000E-20  specid=0      wave=8031.1  IntFlux=True
  gaussian   9.45790869      9.03518904E-04  55.22981789      specid=0      wave=8039.9  IntFlux=True
  gaussian   -0.37178759      8.81974297E-04  1.00000000E-20  specid=0      wave=8041.6  IntFlux=True
  gaussian   2.52334440      7.53497006E-04  12.42052550      specid=0      wave=8050.5  IntFlux=True
  gaussian   0.49298283      0.00114790      0.48098301      specid=0      wave=8064.3  IntFlux=True
  gaussian   6.15823305      7.43910475E-04  19.26341886      specid=0      wave=8065.0  IntFlux=True
  gaussian   6.31397951      7.89202280E-04  3.10036577      specid=0      wave=8078.8  IntFlux=True
model end

#
# Errors:
#
#emission
# legendre   0.01274093      0.02734809      specid=0  continuum=True    scale=1.0,1.0
# gaussian   0.00000000      0.00000000E+00  0.00000000E+00  specid=0      wave=8031.1  IntFlux=True
# gaussian   0.27559002      6.26332755E-06  2.24752309      specid=0      wave=8039.9  IntFlux=True
# gaussian   0.00000000      0.00000000E+00  0.00000000E+00  specid=0      wave=8041.6  IntFlux=True
# gaussian   0.18611544      9.13147241E-06  7.62058230      specid=0      wave=8050.5  IntFlux=True
# gaussian   377.39816830      0.00265370      2391.42399924      specid=0      wave=8064.3  IntFlux=True
# gaussian   0.41482370      9.29664794E-06  4.76325651      specid=0      wave=8065.0  IntFlux=True
# gaussian   0.20650717      3.59833447E-06  11.36973317      specid=0      wave=8078.8  IntFlux=True

# Convolution Models:
#  vfwhm   73.100      
#
# Errors:
#
# vfwhm   0.000      

# Shift Models:
#  Ashift   0.0000000      
#
# Errors:
#
# Ashift   0.0000000      


###################################################
#                                                 #
#          HERE IS A COPY OF THE INPUT MODEL      #
#                                                 #
###################################################
#
#   run blind False
#   run nsubpix 20
#   chisq ftol 1.0E-10
#   chisq atol 0.001
#   chisq miniter 10
#   chisq maxiter 1000
#   out fits False
#   out plots J0608_CII_8029to8077.pdf
#   plot dims 3x3
#   plot labels True
#   plot fits False
#   data read
#     ../../j0608/data/spec/J0608_ALIS.ascii   specid=0   fitrange=[8030,8093]   loadrange=[8025,8097]   resolution=vfwhm(73.1)   columns=[wave,flux,error]       label=HeI_7281.3
#   data end
#   model read
#   lim gaussian amplitude [None,None]
#   fix vfwhm value True
#   fix gaussian dispersion False
#   emission
#       legendre 10   0.01    scale=[1.0,1.0]   specid=0    continuum=True
#       gaussian    5    0.0008    20   wave=8031.1   specid=0    IntFlux=True
#       gaussian    25    0.0008    20   wave=8039.9   specid=0    IntFlux=True
#       gaussian    5    0.0008    20   wave=8041.6   specid=0    IntFlux=True
#       gaussian    5    0.0008    20   wave=8050.5   specid=0    IntFlux=True
#       gaussian    5    0.0008    20   wave=8064.3   specid=0    IntFlux=True
#       gaussian    25    0.0008    20   wave=8065.0   specid=0    IntFlux=True
#       gaussian    25    0.0008    20   wave=8078.8   specid=0    IntFlux=True
#   model end
#

