#
#  Generated by ALIS on 11/07/18 at 14:22:35
#
#   Running Time (hrs)  = 0.001588
#   Initial Chi-Squared = 5035.957282
#   Bestfit Chi-Squared = 41.012540
#   Degrees-of-Freedom  = 17
#   Num. of Iterations  = 29
#   Convergence Reason  = The relative reduction in the sum of squares is less than atol

run blind False
run nsubpix 20
chisq ftol 1.0E-10
chisq atol 0.001
chisq miniter 10
chisq maxiter 1000
out fits TestCII.fits
out plots J0608_cII_4409to4413.pdf
plot dims 3x3
plot labels True
plot fits False

data read
  ../../j0608/data/spec/J0608_ALIS.ascii  specid=0  fitrange=[4411,4424]  loadrange=[4408,4427]  resolution=vfwhm(73.100)  columns=[wave,flux,error]  label=CII4409to4413+OII4415ti4417
data end

model read
lim gaussian amplitude [None,None]
fix vfwhm value True
fix gaussian dispersion False
 emission
  legendre   42.87529758      0.11652912      specid=0  continuum=True    scale=1.0,1.0
  gaussian   2.54151604      7.51754117E-04  1.00000000E-20  specid=0      wave=4410.4  IntFlux=True
  gaussian   5.10568106      6.47467932E-04  0.49777292      specid=0      wave=4411.2  IntFlux=True
  gaussian   16.94550554      8.24087336E-04  23.32691300      specid=0      wave=4412.4  IntFlux=True
  gaussian   5.48861571      5.02693650E-04  1.30106481      specid=0      wave=4412.7  IntFlux=True
  gaussian   0.43428392      6.79258089E-04  1.00000000E-20  specid=0      wave=4414.5  IntFlux=True
  gaussian   -16.38502392      6.79761542E-04  18.80399127      specid=0      wave=4416.14  IntFlux=True
  gaussian   -16.20938140      6.88845604E-04  29.65758750      specid=0      wave=4418.215  IntFlux=True
model end

#
# Errors:
#
#emission
# legendre   0.10199626      0.25583958      specid=0  continuum=True    scale=1.0,1.0
# gaussian   0.00000000      0.00000000E+00  0.00000000E+00  specid=0      wave=4410.4  IntFlux=True
# gaussian   1020.75247477      8.85398371E-04  674.92378641      specid=0      wave=4411.2  IntFlux=True
# gaussian   3.78142445      2.98268128E-05  7.53275255      specid=0      wave=4412.4  IntFlux=True
# gaussian   10.67003553      9.42812744E-05  616.33057636      specid=0      wave=4412.7  IntFlux=True
# gaussian   0.00000000      0.00000000E+00  0.00000000E+00  specid=0      wave=4414.5  IntFlux=True
# gaussian   0.40040254      2.76980737E-06  1.77408192      specid=0      wave=4416.14  IntFlux=True
# gaussian   0.52727587      3.58983151E-06  1.91637663      specid=0      wave=4418.215  IntFlux=True

# Convolution Models:
#  vfwhm   73.100      
#
# Errors:
#
# vfwhm   0.000      

# Shift Models:
#  Ashift   0.0000000      
#
# Errors:
#
# Ashift   0.0000000      


###################################################
#                                                 #
#          HERE IS A COPY OF THE INPUT MODEL      #
#                                                 #
###################################################
#
#   run blind False
#   run nsubpix 20
#   chisq ftol 1.0E-10
#   chisq atol 0.001
#   chisq miniter 10
#   chisq maxiter 1000
#   out fits TestCII.fits
#   out plots J0608_cII_4409to4413.pdf
#   plot dims 3x3
#   plot labels True
#   plot fits False
#   data read
#     ../../j0608/data/spec/J0608_ALIS.ascii   specid=0   fitrange=[4411,4424]   loadrange=[4408,4427]   resolution=vfwhm(73.1)   columns=[wave,flux,error]       label=CII4409to4413+OII4415ti4417
#   data end
#   model read
#   lim gaussian amplitude [None,None]
#   fix vfwhm value True
#   fix gaussian dispersion False
#   emission
#       legendre 40.0   0.01    scale=[1.0,1.0]   specid=0    continuum=True
#       gaussian    1.0    0.0008    20   wave=4410.4 specid=0    IntFlux=True
#       gaussian    10.0    0.0008    20   wave=4411.2 specid=0    IntFlux=True
#       gaussian    10.0    0.0008    20   wave=4412.4 specid=0    IntFlux=True
#       gaussian    2.0    0.0008    20   wave=4412.7 specid=0    IntFlux=True
#       gaussian    0.5    0.0008    20   wave=4414.5 specid=0    IntFlux=True
#       gaussian    -10    0.0008    20   wave=4416.14 specid=0    IntFlux=True
#       gaussian    -10    0.0008    20   wave=4418.215 specid=0    IntFlux=True
#   model end
#

