#
#  Generated by ALIS on 27/06/18 at 10:28:56
#
#   Running Time (hrs)  = 0.008963
#   Initial Chi-Squared = 19300.257535
#   Bestfit Chi-Squared = 268.170757
#   Degrees-of-Freedom  = 27
#   Num. of Iterations  = 42
#   Convergence Reason  = The relative reduction in the sum of squares is less than atol

run blind False
run nsubpix 20
chisq ftol 1.0E-10
chisq atol 0.001
chisq miniter 10
chisq maxiter 1000
out fits TestCII.fits
out plots J0608_HeI_4471.pdf
plot dims 3x3
plot labels True
plot fits False

data read
  ../../j0608/data/spec/J0608_ALIS.ascii  specid=0  fitrange=[4470,4482]  loadrange=[4466,4490]  resolution=vfwhm(80.536vtie)  columns=[wave,flux,error]  label=HBeta
data end

model read
lim gaussian amplitude [None,None]
fix vfwhm value False
fix gaussian dispersion False
 emission
  legendre   38.76150896      7.09246529      specid=0  continuum=True    scale=1.0,1.0
  gaussian   amplitude=109.19890187      redshift=0.00106025      dispersion=31.53309417      specid=0      wave=4471.5  IntFlux=True
  gaussian   amplitude=-100.46678529      redshift=9.70615563E-04  dispersion=34.66348842      specid=0      wave=4471.5  IntFlux=True
model end

#
# Errors:
#
#emission
# legendre   0.69539418      0.25568911      specid=0  continuum=True    scale=1.0,1.0
# gaussian   amplitude=5206.32950176      redshift=0.00136291      dispersion=269113.06744807      specid=0      wave=4471.5  IntFlux=True
# gaussian   amplitude=5206.60326849      redshift=3.19239846E-03  dispersion=244588.39669908      specid=0      wave=4471.5  IntFlux=True

# Convolution Models:
#  vfwhm   80.536vtie      
#
# Errors:
#
# vfwhm   583650.342vtie      

# Shift Models:
#  Ashift   0.0000000      
#
# Errors:
#
# Ashift   0.0000000      


###################################################
#                                                 #
#          HERE IS A COPY OF THE INPUT MODEL      #
#                                                 #
###################################################
#
#   run blind False
#   run nsubpix 20
#   chisq ftol 1.0E-10
#   chisq atol 0.001
#   chisq miniter 10
#   chisq maxiter 1000
#   out fits TestCII.fits
#   out plots J0608_HeI_4471.pdf
#   plot dims 3x3
#   plot labels True
#   plot fits False
#   data read
#     ../../j0608/data/spec/J0608_ALIS.ascii   specid=0   fitrange=[4470,4482]   loadrange=[4466,4490]   resolution=vfwhm(75.0vtie)   columns=[wave,flux,error]       label=HBeta
#   data end
#   model read
#   lim gaussian amplitude [None,None]
#   fix vfwhm value False
#   fix gaussian dispersion False
#   emission
#       legendre 31.0   0.01    scale=[1.0,1.0]   specid=0    continuum=True
#       gaussian amplitude=30.0   redshift=0.00118049   dispersion=29.76811174   wave=4471.5 specid=0    IntFlux=True
#       gaussian amplitude=-15 redshift=0.00088 dispersion=30 wave=4471.5 specid=0 IntFlux=True
#   model end
#

