#
#  Generated by ALIS on 12/07/18 at 12:51:17
#
#   Running Time (hrs)  = 0.001242
#   Initial Chi-Squared = 9828.758019
#   Bestfit Chi-Squared = 706.791352
#   Degrees-of-Freedom  = 37
#   Num. of Iterations  = 28
#   Convergence Reason  = The relative reduction in the sum of squares is less than atol

run blind False
run nsubpix 20
chisq ftol 1.0E-10
chisq atol 0.001
chisq miniter 10
chisq maxiter 1000
out fits False
out plots J0608_CII_5369.pdf
plot dims 3x3
plot labels True
plot fits False

data read
  ../../j0608/data/spec/J0608_ALIS.ascii  specid=0  fitrange=[5367,5386]  loadrange=[5360,5392]  resolution=vfwhm(73.100)  columns=[wave,flux,error]  label=CII
data end

model read
lim gaussian amplitude [None,None]
fix vfwhm value True
fix gaussian dispersion False
 emission
  legendre   26.28316367      0.83821889      specid=0  continuum=True    scale=1.0,1.0
  gaussian   23.49453936      6.63578354E-04  60.56293775      specid=0      wave=5369.83  IntFlux=True
  gaussian   4.90530044      0.00139214      1.00000000E-20  specid=0      wave=5369.94  IntFlux=True
  gaussian   -8.66078858      4.50985919E-04  22.25103408      specid=0      wave=5370.03  IntFlux=True
model end

#
# Errors:
#
#emission
# legendre   0.05463003      0.18133456      specid=0  continuum=True    scale=1.0,1.0
# gaussian   3.85174332      3.16594808E-05  3.75800666      specid=0      wave=5369.83  IntFlux=True
# gaussian   0.00000000      0.00000000      0.00000000E+00  specid=0      wave=5369.94  IntFlux=True
# gaussian   3.59473622      1.21098110E-05  9.50285451      specid=0      wave=5370.03  IntFlux=True

# Convolution Models:
#  vfwhm   73.100      
#
# Errors:
#
# vfwhm   0.000      

# Shift Models:
#  Ashift   0.0000000      
#
# Errors:
#
# Ashift   0.0000000      


###################################################
#                                                 #
#          HERE IS A COPY OF THE INPUT MODEL      #
#                                                 #
###################################################
#
#   run blind False
#   run nsubpix 20
#   chisq ftol 1.0E-10
#   chisq atol 0.001
#   chisq miniter 10
#   chisq maxiter 1000
#   out fits False
#   out plots J0608_CII_5369.pdf
#   plot dims 3x3
#   plot labels True
#   plot fits False
#   data read
#     ../../j0608/data/spec/J0608_ALIS.ascii   specid=0   fitrange=[5367,5386]   loadrange=[5360,5392]   resolution=vfwhm(73.1)   columns=[wave,flux,error]       label=CII
#   data end
#   model read
#   lim gaussian amplitude [None,None]
#   fix vfwhm value True
#   fix gaussian dispersion False
#   emission
#       legendre 25   0.01    scale=[1.0,1.0]   specid=0    continuum=True
#       gaussian    25    0.0008    20   wave=5369.83   specid=0    IntFlux=True
#       gaussian    5    0.0008    20   wave=5369.94   specid=0    IntFlux=True
#       gaussian    10    0.0008    20   wave=5370.03   specid=0    IntFlux=True
#   model end
#

