#
#  Generated by ALIS on 27/06/18 at 12:27:29
#
#   Running Time (hrs)  = 0.000462
#   Initial Chi-Squared = 1479.801080
#   Bestfit Chi-Squared = 4.088386
#   Degrees-of-Freedom  = 7
#   Num. of Iterations  = 8
#   Convergence Reason  = The relative reduction in the sum of squares is less than atol

run blind False
run nsubpix 20
chisq ftol 1.0E-10
chisq atol 0.001
chisq miniter 10
chisq maxiter 1000
out fits False
out plots J0608_HGamma.pdf
plot dims 3x3
plot labels True
plot fits False

data read
  ../../j0608/data/spec/J0608_ALIS.ascii  specid=0  fitrange=[4343.,4347.]  loadrange=[4342.,4348]  resolution=vfwhm(75.000vtie)  columns=[wave,flux,error]  label=H-gamma
data end

model read
lim gaussian amplitude [None,None]
fix vfwhm value True
fix gaussian dispersion False
 emission
  legendre   44.70853950      0.97361931      specid=0  continuum=True    scale=1.0,1.0
  gaussian   13.32376329      0.00106227      12.34896758      specid=0      wave=4340.5  IntFlux=True
model end

#
# Errors:
#
#emission
# legendre   0.19305768      0.82594374      specid=0  continuum=True    scale=1.0,1.0
# gaussian   0.63076546      0.00000391      3.91383225      specid=0      wave=4340.5  IntFlux=True

# Convolution Models:
#  vfwhm   75.000vtie      
#
# Errors:
#
# vfwhm   0.000vtie      

# Shift Models:
#  Ashift   0.0000000      
#
# Errors:
#
# Ashift   0.0000000      


###################################################
#                                                 #
#          HERE IS A COPY OF THE INPUT MODEL      #
#                                                 #
###################################################
#
#   run blind False
#   run nsubpix 20
#   chisq ftol 1.0E-10
#   chisq atol 0.001
#   chisq miniter 10
#   chisq maxiter 1000
#   out fits False
#   out plots J0608_HGamma.pdf
#   plot dims 3x3
#   plot labels True
#   plot fits False
#   data read
#     ../../j0608/data/spec/J0608_ALIS.ascii   specid=0   fitrange=[4343.,4347.]   loadrange=[4342.,4348]   resolution=vfwhm(75.0vtie)   columns=[wave,flux,error]       label=H-gamma
#   data end
#   model read
#   lim gaussian amplitude [None,None]
#   fix vfwhm value True
#   fix gaussian dispersion False
#   emission
#       legendre 50   0.01    scale=[1.0,1.0]   specid=0    continuum=True
#       gaussian 5   0.0011   20   wave=4340.5   specid=0    IntFlux=True
#   model end
#

