#
#  Generated by ALIS on 12/07/18 at 12:33:40
#
#   Running Time (hrs)  = 0.002219
#   Initial Chi-Squared = 10479.076053
#   Bestfit Chi-Squared = 39.562873
#   Degrees-of-Freedom  = 29
#   Num. of Iterations  = 51
#   Convergence Reason  = The relative reduction in the sum of squares is less than atol

run blind False
run nsubpix 20
chisq ftol 1.0E-10
chisq atol 0.001
chisq miniter 10
chisq maxiter 1000
out fits False
out plots J0608_CII_5250to5260.pdf
plot dims 3x3
plot labels True
plot fits False

data read
  ../../j0608/data/spec/J0608_ALIS.ascii  specid=0  fitrange=[5250,5270]  loadrange=[5245,5275]  resolution=vfwhm(73.100)  columns=[wave,flux,error]  label=CII
data end

model read
lim gaussian amplitude [None,None]
fix vfwhm value True
fix gaussian dispersion False
 emission
  legendre   26.21400819      0.79166592      specid=0  continuum=True    scale=1.0,1.0
  gaussian   2.11285694      7.49700129E-04  0.30552211      specid=0      wave=5250.989  IntFlux=True
  gaussian   0.84913225      8.84811610E-04  26.41426304      specid=0      wave=5251.45  IntFlux=True
  gaussian   1.62684516      7.78338871E-04  0.38742794      specid=0      wave=5255.02  IntFlux=True
  gaussian   2.00981648      8.01309318E-04  0.42265133      specid=0      wave=5257.55  IntFlux=True
  gaussian   7.31916916      7.76257463E-04  0.51002980      specid=0      wave=5258.7  IntFlux=True
  gaussian   4.56341876      7.52290094E-04  0.46639374      specid=0      wave=5260.5  IntFlux=True
  gaussian   10.66589284      7.60804438E-04  23.03806572      specid=0      wave=5261.22  IntFlux=True
model end

#
# Errors:
#
#emission
# legendre   0.05183843      0.12545197      specid=0  continuum=True    scale=1.0,1.0
# gaussian   7390.32433504      2.60244504E-02  3889.10233294      specid=0      wave=5250.989  IntFlux=True
# gaussian   2.71896016      4.57071372E-04  109.55618575      specid=0      wave=5251.45  IntFlux=True
# gaussian   485.27300415      1.09793704E-03  359.66766387      specid=0      wave=5255.02  IntFlux=True
# gaussian   387.03584715      5.04477731E-03  2020.42305989      specid=0      wave=5257.55  IntFlux=True
# gaussian   1968.80533555      1.03628092E-03  1340.22769444      specid=0      wave=5258.7  IntFlux=True
# gaussian   4150.67674644      6.89708939E-03  3112.37204684      specid=0      wave=5260.5  IntFlux=True
# gaussian   24.71544202      2.48480241E-04  36.92195399      specid=0      wave=5261.22  IntFlux=True

# Convolution Models:
#  vfwhm   73.100      
#
# Errors:
#
# vfwhm   0.000      

# Shift Models:
#  Ashift   0.0000000      
#
# Errors:
#
# Ashift   0.0000000      


###################################################
#                                                 #
#          HERE IS A COPY OF THE INPUT MODEL      #
#                                                 #
###################################################
#
#   run blind False
#   run nsubpix 20
#   chisq ftol 1.0E-10
#   chisq atol 0.001
#   chisq miniter 10
#   chisq maxiter 1000
#   out fits False
#   out plots J0608_CII_5250to5260.pdf
#   plot dims 3x3
#   plot labels True
#   plot fits False
#   data read
#     ../../j0608/data/spec/J0608_ALIS.ascii   specid=0   fitrange=[5250,5270]   loadrange=[5245,5275]   resolution=vfwhm(73.1)   columns=[wave,flux,error]       label=CII
#   data end
#   model read
#   lim gaussian amplitude [None,None]
#   fix vfwhm value True
#   fix gaussian dispersion False
#   emission
#       legendre 23   0.01    scale=[1.0,1.0]   specid=0    continuum=True
#       gaussian    2    0.0008    20   wave=5250.989   specid=0    IntFlux=True
#       gaussian    5    0.0008    20   wave=5251.45   specid=0    IntFlux=True
#       gaussian    5    0.0008    20   wave=5255.02   specid=0    IntFlux=True
#       gaussian    1    0.0008    20   wave=5257.55   specid=0    IntFlux=True
#       gaussian    6    0.0008    20   wave=5258.70   specid=0    IntFlux=True
#       gaussian    6    0.0008    20   wave=5260.5   specid=0    IntFlux=True
#       gaussian    15    0.0008    20   wave=5261.22  specid=0    IntFlux=True
#   model end
#

