#
#  Generated by ALIS on 16/07/18 at 12:40:39
#
#   Running Time (hrs)  = 0.000417
#   Initial Chi-Squared = 8268.629638
#   Bestfit Chi-Squared = 23.800876
#   Degrees-of-Freedom  = 16
#   Num. of Iterations  = 7
#   Convergence Reason  = The relative reduction in the sum of squares is less than atol

run blind False
run nsubpix 20
chisq ftol 1.0E-10
chisq atol 0.001
chisq miniter 10
chisq maxiter 1000
out fits TestCII.fits
out plots J0608_cII_5696.pdf
plot dims 3x3
plot labels True
plot fits False

data read
  ../../j0608/data/spec/J0608_ALIS.ascii  specid=0  fitrange=[5697,5706]  loadrange=[5695,5710]  resolution=vfwhm(73.100vtie)  columns=[wave,flux,error]  label=CII5535+5538
data end

model read
lim gaussian amplitude [None,None]
fix vfwhm value True
fix gaussian dispersion False
 emission
  legendre   21.31121318      -0.23843753      specid=0  continuum=True    scale=1.0,1.0
  gaussian   9.33618085      8.49414380E-04  52.32321101      specid=0      wave=5697.5  IntFlux=True
model end

#
# Errors:
#
#emission
# legendre   0.08086562      0.23942631      specid=0  continuum=True    scale=1.0,1.0
# gaussian   0.54627944      7.50975853E-06  3.31963906      specid=0      wave=5697.5  IntFlux=True

# Convolution Models:
#  vfwhm   73.100vtie      
#
# Errors:
#
# vfwhm   0.000vtie      

# Shift Models:
#  Ashift   0.0000000      
#
# Errors:
#
# Ashift   0.0000000      


###################################################
#                                                 #
#          HERE IS A COPY OF THE INPUT MODEL      #
#                                                 #
###################################################
#
#   run blind False
#   run nsubpix 20
#   chisq ftol 1.0E-10
#   chisq atol 0.001
#   chisq miniter 10
#   chisq maxiter 1000
#   out fits TestCII.fits
#   out plots J0608_cII_5696.pdf
#   plot dims 3x3
#   plot labels True
#   plot fits False
#   data read
#     ../../j0608/data/spec/J0608_ALIS.ascii   specid=0   fitrange=[5697,5706]   loadrange=[5695,5710]   resolution=vfwhm(73.1vtie)   columns=[wave,flux,error]       label=CII5535+5538
#   data end
#   model read
#   lim gaussian amplitude [None,None]
#   fix vfwhm value True
#   fix gaussian dispersion False
#   emission
#       legendre 25.0   0.01    scale=[1.0,1.0]   specid=0    continuum=True
#       gaussian    4.0    0.0008    35.962   wave=5697.50 specid=0    IntFlux=True
#   model end
#

