#
#  Generated by ALIS on 11/07/18 at 11:07:32
#
#   Running Time (hrs)  = 0.000623
#   Initial Chi-Squared = 21614.937384
#   Bestfit Chi-Squared = 68.133456
#   Degrees-of-Freedom  = 17
#   Num. of Iterations  = 8
#   Convergence Reason  = The relative reduction in the sum of squares is less than atol

run blind False
run nsubpix 20
chisq ftol 1.0E-10
chisq atol 0.001
chisq miniter 10
chisq maxiter 1000
out fits TestCII.fits
out plots J0608_cII_3919_3920.pdf
plot dims 3x3
plot labels True
plot fits True

data read
  ../../j0608/data/spec/J0608_ALIS.ascii  specid=0  fitrange=[3920,3927.1]  loadrange=[3918,3940]  resolution=vfwhm(73.170)  columns=[wave,flux,error]  label=CII3919+3920+?
data end

model read
lim gaussian amplitude [None,None]
fix vfwhm value True
fix gaussian dispersion False
 emission
  legendre   57.46488619      9.47663044      specid=0  continuum=True    scale=1.0,1.0
  gaussian   56.70688311      8.16439386E-04  6.09193178      specid=0      wave=3920.1  IntFlux=True
  gaussian   85.28829805      8.42782634E-04  21.24468951      specid=0      wave=3921.8  IntFlux=True
model end

#
# Errors:
#
#emission
# legendre   0.44392209      0.93784769      specid=0  continuum=True    scale=1.0,1.0
# gaussian   0.57590471      1.09454135E-06  1.81424524      specid=0      wave=3920.1  IntFlux=True
# gaussian   0.81106611      9.81189521E-07  0.61565959      specid=0      wave=3921.8  IntFlux=True

# Convolution Models:
#  vfwhm   73.170      
#
# Errors:
#
# vfwhm   0.000      

# Shift Models:
#  Ashift   0.0000000      
#
# Errors:
#
# Ashift   0.0000000      


###################################################
#                                                 #
#          HERE IS A COPY OF THE INPUT MODEL      #
#                                                 #
###################################################
#
#   run blind False
#   run nsubpix 20
#   chisq ftol 1.0E-10
#   chisq atol 0.001
#   chisq miniter 10
#   chisq maxiter 1000
#   out fits TestCII.fits
#   out plots J0608_cII_3919_3920.pdf
#   plot dims 3x3
#   plot labels True
#   plot fits True
#   data read
#     ../../j0608/data/spec/J0608_ALIS.ascii   specid=0   fitrange=[3920,3927.1]   loadrange=[3918,3940]   resolution=vfwhm(73.17)   columns=[wave,flux,error]       label=CII3919+3920+?
#   data end
#   model read
#   lim gaussian amplitude [None,None]
#   fix vfwhm value True
#   fix gaussian dispersion False
#   emission
#       legendre 50.0   0.01    scale=[1.0,1.0]   specid=0    continuum=True
#       gaussian 30.0   0.0008   35.962   wave=3920.1 specid=0    IntFlux=True
#       gaussian 50.0   0.0008   35.962   wave=3921.8 specid=0    IntFlux=True
#   model end
#

