#
#  Generated by ALIS on 02/07/18 at 15:12:37
#
#   Running Time (hrs)  = 0.000680
#   Initial Chi-Squared = 7751.285552
#   Bestfit Chi-Squared = 469.057759
#   Degrees-of-Freedom  = 19
#   Num. of Iterations  = 7
#   Convergence Reason  = The relative reduction in the sum of squares is less than atol

run blind False
run nsubpix 20
chisq ftol 1.0E-10
chisq atol 0.001
chisq miniter 10
chisq maxiter 1000
out fits False
out plots J0608_halpha.pdf
plot dims 3x3
plot labels True
plot fits True

data read
  ../../j0608/data/spec/J0608_ALIS.ascii  specid=0  fitrange=[6563.0,6574.7]  loadrange=[6560.0,6577.0]  resolution=vfwhm(75.000vtie)  columns=[wave,flux,error]  label=Halpha
data end

model read
lim gaussian amplitude [None,None]
fix vfwhm value True
 emission
  legendre   16.17892731      1.90169100      specid=0  continuum=True    scale=1.0,1.0
  gaussian   88.62726604      7.63503287E-04  13.77927188      specid=0      wave=6564.614  IntFlux=True
model end

#
# Errors:
#
#emission
# legendre   0.04108973      0.15716274      specid=0  continuum=True    scale=1.0,1.0
# gaussian   0.56235252      8.00671642E-07  0.56966784      specid=0      wave=6564.614  IntFlux=True

# Convolution Models:
#  vfwhm   75.000vtie      
#
# Errors:
#
# vfwhm   0.000vtie      

# Shift Models:
#  Ashift   0.0000000      
#
# Errors:
#
# Ashift   0.0000000      


###################################################
#                                                 #
#          HERE IS A COPY OF THE INPUT MODEL      #
#                                                 #
###################################################
#
#   run blind False
#   run nsubpix 20
#   chisq ftol 1.0E-10
#   chisq atol 0.001
#   chisq miniter 10
#   chisq maxiter 1000
#   out fits False
#   out plots J0608_halpha.pdf
#   plot dims 3x3
#   plot labels True
#   plot fits True
#   data read
#     ../../j0608/data/spec/J0608_ALIS.ascii   specid=0   fitrange=[6563.0,6574.7]   loadrange=[6560.0,6577.0]   resolution=vfwhm(75.0vtie)   columns=[wave,flux,error]       label=Halpha
#   data end
#   model read
#   lim gaussian amplitude [None,None]
#   fix vfwhm value True
#   emission
#       legendre 15   0.01    scale=[1.0,1.0]   specid=0    continuum=True
#       gaussian 60.0   0.00075   35.0   wave=6564.614 specid=0    IntFlux=True
#   model end
#

